\BOOKMARK [1][-]{section.1}{Introduction}{}% 1
\BOOKMARK [1][-]{section.2}{Archival spectra of SN 1987A}{}% 2
\BOOKMARK [1][-]{section.3}{Description of the DAMOCLES code}{}% 3
\BOOKMARK [2][-]{subsection.3.1}{The energy packets formalism}{section.3}% 4
\BOOKMARK [2][-]{subsection.3.2}{The geometry of the ejecta and the grid}{section.3}% 5
\BOOKMARK [2][-]{subsection.3.3}{The radiative transport mechanism}{section.3}% 6
\BOOKMARK [2][-]{subsection.3.4}{Properties of the Dusty Medium}{section.3}% 7
\BOOKMARK [1][-]{section.4}{Comparison of DAMOCLES models with analytical and previously published results}{}% 8
\BOOKMARK [2][-]{subsection.4.1}{Comparison of DAMOCLES models with analytical results}{section.4}% 9
\BOOKMARK [2][-]{subsection.4.2}{Comparison of DAMOCLES models with previously published results}{section.4}% 10
\BOOKMARK [2][-]{subsection.4.3}{The sensitivity of the variable parameters}{section.4}% 11
\BOOKMARK [2][-]{subsection.4.4}{Inferring properties of the dust from the models}{section.4}% 12
\BOOKMARK [2][-]{subsection.4.5}{Observable signatures of dust in line profiles}{section.4}% 13
\BOOKMARK [1][-]{section.5}{Results}{}% 14
\BOOKMARK [2][-]{subsection.5.1}{Smooth Models of SN 1987A}{section.5}% 15
\BOOKMARK [2][-]{subsection.5.2}{Clumped Models of SN 1987A}{section.5}% 16
\BOOKMARK [2][-]{subsection.5.3}{Contamination of the the H profiles at days 704 and 806}{section.5}% 17
\BOOKMARK [2][-]{subsection.5.4}{The shoulder in the H line profile at day 806}{section.5}% 18
\BOOKMARK [2][-]{subsection.5.5}{Potential challenges at later epochs: days 1862, 2875 and 3604}{section.5}% 19
\BOOKMARK [1][-]{section.6}{Discussion}{}% 20
\BOOKMARK [1][-]{section.7}{Conclusions}{}% 21
\BOOKMARK [1][-]{section.A1}{}{}% 22
