This is pdfTeX, Version 3.14159265-2.6-1.40.15 (TeX Live 2014) (preloaded format=pdflatex 2015.3.17)  2 JUL 2015 16:33
entering extended mode
 restricted \write18 enabled.
 file:line:error style messages enabled.
 %&-line parsing enabled.
**87A_paper_rv.tex
(./87A_paper_rv.tex
LaTeX2e <2014/05/01>
Babel <3.9k> and hyphenation patterns for 78 languages loaded.
(./mnras.cls
Document Class: mnras 2015/05/14\ v3.0beta\ LaTeX2e MNRAS document class
MNRAS document style v3.0beta, released 2015/05/14

./mnras.cls:113: LaTeX Error: \RequirePackage or \LoadClass in Options Section.


See the LaTeX manual or LaTeX Companion for explanation.
Type  H <return>  for immediate help.
 ...                                              
                                                  
l.113 \ProcessOptions\relax
                           
? 
(/usr/local/texlive/2014/texmf-dist/tex/latex/geometry/geometry.sty
Package: geometry 2010/09/12 v5.6 Page Geometry

(/usr/local/texlive/2014/texmf-dist/tex/latex/graphics/keyval.sty
Package: keyval 2014/05/08 v1.15 key=value parser (DPC)
\KV@toks@=\toks14
)
(/usr/local/texlive/2014/texmf-dist/tex/generic/oberdiek/ifpdf.sty
Package: ifpdf 2011/01/30 v2.3 Provides the ifpdf switch (HO)
Package ifpdf Info: pdfTeX in PDF mode is detected.
)
(/usr/local/texlive/2014/texmf-dist/tex/generic/oberdiek/ifvtex.sty
Package: ifvtex 2010/03/01 v1.5 Detect VTeX and its facilities (HO)
Package ifvtex Info: VTeX not detected.
)
(/usr/local/texlive/2014/texmf-dist/tex/generic/ifxetex/ifxetex.sty
Package: ifxetex 2010/09/12 v0.6 Provides ifxetex conditional
)
\Gm@cnth=\count79
\Gm@cntv=\count80
\c@Gm@tempcnt=\count81
\Gm@bindingoffset=\dimen102
\Gm@wd@mp=\dimen103
\Gm@odd@mp=\dimen104
\Gm@even@mp=\dimen105
\Gm@layoutwidth=\dimen106
\Gm@layoutheight=\dimen107
\Gm@layouthoffset=\dimen108
\Gm@layoutvoffset=\dimen109
\Gm@dimlist=\toks15
)
(/usr/local/texlive/2014/texmf-dist/tex/latex/base/fixltx2e.sty
Package: fixltx2e 2014/05/13 v1.1q fixes to LaTeX
LaTeX Info: Redefining \em on input line 429.
)
(/usr/local/texlive/2014/texmf-dist/tex/latex/hyperref/hyperref.sty
Package: hyperref 2012/11/06 v6.83m Hypertext links for LaTeX

(/usr/local/texlive/2014/texmf-dist/tex/generic/oberdiek/hobsub-hyperref.sty
Package: hobsub-hyperref 2012/05/28 v1.13 Bundle oberdiek, subset hyperref (HO)


(/usr/local/texlive/2014/texmf-dist/tex/generic/oberdiek/hobsub-generic.sty
Package: hobsub-generic 2012/05/28 v1.13 Bundle oberdiek, subset generic (HO)
Package: hobsub 2012/05/28 v1.13 Construct package bundles (HO)
Package: infwarerr 2010/04/08 v1.3 Providing info/warning/error messages (HO)
Package: ltxcmds 2011/11/09 v1.22 LaTeX kernel commands for general use (HO)
Package: ifluatex 2010/03/01 v1.3 Provides the ifluatex switch (HO)
Package ifluatex Info: LuaTeX not detected.
Package hobsub Info: Skipping package `ifvtex' (already loaded).
Package: intcalc 2007/09/27 v1.1 Expandable calculations with integers (HO)
Package hobsub Info: Skipping package `ifpdf' (already loaded).
Package: etexcmds 2011/02/16 v1.5 Avoid name clashes with e-TeX commands (HO)
Package etexcmds Info: Could not find \expanded.
(etexcmds)             That can mean that you are not using pdfTeX 1.50 or
(etexcmds)             that some package has redefined \expanded.
(etexcmds)             In the latter case, load this package earlier.
Package: kvsetkeys 2012/04/25 v1.16 Key value parser (HO)
Package: kvdefinekeys 2011/04/07 v1.3 Define keys (HO)
Package: pdftexcmds 2011/11/29 v0.20 Utility functions of pdfTeX for LuaTeX (HO
)
Package pdftexcmds Info: LuaTeX not detected.
Package pdftexcmds Info: \pdf@primitive is available.
Package pdftexcmds Info: \pdf@ifprimitive is available.
Package pdftexcmds Info: \pdfdraftmode found.
Package: pdfescape 2011/11/25 v1.13 Implements pdfTeX's escape features (HO)
Package: bigintcalc 2012/04/08 v1.3 Expandable calculations on big integers (HO
)
Package: bitset 2011/01/30 v1.1 Handle bit-vector datatype (HO)
Package: uniquecounter 2011/01/30 v1.2 Provide unlimited unique counter (HO)
)
Package hobsub Info: Skipping package `hobsub' (already loaded).
Package: letltxmacro 2010/09/02 v1.4 Let assignment for LaTeX macros (HO)
Package: hopatch 2012/05/28 v1.2 Wrapper for package hooks (HO)
Package: xcolor-patch 2011/01/30 xcolor patch
Package: atveryend 2011/06/30 v1.8 Hooks at the very end of document (HO)
Package atveryend Info: \enddocument detected (standard20110627).
Package: atbegshi 2011/10/05 v1.16 At begin shipout hook (HO)
Package: refcount 2011/10/16 v3.4 Data extraction from label references (HO)
Package: hycolor 2011/01/30 v1.7 Color options for hyperref/bookmark (HO)
)
(/usr/local/texlive/2014/texmf-dist/tex/latex/oberdiek/auxhook.sty
Package: auxhook 2011/03/04 v1.3 Hooks for auxiliary files (HO)
)
(/usr/local/texlive/2014/texmf-dist/tex/latex/oberdiek/kvoptions.sty
Package: kvoptions 2011/06/30 v3.11 Key value format for package options (HO)
)
\@linkdim=\dimen110
\Hy@linkcounter=\count82
\Hy@pagecounter=\count83

(/usr/local/texlive/2014/texmf-dist/tex/latex/hyperref/pd1enc.def
File: pd1enc.def 2012/11/06 v6.83m Hyperref: PDFDocEncoding definition (HO)
)
\Hy@SavedSpaceFactor=\count84

(/usr/local/texlive/2014/texmf-dist/tex/latex/latexconfig/hyperref.cfg
File: hyperref.cfg 2002/06/06 v1.2 hyperref configuration of TeXLive
)
Package hyperref Info: Hyper figures OFF on input line 4443.
Package hyperref Info: Link nesting OFF on input line 4448.
Package hyperref Info: Hyper index ON on input line 4451.
Package hyperref Info: Plain pages OFF on input line 4458.
Package hyperref Info: Backreferencing OFF on input line 4463.
Package hyperref Info: Implicit mode ON; LaTeX internals redefined.
Package hyperref Info: Bookmarks ON on input line 4688.
\c@Hy@tempcnt=\count85

(/usr/local/texlive/2014/texmf-dist/tex/latex/url/url.sty
\Urlmuskip=\muskip10
Package: url 2013/09/16  ver 3.4  Verb mode for urls, etc.
)
LaTeX Info: Redefining \url on input line 5041.
\XeTeXLinkMargin=\dimen111
\Fld@menulength=\count86
\Field@Width=\dimen112
\Fld@charsize=\dimen113
Package hyperref Info: Hyper figures OFF on input line 6295.
Package hyperref Info: Link nesting OFF on input line 6300.
Package hyperref Info: Hyper index ON on input line 6303.
Package hyperref Info: backreferencing OFF on input line 6310.
Package hyperref Info: Link coloring OFF on input line 6315.
Package hyperref Info: Link coloring with OCG OFF on input line 6320.
Package hyperref Info: PDF/A mode OFF on input line 6325.
LaTeX Info: Redefining \ref on input line 6365.
LaTeX Info: Redefining \pageref on input line 6369.


Package hyperref Warning: Option `pdfpagelabels' is turned off
(hyperref)                because \thepage is undefined.

\c@Item=\count87
\c@Hfootnote=\count88
)

Package hyperref Message: Driver (autodetected): hpdftex.

(/usr/local/texlive/2014/texmf-dist/tex/latex/hyperref/hpdftex.def
File: hpdftex.def 2012/11/06 v6.83m Hyperref driver for pdfTeX
\Fld@listcount=\count89
\c@bookmark@seq@number=\count90

(/usr/local/texlive/2014/texmf-dist/tex/latex/oberdiek/rerunfilecheck.sty
Package: rerunfilecheck 2011/04/15 v1.7 Rerun checks for auxiliary files (HO)
Package uniquecounter Info: New unique counter `rerunfilecheck' on input line 2
82.
)
\Hy@SectionHShift=\skip41
)
Package hyperref Info: Option `colorlinks' set `true' on input line 123.
\math@groups=\toks16
LaTeX Font Info:    Overwriting symbol font `symbols' in version `bold'
(Font)                  OMS/cmsy/b/n --> OMS/cmsy/b/n on input line 276.
\symbmisymbols=\mathgroup4
\symUPM=\mathgroup5
LaTeX Font Info:    Overwriting symbol font `UPM' in version `bold'
(Font)                  U/eur/m/n --> U/eur/b/n on input line 313.
\symAMSa=\mathgroup6
\SFB@measure=\dimen114
\realparindent=\skip42
\c@part=\count91
\c@section=\count92
\c@subsection=\count93
\c@subsubsection=\count94
\c@paragraph=\count95
\c@subparagraph=\count96
\@indentskip=\skip43
\smallindent=\skip44
\@footindent=\skip45
\@leftskip=\skip46

(/usr/local/texlive/2014/texmf-dist/tex/latex/natbib/natbib.sty
Package: natbib 2010/09/13 8.31b (PWD, AO)
\bibhang=\skip47
\bibsep=\skip48
LaTeX Info: Redefining \cite on input line 694.
\c@NAT@ctr=\count97
)
\c@table=\count98
\c@figure=\count99
)
(/usr/local/texlive/2014/texmf-dist/tex/latex/amsmath/amsmath.sty
Package: amsmath 2013/01/14 v2.14 AMS math features
\@mathmargin=\skip49

For additional information on amsmath, use the `?' option.
(/usr/local/texlive/2014/texmf-dist/tex/latex/amsmath/amstext.sty
Package: amstext 2000/06/29 v2.01

(/usr/local/texlive/2014/texmf-dist/tex/latex/amsmath/amsgen.sty
File: amsgen.sty 1999/11/30 v2.0
\@emptytoks=\toks17
\ex@=\dimen115
))
(/usr/local/texlive/2014/texmf-dist/tex/latex/amsmath/amsbsy.sty
Package: amsbsy 1999/11/29 v1.2d
\pmbraise@=\dimen116
)
(/usr/local/texlive/2014/texmf-dist/tex/latex/amsmath/amsopn.sty
Package: amsopn 1999/12/14 v2.01 operator names
)
\inf@bad=\count100
LaTeX Info: Redefining \frac on input line 210.
\uproot@=\count101
\leftroot@=\count102
LaTeX Info: Redefining \overline on input line 306.
\classnum@=\count103
\DOTSCASE@=\count104
LaTeX Info: Redefining \ldots on input line 378.
LaTeX Info: Redefining \dots on input line 381.
LaTeX Info: Redefining \cdots on input line 466.
\Mathstrutbox@=\box26
\strutbox@=\box27
\big@size=\dimen117
LaTeX Font Info:    Redeclaring font encoding OML on input line 566.
LaTeX Font Info:    Redeclaring font encoding OMS on input line 567.
\macc@depth=\count105
\c@MaxMatrixCols=\count106
\dotsspace@=\muskip11
\c@parentequation=\count107
\dspbrk@lvl=\count108
\tag@help=\toks18
\row@=\count109
\column@=\count110
\maxfields@=\count111
\andhelp@=\toks19
\eqnshift@=\dimen118
\alignsep@=\dimen119
\tagshift@=\dimen120
\tagwidth@=\dimen121
\totwidth@=\dimen122
\lineht@=\dimen123
\@envbody=\toks20
\multlinegap=\skip50
\multlinetaggap=\skip51
\mathdisplay@stack=\toks21
LaTeX Info: Redefining \[ on input line 2665.
LaTeX Info: Redefining \] on input line 2666.
)
(/usr/local/texlive/2014/texmf-dist/tex/latex/morefloats/morefloats.sty
Package: morefloats 2012/01/28 v1.0f Raise limit of unprocessed floats (HMM; DH
)
Package morefloats Info: Maximum number of possible floats asked for: 36.
(morefloats)             LaTeX might run out of memory before this
(morefloats)             (in which case it will notify you).
(morefloats)              on input line 171.
\bx@S=\insert233
\bx@T=\insert232
\bx@U=\insert231
\bx@V=\insert230
\bx@W=\insert229
\bx@X=\insert228
\bx@Y=\insert227
\bx@Z=\insert226
\bx@AA=\insert225
\bx@AB=\insert224
\bx@AC=\insert223
\bx@AD=\insert222
\bx@AE=\insert221
\bx@AF=\insert220
\bx@AG=\insert219
\bx@AH=\insert218
\bx@AI=\insert217
\bx@AJ=\insert216
)
(/usr/local/texlive/2014/texmf-dist/tex/latex/graphics/graphicx.sty
Package: graphicx 2014/04/25 v1.0g Enhanced LaTeX Graphics (DPC,SPQR)

(/usr/local/texlive/2014/texmf-dist/tex/latex/graphics/graphics.sty
Package: graphics 2009/02/05 v1.0o Standard LaTeX Graphics (DPC,SPQR)

(/usr/local/texlive/2014/texmf-dist/tex/latex/graphics/trig.sty
Package: trig 1999/03/16 v1.09 sin cos tan (DPC)
)
(/usr/local/texlive/2014/texmf-dist/tex/latex/latexconfig/graphics.cfg
File: graphics.cfg 2010/04/23 v1.9 graphics configuration of TeX Live
)
Package graphics Info: Driver file: pdftex.def on input line 91.

(/usr/local/texlive/2014/texmf-dist/tex/latex/pdftex-def/pdftex.def
File: pdftex.def 2011/05/27 v0.06d Graphics/color for pdfTeX
\Gread@gobject=\count112
))
\Gin@req@height=\dimen124
\Gin@req@width=\dimen125
)
(./87A_paper_rv.aux)
\openout1 = `87A_paper_rv.aux'.

LaTeX Font Info:    Checking defaults for OML/cmm/m/it on input line 15.
LaTeX Font Info:    ... okay on input line 15.
LaTeX Font Info:    Checking defaults for T1/cmr/m/n on input line 15.
LaTeX Font Info:    ... okay on input line 15.
LaTeX Font Info:    Checking defaults for OT1/cmr/m/n on input line 15.
LaTeX Font Info:    ... okay on input line 15.
LaTeX Font Info:    Checking defaults for OMS/cmsy/m/n on input line 15.
LaTeX Font Info:    ... okay on input line 15.
LaTeX Font Info:    Checking defaults for OMX/cmex/m/n on input line 15.
LaTeX Font Info:    ... okay on input line 15.
LaTeX Font Info:    Checking defaults for U/cmr/m/n on input line 15.
LaTeX Font Info:    ... okay on input line 15.
LaTeX Font Info:    Checking defaults for PD1/pdf/m/n on input line 15.
LaTeX Font Info:    ... okay on input line 15.

*geometry* driver: auto-detecting
*geometry* detected driver: pdftex
*geometry* verbose mode - [ preamble ] result:
* driver: pdftex
* paper: a4paper
* layout: <same size as paper>
* layoutoffset:(h,v)=(0.0pt,0.0pt)
* modes: twoside 
* h-part:(L,W,R)=(71.70166pt, 418.25368pt, 107.55254pt)
* v-part:(T,H,B)=(101.40665pt, 591.5302pt, 152.11pt)
* \paperwidth=597.50787pt
* \paperheight=845.04684pt
* \textwidth=504.0pt
* \textheight=682.0pt
* \oddsidemargin=-30.0pt
* \evensidemargin=-30.0pt
* \topmargin=0.0pt
* \headheight=14.0pt
* \headsep=15.0pt
* \topskip=9.0pt
* \footskip=22.0pt
* \marginparwidth=48.0pt
* \marginparsep=6.0pt
* \columnsep=24.0pt
* \skip\footins=19.5pt plus 12.0pt minus 1.0pt
* \hoffset=0.0pt
* \voffset=0.0pt
* \mag=1000
* \@twocolumntrue
* \@twosidetrue
* \@mparswitchtrue
* \@reversemarginfalse
* (1in=72.27pt=25.4mm, 1cm=28.453pt)

\AtBeginShipoutBox=\box28
(/usr/local/texlive/2014/texmf-dist/tex/latex/graphics/color.sty
Package: color 2014/04/23 v1.1a Standard LaTeX Color (DPC)

(/usr/local/texlive/2014/texmf-dist/tex/latex/latexconfig/color.cfg
File: color.cfg 2007/01/18 v1.5 color configuration of teTeX/TeXLive
)
Package color Info: Driver file: pdftex.def on input line 137.
)
Package hyperref Info: Link coloring ON on input line 15.

(/usr/local/texlive/2014/texmf-dist/tex/latex/hyperref/nameref.sty
Package: nameref 2012/10/27 v2.43 Cross-referencing by name of section

(/usr/local/texlive/2014/texmf-dist/tex/generic/oberdiek/gettitlestring.sty
Package: gettitlestring 2010/12/03 v1.4 Cleanup title references (HO)
)
\c@section@level=\count113
)
LaTeX Info: Redefining \ref on input line 15.
LaTeX Info: Redefining \pageref on input line 15.
LaTeX Info: Redefining \nameref on input line 15.

(./87A_paper_rv.out) (./87A_paper_rv.out)
\@outlinefile=\write3
\openout3 = `87A_paper_rv.out'.


(/usr/local/texlive/2014/texmf-dist/tex/context/base/supp-pdf.mkii
[Loading MPS to PDF converter (version 2006.09.02).]
\scratchcounter=\count114
\scratchdimen=\dimen126
\scratchbox=\box29
\nofMPsegments=\count115
\nofMParguments=\count116
\everyMPshowfont=\toks22
\MPscratchCnt=\count117
\MPscratchDim=\dimen127
\MPnumerator=\count118
\makeMPintoPDFobject=\count119
\everyMPtoPDFconversion=\toks23
) (/usr/local/texlive/2014/texmf-dist/tex/latex/oberdiek/epstopdf-base.sty
Package: epstopdf-base 2010/02/09 v2.5 Base part for package epstopdf

(/usr/local/texlive/2014/texmf-dist/tex/latex/oberdiek/grfext.sty
Package: grfext 2010/08/19 v1.1 Manage graphics extensions (HO)
)
Package grfext Info: Graphics extension search list:
(grfext)             [.png,.pdf,.jpg,.mps,.jpeg,.jbig2,.jb2,.PNG,.PDF,.JPG,.JPE
G,.JBIG2,.JB2,.eps]
(grfext)             \AppendGraphicsExtensions on input line 452.

(/usr/local/texlive/2014/texmf-dist/tex/latex/latexconfig/epstopdf-sys.cfg
File: epstopdf-sys.cfg 2010/07/13 v1.3 Configuration of (r)epstopdf for TeX Liv
e
))
LaTeX Font Info:    Try loading font information for U+eur on input line 21.

(/usr/local/texlive/2014/texmf-dist/tex/latex/amsfonts/ueur.fd
File: ueur.fd 2013/01/14 v3.01 Euler Roman
)
LaTeX Font Info:    Try loading font information for U+msa on input line 21.

(/usr/local/texlive/2014/texmf-dist/tex/latex/amsfonts/umsa.fd
File: umsa.fd 2013/01/14 v3.01 AMS symbols A
)
Underfull \hbox (badness 10000) in paragraph at lines 25--26

 []


Package natbib Warning: Citation `Barlow2010' on page 1 undefined on input line
 71.


Package natbib Warning: Citation `Gomez2012b' on page 1 undefined on input line
 71.


Package natbib Warning: Citation `Lucy1989a' on page 1 undefined on input line 
83.


Package natbib Warning: Citation `1998S_2' on page 1 undefined on input line 89
.


Package natbib Warning: Citation `SN1998S' on page 1 undefined on input line 89
.


Package natbib Warning: Citation `FabbriEtAl11' on page 1 undefined on input li
ne 89.


Package natbib Warning: Citation `LucyEtAl89' on page 1 undefined on input line
 89.


Underfull \vbox (badness 10000) has occurred while \output is active []



Package natbib Warning: Citation `Wesson2015' on page 1 undefined on input line
 98.


Underfull \vbox (badness 10000) has occurred while \output is active []



LaTeX Warning: Reference `lastpage' on page 1 undefined on input line 102.

LaTeX Font Info:    Try loading font information for OMS+cmr on input line 102.

(/usr/local/texlive/2014/texmf-dist/tex/latex/base/omscmr.fd
File: omscmr.fd 1999/05/25 v2.5h Standard LaTeX font definitions
)
LaTeX Font Info:    Font shape `OMS/cmr/m/n' in size <8> not available
(Font)              Font shape `OMS/cmsy/m/n' tried instead on input line 102.
 [1{/usr/local/texlive/2014/texmf-var/fonts/map/pdftex/updmap/pdftex.map}


]

Package natbib Warning: Citation `Lucy1989a' on page 2 undefined on input line 
122.


LaTeX Warning: Reference `params' on page 2 undefined on input line 130.


LaTeX Warning: Reference `results' on page 2 undefined on input line 132.


LaTeX Warning: Reference `discuss' on page 2 undefined on input line 132.

Package epstopdf Info: Source file: <Ha_evol_early_1col.eps>
(epstopdf)                    date: 2015-04-27 13:46:43
(epstopdf)                    size: 526578 bytes
(epstopdf)             Output file: <Ha_evol_early_1col-eps-converted-to.pdf>
(epstopdf)                    date: 2015-05-18 13:17:55
(epstopdf)                    size: 126933 bytes
(epstopdf)             Command: <repstopdf --outfile=Ha_evol_early_1col-eps-con
verted-to.pdf Ha_evol_early_1col.eps>
(epstopdf)             \includegraphics on input line 140.
Package epstopdf Info: Output file is already uptodate.
<Ha_evol_early_1col-eps-converted-to.pdf, id=44, 562.1pt x 421.575pt>
File: Ha_evol_early_1col-eps-converted-to.pdf Graphic file (type pdf)

<use Ha_evol_early_1col-eps-converted-to.pdf>
Package pdftex.def Info: Ha_evol_early_1col-eps-converted-to.pdf used on input 
line 140.
(pdftex.def)             Requested size: 243.66702pt x 202.20273pt.

Overfull \hbox (3.66702pt too wide) in paragraph at lines 140--145
[][]
 []


LaTeX Warning: Reference `tb:data' on page 2 undefined on input line 165.


Package natbib Warning: Citation `Spyromilio1991' on page 2 undefined on input 
line 176.


Package natbib Warning: Citation `Spyromilio1993a' on page 2 undefined on input
 line 176.


Package natbib Warning: Citation `Hanuschik1993' on page 2 undefined on input l
ine 176.


LaTeX Warning: Reference `Ha_evol_late' on page 2 undefined on input line 179.


Package natbib Warning: Citation `Groningsson2008' on page 2 undefined on input
 line 184.


Package natbib Warning: Citation `Spyromilio1991' on page 2 undefined on input 
line 195.


Package natbib Warning: Citation `Hanuschik1993' on page 2 undefined on input l
ine 196.


Package natbib Warning: Citation `Spyromilio1993a' on page 2 undefined on input
 line 196.


Package natbib Warning: Citation `Hanuschik1993' on page 2 undefined on input l
ine 197.


Package natbib Warning: Citation `Spyromilio1993a' on page 2 undefined on input
 line 197.


Package natbib Warning: Citation `Phillips1990' on page 2 undefined on input li
ne 198.


Package natbib Warning: Citation `Phillips1990' on page 2 undefined on input li
ne 199.


Package natbib Warning: Citation `Wang1996' on page 2 undefined on input line 2
00.


Package natbib Warning: Citation `Wang1996' on page 2 undefined on input line 2
01.


Package natbib Warning: Citation `Chugai1997' on page 2 undefined on input line
 202.


Package natbib Warning: Citation `Groeningsson2006' on page 2 undefined on inpu
t line 205.


Package natbib Warning: Citation `Groeningsson2007' on page 2 undefined on inpu
t line 205.


Package natbib Warning: Citation `Groeningsson2006' on page 2 undefined on inpu
t line 206.


Package natbib Warning: Citation `Groeningsson2007' on page 2 undefined on inpu
t line 206.


Package natbib Warning: Citation `Groningsson2008' on page 2 undefined on input
 line 206.


Package natbib Warning: Citation `Groeningsson2006' on page 2 undefined on inpu
t line 207.


Package natbib Warning: Citation `Groeningsson2007' on page 2 undefined on inpu
t line 207.


Package natbib Warning: Citation `Groeningsson2007' on page 2 undefined on inpu
t line 208.


Package natbib Warning: Citation `Tziamtzis2010' on page 2 undefined on input l
ine 209.


Overfull \hbox (8.1496pt too wide) in paragraph at lines 187--213
 []$[]$ 
 []

Package epstopdf Info: Source file: <Ha_evol_late_1col.eps>
(epstopdf)                    date: 2015-04-27 13:46:53
(epstopdf)                    size: 555021 bytes
(epstopdf)             Output file: <Ha_evol_late_1col-eps-converted-to.pdf>
(epstopdf)                    date: 2015-05-18 13:17:56
(epstopdf)                    size: 125752 bytes
(epstopdf)             Command: <repstopdf --outfile=Ha_evol_late_1col-eps-conv
erted-to.pdf Ha_evol_late_1col.eps>
(epstopdf)             \includegraphics on input line 219.
Package epstopdf Info: Output file is already uptodate.
<Ha_evol_late_1col-eps-converted-to.pdf, id=47, 562.1pt x 421.575pt>
File: Ha_evol_late_1col-eps-converted-to.pdf Graphic file (type pdf)

<use Ha_evol_late_1col-eps-converted-to.pdf>
Package pdftex.def Info: Ha_evol_late_1col-eps-converted-to.pdf used on input l
ine 219.
(pdftex.def)             Requested size: 240.59558pt x 202.20273pt.

Overfull \hbox (0.59558pt too wide) in paragraph at lines 219--224
[][]
 []


LaTeX Warning: Reference `lastpage' on page 2 undefined on input line 258.

[2pdfTeX warning (ext4): destination with the same identifier (name{figure.1}) 
has been already used, duplicate ignored

\AtBegShi@Output ...ipout \box \AtBeginShipoutBox 
                                                  \fi \fi 
l.258 
       <./Ha_evol_early_1col-eps-converted-to.pdf>]

Package natbib Warning: Citation `Lucy1989a' on page 3 undefined on input line 
259.


LaTeX Warning: Command \r invalid in math mode on input line 260.

./87A_paper_rv.tex:261: Missing $ inserted.
<inserted text> 
                $
l.261 seen in SN~1987A at early epochs ($\sim
                                             $ day 775).  It models the
? 

LaTeX Warning: Reference `transport' on page 3 undefined on input line 309.

Package epstopdf Info: Source file: <params/A/b0_r0_2.eps>
(epstopdf)                    date: 2015-05-05 21:53:59
(epstopdf)                    size: 265640 bytes
(epstopdf)             Output file: <params/A/b0_r0_2-eps-converted-to.pdf>
(epstopdf)                    date: 2015-05-18 13:17:57
(epstopdf)                    size: 20183 bytes
(epstopdf)             Command: <repstopdf --outfile=params/A/b0_r0_2-eps-conve
rted-to.pdf params/A/b0_r0_2.eps>
(epstopdf)             \includegraphics on input line 313.
Package epstopdf Info: Output file is already uptodate.
<params/A/b0_r0_2-eps-converted-to.pdf, id=74, 562.1pt x 421.575pt>
File: params/A/b0_r0_2-eps-converted-to.pdf Graphic file (type pdf)

<use params/A/b0_r0_2-eps-converted-to.pdf>
Package pdftex.def Info: params/A/b0_r0_2-eps-converted-to.pdf used on input li
ne 313.
(pdftex.def)             Requested size: 167.22247pt x 129.68274pt.
Package epstopdf Info: Source file: <params/A/b1_r0_2.eps>
(epstopdf)                    date: 2015-05-05 22:09:25
(epstopdf)                    size: 265520 bytes
(epstopdf)             Output file: <params/A/b1_r0_2-eps-converted-to.pdf>
(epstopdf)                    date: 2015-05-18 13:17:58
(epstopdf)                    size: 20460 bytes
(epstopdf)             Command: <repstopdf --outfile=params/A/b1_r0_2-eps-conve
rted-to.pdf params/A/b1_r0_2.eps>
(epstopdf)             \includegraphics on input line 314.
Package epstopdf Info: Output file is already uptodate.

<params/A/b1_r0_2-eps-converted-to.pdf, id=76, 562.1pt x 421.575pt>
File: params/A/b1_r0_2-eps-converted-to.pdf Graphic file (type pdf)

<use params/A/b1_r0_2-eps-converted-to.pdf>
Package pdftex.def Info: params/A/b1_r0_2-eps-converted-to.pdf used on input li
ne 314.
(pdftex.def)             Requested size: 163.12723pt x 129.68274pt.
Package epstopdf Info: Source file: <params/A/b2_r0_2.eps>
(epstopdf)                    date: 2015-05-05 21:48:38
(epstopdf)                    size: 265789 bytes
(epstopdf)             Output file: <params/A/b2_r0_2-eps-converted-to.pdf>
(epstopdf)                    date: 2015-05-18 13:18:00
(epstopdf)                    size: 20028 bytes
(epstopdf)             Command: <repstopdf --outfile=params/A/b2_r0_2-eps-conve
rted-to.pdf params/A/b2_r0_2.eps>
(epstopdf)             \includegraphics on input line 315.
Package epstopdf Info: Output file is already uptodate.

<params/A/b2_r0_2-eps-converted-to.pdf, id=78, 562.1pt x 421.575pt>
File: params/A/b2_r0_2-eps-converted-to.pdf Graphic file (type pdf)

<use params/A/b2_r0_2-eps-converted-to.pdf>
Package pdftex.def Info: params/A/b2_r0_2-eps-converted-to.pdf used on input li
ne 315.
(pdftex.def)             Requested size: 163.12723pt x 129.68274pt.
Package epstopdf Info: Source file: <params/A/b0_r0.eps>
(epstopdf)                    date: 2015-05-05 22:07:35
(epstopdf)                    size: 250598 bytes
(epstopdf)             Output file: <params/A/b0_r0-eps-converted-to.pdf>
(epstopdf)                    date: 2015-05-18 13:18:01
(epstopdf)                    size: 17077 bytes
(epstopdf)             Command: <repstopdf --outfile=params/A/b0_r0-eps-convert
ed-to.pdf params/A/b0_r0.eps>
(epstopdf)             \includegraphics on input line 317.
Package epstopdf Info: Output file is already uptodate.

<params/A/b0_r0-eps-converted-to.pdf, id=80, 562.1pt x 421.575pt>
File: params/A/b0_r0-eps-converted-to.pdf Graphic file (type pdf)

<use params/A/b0_r0-eps-converted-to.pdf>
Package pdftex.def Info: params/A/b0_r0-eps-converted-to.pdf used on input line
 317.
(pdftex.def)             Requested size: 167.22247pt x 136.50818pt.
Package epstopdf Info: Source file: <params/A/b1_r0.eps>
(epstopdf)                    date: 2015-05-05 22:11:52
(epstopdf)                    size: 250497 bytes
(epstopdf)             Output file: <params/A/b1_r0-eps-converted-to.pdf>
(epstopdf)                    date: 2015-05-18 13:18:02
(epstopdf)                    size: 17292 bytes
(epstopdf)             Command: <repstopdf --outfile=params/A/b1_r0-eps-convert
ed-to.pdf params/A/b1_r0.eps>
(epstopdf)             \includegraphics on input line 318.
Package epstopdf Info: Output file is already uptodate.

<params/A/b1_r0-eps-converted-to.pdf, id=82, 562.1pt x 421.575pt>
File: params/A/b1_r0-eps-converted-to.pdf Graphic file (type pdf)

<use params/A/b1_r0-eps-converted-to.pdf>
Package pdftex.def Info: params/A/b1_r0-eps-converted-to.pdf used on input line
 318.
(pdftex.def)             Requested size: 163.12723pt x 136.50818pt.
Package epstopdf Info: Source file: <params/A/b2_r0.eps>
(epstopdf)                    date: 2015-05-05 21:51:30
(epstopdf)                    size: 262408 bytes
(epstopdf)             Output file: <params/A/b2_r0-eps-converted-to.pdf>
(epstopdf)                    date: 2015-05-18 13:18:03
(epstopdf)                    size: 14239 bytes
(epstopdf)             Command: <repstopdf --outfile=params/A/b2_r0-eps-convert
ed-to.pdf params/A/b2_r0.eps>
(epstopdf)             \includegraphics on input line 319.
Package epstopdf Info: Output file is already uptodate.

<params/A/b2_r0-eps-converted-to.pdf, id=84, 562.1pt x 421.575pt>
File: params/A/b2_r0-eps-converted-to.pdf Graphic file (type pdf)

<use params/A/b2_r0-eps-converted-to.pdf>
Package pdftex.def Info: params/A/b2_r0-eps-converted-to.pdf used on input line
 319.
(pdftex.def)             Requested size: 163.12723pt x 136.50818pt.


LaTeX Warning: Reference `lastpage' on page 3 undefined on input line 329.

[3pdfTeX warning (ext4): destination with the same identifier (name{table.1}) h
as been already used, duplicate ignored

\AtBegShi@Output ...ipout \box \AtBeginShipoutBox 
                                                  \fi \fi 
l.329 \end{figure*}
                   pdfTeX warning (ext4): destination with the same identifier 
(name{figure.2}) has been already used, duplicate ignored

\AtBegShi@Output ...ipout \box \AtBeginShipoutBox 
                                                  \fi \fi 
l.329 \end{figure*}
                    <./Ha_evol_late_1col-eps-converted-to.pdf>]
Underfull \hbox (badness 4673) in paragraph at lines 334--345
\OT1/cmr/m/n/9 The su-per-nova ejecta is ap-prox-i-mated by a three-
 []


LaTeX Warning: Reference `params' on page 4 undefined on input line 439.


LaTeX Warning: Reference `lastpage' on page 4 undefined on input line 453.

[4]

Package natbib Warning: Citation `Fransson2013' on page 5 undefined on input li
ne 456.


Package natbib Warning: Citation `Lucy1989a' on page 5 undefined on input line 
473.


Package natbib Warning: Citation `Gerasimovic1933' on page 5 undefined on input
 line 480.


LaTeX Warning: Reference `lastpage' on page 5 undefined on input line 523.

[5pdfTeX warning (ext4): destination with the same identifier (name{figure.3}) 
has been already used, duplicate ignored

\AtBegShi@Output ...ipout \box \AtBeginShipoutBox 
                                                  \fi \fi 
l.523 \end{equation}
                     <./params/A/b0_r0_2-eps-converted-to.pdf> <./params/A/b1_r
0_2-eps-converted-to.pdf> <./params/A/b2_r0_2-eps-converted-to.pdf> <./params/A
/b0_r0-eps-converted-to.pdf> <./params/A/b1_r0-eps-converted-to.pdf> <./params/
A/b2_r0-eps-converted-to.pdf>]

LaTeX Warning: Reference `eqn:sides' on page 6 undefined on input line 530.


LaTeX Warning: Reference `fig:analytics' on page 6 undefined on input line 555.


Package epstopdf Info: Source file: <params/opt_thick_w0.eps>
(epstopdf)                    date: 2015-05-29 17:54:21
(epstopdf)                    size: 189928 bytes
(epstopdf)             Output file: <params/opt_thick_w0-eps-converted-to.pdf>
(epstopdf)                    date: 2015-06-24 12:35:43
(epstopdf)                    size: 13513 bytes
(epstopdf)             Command: <repstopdf --outfile=params/opt_thick_w0-eps-co
nverted-to.pdf params/opt_thick_w0.eps>
(epstopdf)             \includegraphics on input line 561.
Package epstopdf Info: Output file is already uptodate.
<params/opt_thick_w0-eps-converted-to.pdf, id=290, 563.10374pt x 421.575pt>
File: params/opt_thick_w0-eps-converted-to.pdf Graphic file (type pdf)

<use params/opt_thick_w0-eps-converted-to.pdf>
Package pdftex.def Info: params/opt_thick_w0-eps-converted-to.pdf used on input
 line 561.
(pdftex.def)             Requested size: 245.20273pt x 202.20273pt.
Package epstopdf Info: Source file: <params/opt_thick_w0_6.eps>
(epstopdf)                    date: 2015-05-29 18:08:12
(epstopdf)                    size: 189039 bytes
(epstopdf)             Output file: <params/opt_thick_w0_6-eps-converted-to.pdf
>
(epstopdf)                    date: 2015-06-24 12:35:45
(epstopdf)                    size: 14577 bytes
(epstopdf)             Command: <repstopdf --outfile=params/opt_thick_w0_6-eps-
converted-to.pdf params/opt_thick_w0_6.eps>
(epstopdf)             \includegraphics on input line 562.
Package epstopdf Info: Output file is already uptodate.

<params/opt_thick_w0_6-eps-converted-to.pdf, id=292, 562.1pt x 421.575pt>
File: params/opt_thick_w0_6-eps-converted-to.pdf Graphic file (type pdf)

<use params/opt_thick_w0_6-eps-converted-to.pdf>
Package pdftex.def Info: params/opt_thick_w0_6-eps-converted-to.pdf used on inp
ut line 562.
(pdftex.def)             Requested size: 244.69084pt x 202.20273pt.


Package natbib Warning: Citation `Lucy1989a' on page 6 undefined on input line 
563.


Package natbib Warning: Citation `Lucy1989a' on page 6 undefined on input line 
563.


Package natbib Warning: Citation `Lucy1989a' on page 6 undefined on input line 
569.


Package natbib Warning: Citation `Lucy1989a' on page 6 undefined on input line 
572.


Package natbib Warning: Citation `Lucy1989a' on page 6 undefined on input line 
586.


LaTeX Warning: Reference `fig:Lucy' on page 6 undefined on input line 588.


Package natbib Warning: Citation `Lucy1989a' on page 6 undefined on input line 
593.


LaTeX Warning: Reference `ps' on page 6 undefined on input line 595.

Package epstopdf Info: Source file: <params/D/newDall.eps>
(epstopdf)                    date: 2015-05-04 20:56:27
(epstopdf)                    size: 252074 bytes
(epstopdf)             Output file: <params/D/newDall-eps-converted-to.pdf>
(epstopdf)                    date: 2015-05-18 13:18:22
(epstopdf)                    size: 24562 bytes
(epstopdf)             Command: <repstopdf --outfile=params/D/newDall-eps-conve
rted-to.pdf params/D/newDall.eps>
(epstopdf)             \includegraphics on input line 602.
Package epstopdf Info: Output file is already uptodate.
<params/D/newDall-eps-converted-to.pdf, id=294, 1049.9225pt x 927.465pt>
File: params/D/newDall-eps-converted-to.pdf Graphic file (type pdf)

<use params/D/newDall-eps-converted-to.pdf>
Package pdftex.def Info: params/D/newDall-eps-converted-to.pdf used on input li
ne 602.
(pdftex.def)             Requested size: 496.25209pt x 464.71948pt.
Package epstopdf Info: Source file: <params/C/C_all.eps>
(epstopdf)                    date: 2015-05-04 18:48:38
(epstopdf)                    size: 272255 bytes
(epstopdf)             Output file: <params/C/C_all-eps-converted-to.pdf>
(epstopdf)                    date: 2015-05-18 13:18:24
(epstopdf)                    size: 31563 bytes
(epstopdf)             Command: <repstopdf --outfile=params/C/C_all-eps-convert
ed-to.pdf params/C/C_all.eps>
(epstopdf)             \includegraphics on input line 610.
Package epstopdf Info: Output file is already uptodate.

<params/C/C_all-eps-converted-to.pdf, id=296, 1098.1025pt x 901.3675pt>
File: params/C/C_all-eps-converted-to.pdf Graphic file (type pdf)

<use params/C/C_all-eps-converted-to.pdf>
Package pdftex.def Info: params/C/C_all-eps-converted-to.pdf used on input line
 610.
(pdftex.def)             Requested size: 503.48906pt x 451.2793pt.


LaTeX Warning: Reference `beta' on page 6 undefined on input line 641.


LaTeX Warning: Reference `analytics' on page 6 undefined on input line 657.


LaTeX Warning: Reference `fig:analytics' on page 6 undefined on input line 678.



LaTeX Warning: Reference `asym' on page 6 undefined on input line 698.


LaTeX Warning: Reference `lastpage' on page 6 undefined on input line 699.

[6]

LaTeX Warning: Reference `bt' on page 7 undefined on input line 704.


LaTeX Warning: Reference `wt' on page 7 undefined on input line 704.


LaTeX Warning: Reference `wt' on page 7 undefined on input line 723.


LaTeX Warning: Reference `asym' on page 7 undefined on input line 727.


LaTeX Warning: Reference `analytics' on page 7 undefined on input line 746.


LaTeX Warning: Reference `bt' on page 7 undefined on input line 758.


LaTeX Warning: Reference `lastpage' on page 7 undefined on input line 759.

[7pdfTeX warning (ext4): destination with the same identifier (name{figure.4}) 
has been already used, duplicate ignored

\AtBegShi@Output ...ipout \box \AtBeginShipoutBox 
                                                  \fi \fi 
l.759 
       <./params/opt_thick_w0-eps-converted-to.pdf> <./params/opt_thick_w0_6-ep
s-converted-to.pdf>]
Package epstopdf Info: Source file: <grainsize_albedo.eps>
(epstopdf)                    date: 2015-05-27 11:19:12
(epstopdf)                    size: 181324 bytes
(epstopdf)             Output file: <grainsize_albedo-eps-converted-to.pdf>
(epstopdf)                    date: 2015-06-01 17:49:21
(epstopdf)                    size: 9668 bytes
(epstopdf)             Command: <repstopdf --outfile=grainsize_albedo-eps-conve
rted-to.pdf grainsize_albedo.eps>
(epstopdf)             \includegraphics on input line 764.
Package epstopdf Info: Output file is already uptodate.

<grainsize_albedo-eps-converted-to.pdf, id=360, 562.1pt x 421.575pt>
File: grainsize_albedo-eps-converted-to.pdf Graphic file (type pdf)

<use grainsize_albedo-eps-converted-to.pdf>
Package pdftex.def Info: grainsize_albedo-eps-converted-to.pdf used on input li
ne 764.
(pdftex.def)             Requested size: 244.69084pt x 202.20273pt.

Overfull \hbox (4.69084pt too wide) in paragraph at lines 764--767
 [] 
 []


Package natbib Warning: Citation `Zubko1996' on page 8 undefined on input line 
767.


Package natbib Warning: Citation `Zubko1996' on page 8 undefined on input line 
767.


LaTeX Warning: Reference `albedo_grain' on page 8 undefined on input line 778.


Package natbib Warning: Citation `Owen2015' on page 8 undefined on input line 7
83.


LaTeX Warning: Reference `d714bf' on page 8 undefined on input line 795.


LaTeX Warning: Reference `d806bf' on page 8 undefined on input line 796.


LaTeX Warning: Reference `d1862_3604' on page 8 undefined on input line 797.


LaTeX Warning: Reference `d1862_3604' on page 8 undefined on input line 798.


LaTeX Warning: Reference `d1862_3604' on page 8 undefined on input line 799.


LaTeX Warning: Reference `d714bf' on page 8 undefined on input line 800.


LaTeX Warning: Reference `d806bf' on page 8 undefined on input line 801.


Overfull \hbox (8.1496pt too wide) in paragraph at lines 786--806
 []$[]$ 
 []


LaTeX Warning: Reference `fig:Lucy' on page 8 undefined on input line 827.


Underfull \vbox (badness 10000) has occurred while \output is active []



LaTeX Warning: Reference `lastpage' on page 8 undefined on input line 829.

[8pdfTeX warning (ext4): destination with the same identifier (name{figure.5}) 
has been already used, duplicate ignored

\AtBegShi@Output ...ipout \box \AtBeginShipoutBox 
                                                  \fi \fi 
l.829 
       <./params/D/newDall-eps-converted-to.pdf>]
Underfull \vbox (badness 10000) has occurred while \output is active []



LaTeX Warning: Reference `lastpage' on page 9 undefined on input line 829.

[9pdfTeX warning (ext4): destination with the same identifier (name{figure.6}) 
has been already used, duplicate ignored

\AtBegShi@Output ...ipout \box \AtBeginShipoutBox 
                                                  \fi \fi 
l.829 
      pdfTeX warning (ext4): destination with the same identifier (name{table.2
}) has been already used, duplicate ignored

\AtBegShi@Output ...ipout \box \AtBeginShipoutBox 
                                                  \fi \fi 
l.829 
       <./params/C/C_all-eps-converted-to.pdf>]

Package natbib Warning: Citation `Gall2014' on page 10 undefined on input line 
841.


Package natbib Warning: Citation `Fransson2013' on page 10 undefined on input l
ine 841.


Package natbib Warning: Citation `Smith2012' on page 10 undefined on input line
 841.


Package natbib Warning: Citation `Hillier1991' on page 10 undefined on input li
ne 878.


Package natbib Warning: Citation `Auer1972b' on page 10 undefined on input line
 878.


LaTeX Warning: Reference `bt' on page 10 undefined on input line 895.


LaTeX Warning: Reference `wt' on page 10 undefined on input line 895.

Package epstopdf Info: Source file: <smooth/d714Ha_smooth_amC_MRN.eps>
(epstopdf)                    date: 2015-04-27 20:36:07
(epstopdf)                    size: 164093 bytes
(epstopdf)             Output file: <smooth/d714Ha_smooth_amC_MRN-eps-converted
-to.pdf>
(epstopdf)                    date: 2015-05-18 13:18:26
(epstopdf)                    size: 13382 bytes
(epstopdf)             Command: <repstopdf --outfile=smooth/d714Ha_smooth_amC_M
RN-eps-converted-to.pdf smooth/d714Ha_smooth_amC_MRN.eps>
(epstopdf)             \includegraphics on input line 904.
Package epstopdf Info: Output file is already uptodate.

<smooth/d714Ha_smooth_amC_MRN-eps-converted-to.pdf, id=418, 562.1pt x 421.575pt
>
File: smooth/d714Ha_smooth_amC_MRN-eps-converted-to.pdf Graphic file (type pdf)

 <use smooth/d714Ha_smooth_amC_MRN-eps-converted-to.pdf>
Package pdftex.def Info: smooth/d714Ha_smooth_amC_MRN-eps-converted-to.pdf used
 on input line 904.
(pdftex.def)             Requested size: 244.69084pt x 202.20273pt.

Overfull \hbox (4.69084pt too wide) in paragraph at lines 904--911
 [] 
 []

Package epstopdf Info: Source file: <smooth/best_fit/d714Ha.eps>
(epstopdf)                    date: 2015-04-28 15:33:54
(epstopdf)                    size: 164089 bytes
(epstopdf)             Output file: <smooth/best_fit/d714Ha-eps-converted-to.pd
f>
(epstopdf)                    date: 2015-05-18 13:18:27
(epstopdf)                    size: 13191 bytes
(epstopdf)             Command: <repstopdf --outfile=smooth/best_fit/d714Ha-eps
-converted-to.pdf smooth/best_fit/d714Ha.eps>
(epstopdf)             \includegraphics on input line 918.
Package epstopdf Info: Output file is already uptodate.
<smooth/best_fit/d714Ha-eps-converted-to.pdf, id=420, 562.1pt x 421.575pt>
File: smooth/best_fit/d714Ha-eps-converted-to.pdf Graphic file (type pdf)

<use smooth/best_fit/d714Ha-eps-converted-to.pdf>
Package pdftex.def Info: smooth/best_fit/d714Ha-eps-converted-to.pdf used on in
put line 918.
(pdftex.def)             Requested size: 244.69084pt x 202.20273pt.
Package epstopdf Info: Source file: <smooth/best_fit/d714OI.eps>
(epstopdf)                    date: 2015-04-28 18:35:01
(epstopdf)                    size: 164473 bytes
(epstopdf)             Output file: <smooth/best_fit/d714OI-eps-converted-to.pd
f>
(epstopdf)                    date: 2015-05-18 13:18:29
(epstopdf)                    size: 13074 bytes
(epstopdf)             Command: <repstopdf --outfile=smooth/best_fit/d714OI-eps
-converted-to.pdf smooth/best_fit/d714OI.eps>
(epstopdf)             \includegraphics on input line 919.
Package epstopdf Info: Output file is already uptodate.

<smooth/best_fit/d714OI-eps-converted-to.pdf, id=422, 562.1pt x 421.575pt>
File: smooth/best_fit/d714OI-eps-converted-to.pdf Graphic file (type pdf)

<use smooth/best_fit/d714OI-eps-converted-to.pdf>
Package pdftex.def Info: smooth/best_fit/d714OI-eps-converted-to.pdf used on in
put line 919.
(pdftex.def)             Requested size: 244.69084pt x 202.20273pt.


LaTeX Warning: Reference `smooth1' on page 10 undefined on input line 922.

Package epstopdf Info: Source file: <smooth/best_fit/d806Ha.eps>
(epstopdf)                    date: 2015-04-28 17:08:38
(epstopdf)                    size: 163807 bytes
(epstopdf)             Output file: <smooth/best_fit/d806Ha-eps-converted-to.pd
f>
(epstopdf)                    date: 2015-05-18 13:18:30
(epstopdf)                    size: 13057 bytes
(epstopdf)             Command: <repstopdf --outfile=smooth/best_fit/d806Ha-eps
-converted-to.pdf smooth/best_fit/d806Ha.eps>
(epstopdf)             \includegraphics on input line 928.
Package epstopdf Info: Output file is already uptodate.
<smooth/best_fit/d806Ha-eps-converted-to.pdf, id=424, 562.1pt x 421.575pt>
File: smooth/best_fit/d806Ha-eps-converted-to.pdf Graphic file (type pdf)

<use smooth/best_fit/d806Ha-eps-converted-to.pdf>
Package pdftex.def Info: smooth/best_fit/d806Ha-eps-converted-to.pdf used on in
put line 928.
(pdftex.def)             Requested size: 244.69084pt x 202.20273pt.
Package epstopdf Info: Source file: <smooth/best_fit/d806OI.eps>
(epstopdf)                    date: 2015-04-28 19:09:07
(epstopdf)                    size: 164436 bytes
(epstopdf)             Output file: <smooth/best_fit/d806OI-eps-converted-to.pd
f>
(epstopdf)                    date: 2015-05-18 13:18:31
(epstopdf)                    size: 13107 bytes
(epstopdf)             Command: <repstopdf --outfile=smooth/best_fit/d806OI-eps
-converted-to.pdf smooth/best_fit/d806OI.eps>
(epstopdf)             \includegraphics on input line 929.
Package epstopdf Info: Output file is already uptodate.

<smooth/best_fit/d806OI-eps-converted-to.pdf, id=426, 562.1pt x 421.575pt>
File: smooth/best_fit/d806OI-eps-converted-to.pdf Graphic file (type pdf)

<use smooth/best_fit/d806OI-eps-converted-to.pdf>
Package pdftex.def Info: smooth/best_fit/d806OI-eps-converted-to.pdf used on in
put line 929.
(pdftex.def)             Requested size: 244.69084pt x 202.20273pt.


LaTeX Warning: Reference `smooth1' on page 10 undefined on input line 932.


LaTeX Warning: Reference `smooth1' on page 10 undefined on input line 932.


LaTeX Warning: Reference `ps' on page 10 undefined on input line 944.


LaTeX Warning: Reference `clumped_models' on page 10 undefined on input line 95
6.


LaTeX Warning: Reference `lastpage' on page 10 undefined on input line 959.

[10pdfTeX warning (ext4): destination with the same identifier (name{figure.7})
 has been already used, duplicate ignored

\AtBegShi@Output ...ipout \box \AtBeginShipoutBox 
                                                  \fi \fi 
l.959 
       <./grainsize_albedo-eps-converted-to.pdf>]

LaTeX Warning: Reference `d714_c' on page 11 undefined on input line 970.


LaTeX Warning: Reference `d806_c' on page 11 undefined on input line 971.


LaTeX Warning: Reference `d1862_3604_c' on page 11 undefined on input line 972.



LaTeX Warning: Reference `d1862_3604_c' on page 11 undefined on input line 973.



LaTeX Warning: Reference `d1862_3604_c' on page 11 undefined on input line 974.



LaTeX Warning: Reference `d714_c' on page 11 undefined on input line 975.


LaTeX Warning: Reference `d806_c' on page 11 undefined on input line 976.


Overfull \hbox (8.1496pt too wide) in paragraph at lines 961--981
 []$[]$ 
 []

Package epstopdf Info: Source file: <smooth/best_fit/d1862Ha.eps>
(epstopdf)                    date: 2015-04-28 17:52:27
(epstopdf)                    size: 169182 bytes
(epstopdf)             Output file: <smooth/best_fit/d1862Ha-eps-converted-to.p
df>
(epstopdf)                    date: 2015-05-18 13:18:32
(epstopdf)                    size: 14736 bytes
(epstopdf)             Command: <repstopdf --outfile=smooth/best_fit/d1862Ha-ep
s-converted-to.pdf smooth/best_fit/d1862Ha.eps>
(epstopdf)             \includegraphics on input line 985.
Package epstopdf Info: Output file is already uptodate.
<smooth/best_fit/d1862Ha-eps-converted-to.pdf, id=450, 562.1pt x 421.575pt>
File: smooth/best_fit/d1862Ha-eps-converted-to.pdf Graphic file (type pdf)

<use smooth/best_fit/d1862Ha-eps-converted-to.pdf>
Package pdftex.def Info: smooth/best_fit/d1862Ha-eps-converted-to.pdf used on i
nput line 985.
(pdftex.def)             Requested size: 167.92982pt x 138.7705pt.
Package epstopdf Info: Source file: <smooth/best_fit/d2875Ha.eps>
(epstopdf)                    date: 2015-04-28 17:56:10
(epstopdf)                    size: 168709 bytes
(epstopdf)             Output file: <smooth/best_fit/d2875Ha-eps-converted-to.p
df>
(epstopdf)                    date: 2015-05-18 13:18:34
(epstopdf)                    size: 15111 bytes
(epstopdf)             Command: <repstopdf --outfile=smooth/best_fit/d2875Ha-ep
s-converted-to.pdf smooth/best_fit/d2875Ha.eps>
(epstopdf)             \includegraphics on input line 986.
Package epstopdf Info: Output file is already uptodate.

<smooth/best_fit/d2875Ha-eps-converted-to.pdf, id=452, 562.1pt x 421.575pt>
File: smooth/best_fit/d2875Ha-eps-converted-to.pdf Graphic file (type pdf)

<use smooth/best_fit/d2875Ha-eps-converted-to.pdf>
Package pdftex.def Info: smooth/best_fit/d2875Ha-eps-converted-to.pdf used on i
nput line 986.
(pdftex.def)             Requested size: 161.6061pt x 138.7705pt.
Package epstopdf Info: Source file: <smooth/best_fit/d3604Ha.eps>
(epstopdf)                    date: 2015-04-28 18:02:09
(epstopdf)                    size: 168906 bytes
(epstopdf)             Output file: <smooth/best_fit/d3604Ha-eps-converted-to.p
df>
(epstopdf)                    date: 2015-05-18 13:18:35
(epstopdf)                    size: 15129 bytes
(epstopdf)             Command: <repstopdf --outfile=smooth/best_fit/d3604Ha-ep
s-converted-to.pdf smooth/best_fit/d3604Ha.eps>
(epstopdf)             \includegraphics on input line 987.
Package epstopdf Info: Output file is already uptodate.

<smooth/best_fit/d3604Ha-eps-converted-to.pdf, id=454, 562.1pt x 421.575pt>
File: smooth/best_fit/d3604Ha-eps-converted-to.pdf Graphic file (type pdf)

<use smooth/best_fit/d3604Ha-eps-converted-to.pdf>
Package pdftex.def Info: smooth/best_fit/d3604Ha-eps-converted-to.pdf used on i
nput line 987.
(pdftex.def)             Requested size: 161.6061pt x 138.7705pt.


LaTeX Warning: Reference `smooth1' on page 11 undefined on input line 989.


LaTeX Warning: Reference `params' on page 11 undefined on input line 1005.


Package natbib Warning: Citation `Zubko1996' on page 11 undefined on input line
 1007.


Package natbib Warning: Citation `Wesson2015' on page 11 undefined on input lin
e 1009.


Package natbib Warning: Citation `Ercolano2007' on page 11 undefined on input l
ine 1009.


LaTeX Warning: Reference `params' on page 11 undefined on input line 1020.


LaTeX Warning: Reference `MRN' on page 11 undefined on input line 1057.


LaTeX Warning: Reference `albedo_grain' on page 11 undefined on input line 1063
.


Package natbib Warning: Citation `Wesson2015' on page 11 undefined on input lin
e 1072.


Package natbib Warning: Citation `Ercolano2007' on page 11 undefined on input l
ine 1072.


LaTeX Warning: Reference `d714bf' on page 11 undefined on input line 1072.


LaTeX Warning: Reference `d1862_3604' on page 11 undefined on input line 1073.


LaTeX Warning: Reference `smooth1' on page 11 undefined on input line 1074.


LaTeX Warning: Reference `lastpage' on page 11 undefined on input line 1085.

[11pdfTeX warning (ext4): destination with the same identifier (name{figure.8})
 has been already used, duplicate ignored

\AtBegShi@Output ...ipout \box \AtBeginShipoutBox 
                                                  \fi \fi 
l.1085 
        <./smooth/d714Ha_smooth_amC_MRN-eps-converted-to.pdf>]
Underfull \vbox (badness 10000) has occurred while \output is active []



LaTeX Warning: Reference `lastpage' on page 12 undefined on input line 1085.

[12pdfTeX warning (ext4): destination with the same identifier (name{figure.9})
 has been already used, duplicate ignored

\AtBegShi@Output ...ipout \box \AtBeginShipoutBox 
                                                  \fi \fi 
l.1085 
       pdfTeX warning (ext4): destination with the same identifier (name{figure
.10}) has been already used, duplicate ignored

\AtBegShi@Output ...ipout \box \AtBeginShipoutBox 
                                                  \fi \fi 
l.1085 
       pdfTeX warning (ext4): destination with the same identifier (name{table.
3}) has been already used, duplicate ignored

\AtBegShi@Output ...ipout \box \AtBeginShipoutBox 
                                                  \fi \fi 
l.1085 
        <./smooth/best_fit/d714Ha-eps-converted-to.pdf> <./smooth/best_fit/d714
OI-eps-converted-to.pdf> <./smooth/best_fit/d806Ha-eps-converted-to.pdf> <./smo
oth/best_fit/d806OI-eps-converted-to.pdf>]
Package epstopdf Info: Source file: <clump_1/best_fit/d714Ha.eps>
(epstopdf)                    date: 2015-04-29 15:55:14
(epstopdf)                    size: 164083 bytes
(epstopdf)             Output file: <clump_1/best_fit/d714Ha-eps-converted-to.p
df>
(epstopdf)                    date: 2015-05-18 13:18:36
(epstopdf)                    size: 13193 bytes
(epstopdf)             Command: <repstopdf --outfile=clump_1/best_fit/d714Ha-ep
s-converted-to.pdf clump_1/best_fit/d714Ha.eps>
(epstopdf)             \includegraphics on input line 1089.
Package epstopdf Info: Output file is already uptodate.

<clump_1/best_fit/d714Ha-eps-converted-to.pdf, id=556, 562.1pt x 421.575pt>
File: clump_1/best_fit/d714Ha-eps-converted-to.pdf Graphic file (type pdf)

<use clump_1/best_fit/d714Ha-eps-converted-to.pdf>
Package pdftex.def Info: clump_1/best_fit/d714Ha-eps-converted-to.pdf used on i
nput line 1089.
(pdftex.def)             Requested size: 244.69084pt x 202.20273pt.
Package epstopdf Info: Source file: <clump_1/best_fit/d714OI.eps>
(epstopdf)                    date: 2015-04-29 13:24:51
(epstopdf)                    size: 164465 bytes
(epstopdf)             Output file: <clump_1/best_fit/d714OI-eps-converted-to.p
df>
(epstopdf)                    date: 2015-05-18 13:18:37
(epstopdf)                    size: 13059 bytes
(epstopdf)             Command: <repstopdf --outfile=clump_1/best_fit/d714OI-ep
s-converted-to.pdf clump_1/best_fit/d714OI.eps>
(epstopdf)             \includegraphics on input line 1090.
Package epstopdf Info: Output file is already uptodate.

<clump_1/best_fit/d714OI-eps-converted-to.pdf, id=558, 562.1pt x 421.575pt>
File: clump_1/best_fit/d714OI-eps-converted-to.pdf Graphic file (type pdf)

<use clump_1/best_fit/d714OI-eps-converted-to.pdf>
Package pdftex.def Info: clump_1/best_fit/d714OI-eps-converted-to.pdf used on i
nput line 1090.
(pdftex.def)             Requested size: 244.69084pt x 202.20273pt.


LaTeX Warning: Reference `clumped1' on page 13 undefined on input line 1093.

Package epstopdf Info: Source file: <clump_1/best_fit/d806Ha.eps>
(epstopdf)                    date: 2015-04-29 12:48:05
(epstopdf)                    size: 163938 bytes
(epstopdf)             Output file: <clump_1/best_fit/d806Ha-eps-converted-to.p
df>
(epstopdf)                    date: 2015-05-18 13:18:38
(epstopdf)                    size: 13026 bytes
(epstopdf)             Command: <repstopdf --outfile=clump_1/best_fit/d806Ha-ep
s-converted-to.pdf clump_1/best_fit/d806Ha.eps>
(epstopdf)             \includegraphics on input line 1099.
Package epstopdf Info: Output file is already uptodate.
<clump_1/best_fit/d806Ha-eps-converted-to.pdf, id=560, 562.1pt x 421.575pt>
File: clump_1/best_fit/d806Ha-eps-converted-to.pdf Graphic file (type pdf)

<use clump_1/best_fit/d806Ha-eps-converted-to.pdf>
Package pdftex.def Info: clump_1/best_fit/d806Ha-eps-converted-to.pdf used on i
nput line 1099.
(pdftex.def)             Requested size: 244.69084pt x 202.20273pt.
Package epstopdf Info: Source file: <clump_1/best_fit/d806OI.eps>
(epstopdf)                    date: 2015-04-29 14:02:07
(epstopdf)                    size: 164433 bytes
(epstopdf)             Output file: <clump_1/best_fit/d806OI-eps-converted-to.p
df>
(epstopdf)                    date: 2015-05-18 13:18:40
(epstopdf)                    size: 13110 bytes
(epstopdf)             Command: <repstopdf --outfile=clump_1/best_fit/d806OI-ep
s-converted-to.pdf clump_1/best_fit/d806OI.eps>
(epstopdf)             \includegraphics on input line 1100.
Package epstopdf Info: Output file is already uptodate.

<clump_1/best_fit/d806OI-eps-converted-to.pdf, id=562, 562.1pt x 421.575pt>
File: clump_1/best_fit/d806OI-eps-converted-to.pdf Graphic file (type pdf)

<use clump_1/best_fit/d806OI-eps-converted-to.pdf>
Package pdftex.def Info: clump_1/best_fit/d806OI-eps-converted-to.pdf used on i
nput line 1100.
(pdftex.def)             Requested size: 245.71466pt x 202.20273pt.


LaTeX Warning: Reference `clumped1' on page 13 undefined on input line 1103.


LaTeX Warning: Reference `d1862_3604_cmax' on page 13 undefined on input line 1
119.


LaTeX Warning: Reference `d1862_3604_cmax' on page 13 undefined on input line 1
120.


LaTeX Warning: Reference `d1862_3604_cmax' on page 13 undefined on input line 1
121.


Overfull \hbox (8.1496pt too wide) in paragraph at lines 1110--1126
 []$[]$ 
 []


LaTeX Warning: Reference `clumped1' on page 13 undefined on input line 1154.


LaTeX Warning: Reference `d714_c' on page 13 undefined on input line 1155.


LaTeX Warning: Reference `d1862_3604_c' on page 13 undefined on input line 1155
.


LaTeX Warning: Reference `d1862_3604_cmax' on page 13 undefined on input line 1
173.


LaTeX Warning: Reference `clumped2' on page 13 undefined on input line 1174.


Package hyperref Warning: Token not allowed in a PDF string (PDFDocEncoding):
(hyperref)                removing `math shift' on input line 1177.


Package hyperref Warning: Token not allowed in a PDF string (PDFDocEncoding):
(hyperref)                removing `\alpha' on input line 1177.


Package hyperref Warning: Token not allowed in a PDF string (PDFDocEncoding):
(hyperref)                removing `math shift' on input line 1177.

./87A_paper_rv.tex:1180: Display math should end with $$.
<to be read again> 
                    
l.1180 ...d side of the data $v>2000$~km~s$$^{-1}$
                                                  
? 
./87A_paper_rv.tex:1180: Emergency stop.
<to be read again> 
                    
l.1180 ...d side of the data $v>2000$~km~s$$^{-1}$
                                                  
End of file on the terminal!

 
Here is how much of TeX's memory you used:
 7112 strings out of 493117
 103373 string characters out of 6135433
 208684 words of memory out of 5000000
 10399 multiletter control sequences out of 15000+600000
 19000 words of font info for 67 fonts, out of 8000000 for 9000
 1141 hyphenation exceptions out of 8191
 36i,19n,34p,485b,360s stack positions out of 5000i,500n,10000p,200000b,80000s
./87A_paper_rv.tex:1180:  ==> Fatal error occurred, no output PDF file produced
!
