\BOOKMARK [1][-]{section.1}{Introduction}{}% 1
\BOOKMARK [1][-]{section.2}{Archival spectra of SN 1987A}{}% 2
\BOOKMARK [2][-]{subsection.2.1}{Contamination of the H profiles}{section.2}% 3
\BOOKMARK [1][-]{section.3}{The DAMOCLES code}{}% 4
\BOOKMARK [2][-]{subsection.3.1}{The energy packet formalism}{section.3}% 5
\BOOKMARK [2][-]{subsection.3.2}{The geometry of the ejecta and the grid}{section.3}% 6
\BOOKMARK [2][-]{subsection.3.3}{The radiative transport mechanism}{section.3}% 7
\BOOKMARK [2][-]{subsection.3.4}{Properties of the Dusty Medium}{section.3}% 8
\BOOKMARK [1][-]{section.4}{Comparison of DAMOCLES models with analytical and previously published results}{}% 9
\BOOKMARK [2][-]{subsection.4.1}{Comparison of DAMOCLES models with analytical results}{section.4}% 10
\BOOKMARK [2][-]{subsection.4.2}{Comparison of DAMOCLES models with previously published results}{section.4}% 11
\BOOKMARK [2][-]{subsection.4.3}{The sensitivity of the variable parameters}{section.4}% 12
\BOOKMARK [2][-]{subsection.4.4}{Inferring properties of the dust from the models}{section.4}% 13
\BOOKMARK [2][-]{subsection.4.5}{The wavelength dependence of dust absorption}{section.4}% 14
\BOOKMARK [1][-]{section.5}{Results for SN 1987A}{}% 15
\BOOKMARK [2][-]{subsection.5.1}{Smooth Density Models for SN 1987A}{section.5}% 16
\BOOKMARK [2][-]{subsection.5.2}{Clumped Models for SN 1987A}{section.5}% 17
\BOOKMARK [2][-]{subsection.5.3}{The effect of clumping}{section.5}% 18
\BOOKMARK [2][-]{subsection.5.4}{The effect of a grain size distribution}{section.5}% 19
\BOOKMARK [2][-]{subsection.5.5}{The effect of different grain species}{section.5}% 20
\BOOKMARK [2][-]{subsection.5.6}{Predicting unattenuated fluxes}{section.5}% 21
\BOOKMARK [1][-]{section.6}{Discussion}{}% 22
\BOOKMARK [1][-]{section.7}{Conclusions}{}% 23
\BOOKMARK [1][-]{section.A1}{}{}% 24
