This is pdfTeX, Version 3.14159265-2.6-1.40.15 (TeX Live 2014) (preloaded format=pdflatex 2015.3.17)  5 JUN 2015 21:36
entering extended mode
 restricted \write18 enabled.
 file:line:error style messages enabled.
 %&-line parsing enabled.
**87A_paper_new.tex
(./87A_paper_new.tex
LaTeX2e <2014/05/01>
Babel <3.9k> and hyphenation patterns for 78 languages loaded.
(./mnras.cls
Document Class: mnras 2015/05/14\ v3.0beta\ LaTeX2e MNRAS document class
MNRAS document style v3.0beta, released 2015/05/14

./mnras.cls:113: LaTeX Error: \RequirePackage or \LoadClass in Options Section.


See the LaTeX manual or LaTeX Companion for explanation.
Type  H <return>  for immediate help.
 ...                                              
                                                  
l.113 \ProcessOptions\relax
                           
? 
(/usr/local/texlive/2014/texmf-dist/tex/latex/geometry/geometry.sty
Package: geometry 2010/09/12 v5.6 Page Geometry

(/usr/local/texlive/2014/texmf-dist/tex/latex/graphics/keyval.sty
Package: keyval 2014/05/08 v1.15 key=value parser (DPC)
\KV@toks@=\toks14
)
(/usr/local/texlive/2014/texmf-dist/tex/generic/oberdiek/ifpdf.sty
Package: ifpdf 2011/01/30 v2.3 Provides the ifpdf switch (HO)
Package ifpdf Info: pdfTeX in PDF mode is detected.
)
(/usr/local/texlive/2014/texmf-dist/tex/generic/oberdiek/ifvtex.sty
Package: ifvtex 2010/03/01 v1.5 Detect VTeX and its facilities (HO)
Package ifvtex Info: VTeX not detected.
)
(/usr/local/texlive/2014/texmf-dist/tex/generic/ifxetex/ifxetex.sty
Package: ifxetex 2010/09/12 v0.6 Provides ifxetex conditional
)
\Gm@cnth=\count79
\Gm@cntv=\count80
\c@Gm@tempcnt=\count81
\Gm@bindingoffset=\dimen102
\Gm@wd@mp=\dimen103
\Gm@odd@mp=\dimen104
\Gm@even@mp=\dimen105
\Gm@layoutwidth=\dimen106
\Gm@layoutheight=\dimen107
\Gm@layouthoffset=\dimen108
\Gm@layoutvoffset=\dimen109
\Gm@dimlist=\toks15
)
(/usr/local/texlive/2014/texmf-dist/tex/latex/base/fixltx2e.sty
Package: fixltx2e 2014/05/13 v1.1q fixes to LaTeX
LaTeX Info: Redefining \em on input line 429.
)
(/usr/local/texlive/2014/texmf-dist/tex/latex/hyperref/hyperref.sty
Package: hyperref 2012/11/06 v6.83m Hypertext links for LaTeX

(/usr/local/texlive/2014/texmf-dist/tex/generic/oberdiek/hobsub-hyperref.sty
Package: hobsub-hyperref 2012/05/28 v1.13 Bundle oberdiek, subset hyperref (HO)


(/usr/local/texlive/2014/texmf-dist/tex/generic/oberdiek/hobsub-generic.sty
Package: hobsub-generic 2012/05/28 v1.13 Bundle oberdiek, subset generic (HO)
Package: hobsub 2012/05/28 v1.13 Construct package bundles (HO)
Package: infwarerr 2010/04/08 v1.3 Providing info/warning/error messages (HO)
Package: ltxcmds 2011/11/09 v1.22 LaTeX kernel commands for general use (HO)
Package: ifluatex 2010/03/01 v1.3 Provides the ifluatex switch (HO)
Package ifluatex Info: LuaTeX not detected.
Package hobsub Info: Skipping package `ifvtex' (already loaded).
Package: intcalc 2007/09/27 v1.1 Expandable calculations with integers (HO)
Package hobsub Info: Skipping package `ifpdf' (already loaded).
Package: etexcmds 2011/02/16 v1.5 Avoid name clashes with e-TeX commands (HO)
Package etexcmds Info: Could not find \expanded.
(etexcmds)             That can mean that you are not using pdfTeX 1.50 or
(etexcmds)             that some package has redefined \expanded.
(etexcmds)             In the latter case, load this package earlier.
Package: kvsetkeys 2012/04/25 v1.16 Key value parser (HO)
Package: kvdefinekeys 2011/04/07 v1.3 Define keys (HO)
Package: pdftexcmds 2011/11/29 v0.20 Utility functions of pdfTeX for LuaTeX (HO
)
Package pdftexcmds Info: LuaTeX not detected.
Package pdftexcmds Info: \pdf@primitive is available.
Package pdftexcmds Info: \pdf@ifprimitive is available.
Package pdftexcmds Info: \pdfdraftmode found.
Package: pdfescape 2011/11/25 v1.13 Implements pdfTeX's escape features (HO)
Package: bigintcalc 2012/04/08 v1.3 Expandable calculations on big integers (HO
)
Package: bitset 2011/01/30 v1.1 Handle bit-vector datatype (HO)
Package: uniquecounter 2011/01/30 v1.2 Provide unlimited unique counter (HO)
)
Package hobsub Info: Skipping package `hobsub' (already loaded).
Package: letltxmacro 2010/09/02 v1.4 Let assignment for LaTeX macros (HO)
Package: hopatch 2012/05/28 v1.2 Wrapper for package hooks (HO)
Package: xcolor-patch 2011/01/30 xcolor patch
Package: atveryend 2011/06/30 v1.8 Hooks at the very end of document (HO)
Package atveryend Info: \enddocument detected (standard20110627).
Package: atbegshi 2011/10/05 v1.16 At begin shipout hook (HO)
Package: refcount 2011/10/16 v3.4 Data extraction from label references (HO)
Package: hycolor 2011/01/30 v1.7 Color options for hyperref/bookmark (HO)
)
(/usr/local/texlive/2014/texmf-dist/tex/latex/oberdiek/auxhook.sty
Package: auxhook 2011/03/04 v1.3 Hooks for auxiliary files (HO)
)
(/usr/local/texlive/2014/texmf-dist/tex/latex/oberdiek/kvoptions.sty
Package: kvoptions 2011/06/30 v3.11 Key value format for package options (HO)
)
\@linkdim=\dimen110
\Hy@linkcounter=\count82
\Hy@pagecounter=\count83

(/usr/local/texlive/2014/texmf-dist/tex/latex/hyperref/pd1enc.def
File: pd1enc.def 2012/11/06 v6.83m Hyperref: PDFDocEncoding definition (HO)
)
\Hy@SavedSpaceFactor=\count84

(/usr/local/texlive/2014/texmf-dist/tex/latex/latexconfig/hyperref.cfg
File: hyperref.cfg 2002/06/06 v1.2 hyperref configuration of TeXLive
)
Package hyperref Info: Hyper figures OFF on input line 4443.
Package hyperref Info: Link nesting OFF on input line 4448.
Package hyperref Info: Hyper index ON on input line 4451.
Package hyperref Info: Plain pages OFF on input line 4458.
Package hyperref Info: Backreferencing OFF on input line 4463.
Package hyperref Info: Implicit mode ON; LaTeX internals redefined.
Package hyperref Info: Bookmarks ON on input line 4688.
\c@Hy@tempcnt=\count85

(/usr/local/texlive/2014/texmf-dist/tex/latex/url/url.sty
\Urlmuskip=\muskip10
Package: url 2013/09/16  ver 3.4  Verb mode for urls, etc.
)
LaTeX Info: Redefining \url on input line 5041.
\XeTeXLinkMargin=\dimen111
\Fld@menulength=\count86
\Field@Width=\dimen112
\Fld@charsize=\dimen113
Package hyperref Info: Hyper figures OFF on input line 6295.
Package hyperref Info: Link nesting OFF on input line 6300.
Package hyperref Info: Hyper index ON on input line 6303.
Package hyperref Info: backreferencing OFF on input line 6310.
Package hyperref Info: Link coloring OFF on input line 6315.
Package hyperref Info: Link coloring with OCG OFF on input line 6320.
Package hyperref Info: PDF/A mode OFF on input line 6325.
LaTeX Info: Redefining \ref on input line 6365.
LaTeX Info: Redefining \pageref on input line 6369.


Package hyperref Warning: Option `pdfpagelabels' is turned off
(hyperref)                because \thepage is undefined.

\c@Item=\count87
\c@Hfootnote=\count88
)

Package hyperref Message: Driver (autodetected): hpdftex.

(/usr/local/texlive/2014/texmf-dist/tex/latex/hyperref/hpdftex.def
File: hpdftex.def 2012/11/06 v6.83m Hyperref driver for pdfTeX
\Fld@listcount=\count89
\c@bookmark@seq@number=\count90

(/usr/local/texlive/2014/texmf-dist/tex/latex/oberdiek/rerunfilecheck.sty
Package: rerunfilecheck 2011/04/15 v1.7 Rerun checks for auxiliary files (HO)
Package uniquecounter Info: New unique counter `rerunfilecheck' on input line 2
82.
)
\Hy@SectionHShift=\skip41
)
Package hyperref Info: Option `colorlinks' set `true' on input line 123.
\math@groups=\toks16
LaTeX Font Info:    Overwriting symbol font `symbols' in version `bold'
(Font)                  OMS/cmsy/b/n --> OMS/cmsy/b/n on input line 276.
\symbmisymbols=\mathgroup4
\symUPM=\mathgroup5
LaTeX Font Info:    Overwriting symbol font `UPM' in version `bold'
(Font)                  U/eur/m/n --> U/eur/b/n on input line 313.
\symAMSa=\mathgroup6
\SFB@measure=\dimen114
\realparindent=\skip42
\c@part=\count91
\c@section=\count92
\c@subsection=\count93
\c@subsubsection=\count94
\c@paragraph=\count95
\c@subparagraph=\count96
\@indentskip=\skip43
\smallindent=\skip44
\@footindent=\skip45
\@leftskip=\skip46

(/usr/local/texlive/2014/texmf-dist/tex/latex/natbib/natbib.sty
Package: natbib 2010/09/13 8.31b (PWD, AO)
\bibhang=\skip47
\bibsep=\skip48
LaTeX Info: Redefining \cite on input line 694.
\c@NAT@ctr=\count97
)
\c@table=\count98
\c@figure=\count99
)
(/usr/local/texlive/2014/texmf-dist/tex/latex/amsmath/amsmath.sty
Package: amsmath 2013/01/14 v2.14 AMS math features
\@mathmargin=\skip49

For additional information on amsmath, use the `?' option.
(/usr/local/texlive/2014/texmf-dist/tex/latex/amsmath/amstext.sty
Package: amstext 2000/06/29 v2.01

(/usr/local/texlive/2014/texmf-dist/tex/latex/amsmath/amsgen.sty
File: amsgen.sty 1999/11/30 v2.0
\@emptytoks=\toks17
\ex@=\dimen115
))
(/usr/local/texlive/2014/texmf-dist/tex/latex/amsmath/amsbsy.sty
Package: amsbsy 1999/11/29 v1.2d
\pmbraise@=\dimen116
)
(/usr/local/texlive/2014/texmf-dist/tex/latex/amsmath/amsopn.sty
Package: amsopn 1999/12/14 v2.01 operator names
)
\inf@bad=\count100
LaTeX Info: Redefining \frac on input line 210.
\uproot@=\count101
\leftroot@=\count102
LaTeX Info: Redefining \overline on input line 306.
\classnum@=\count103
\DOTSCASE@=\count104
LaTeX Info: Redefining \ldots on input line 378.
LaTeX Info: Redefining \dots on input line 381.
LaTeX Info: Redefining \cdots on input line 466.
\Mathstrutbox@=\box26
\strutbox@=\box27
\big@size=\dimen117
LaTeX Font Info:    Redeclaring font encoding OML on input line 566.
LaTeX Font Info:    Redeclaring font encoding OMS on input line 567.
\macc@depth=\count105
\c@MaxMatrixCols=\count106
\dotsspace@=\muskip11
\c@parentequation=\count107
\dspbrk@lvl=\count108
\tag@help=\toks18
\row@=\count109
\column@=\count110
\maxfields@=\count111
\andhelp@=\toks19
\eqnshift@=\dimen118
\alignsep@=\dimen119
\tagshift@=\dimen120
\tagwidth@=\dimen121
\totwidth@=\dimen122
\lineht@=\dimen123
\@envbody=\toks20
\multlinegap=\skip50
\multlinetaggap=\skip51
\mathdisplay@stack=\toks21
LaTeX Info: Redefining \[ on input line 2665.
LaTeX Info: Redefining \] on input line 2666.
)
(/usr/local/texlive/2014/texmf-dist/tex/latex/morefloats/morefloats.sty
Package: morefloats 2012/01/28 v1.0f Raise limit of unprocessed floats (HMM; DH
)
Package morefloats Info: Maximum number of possible floats asked for: 36.
(morefloats)             LaTeX might run out of memory before this
(morefloats)             (in which case it will notify you).
(morefloats)              on input line 171.
\bx@S=\insert233
\bx@T=\insert232
\bx@U=\insert231
\bx@V=\insert230
\bx@W=\insert229
\bx@X=\insert228
\bx@Y=\insert227
\bx@Z=\insert226
\bx@AA=\insert225
\bx@AB=\insert224
\bx@AC=\insert223
\bx@AD=\insert222
\bx@AE=\insert221
\bx@AF=\insert220
\bx@AG=\insert219
\bx@AH=\insert218
\bx@AI=\insert217
\bx@AJ=\insert216
)
(/usr/local/texlive/2014/texmf-dist/tex/latex/graphics/graphicx.sty
Package: graphicx 2014/04/25 v1.0g Enhanced LaTeX Graphics (DPC,SPQR)

(/usr/local/texlive/2014/texmf-dist/tex/latex/graphics/graphics.sty
Package: graphics 2009/02/05 v1.0o Standard LaTeX Graphics (DPC,SPQR)

(/usr/local/texlive/2014/texmf-dist/tex/latex/graphics/trig.sty
Package: trig 1999/03/16 v1.09 sin cos tan (DPC)
)
(/usr/local/texlive/2014/texmf-dist/tex/latex/latexconfig/graphics.cfg
File: graphics.cfg 2010/04/23 v1.9 graphics configuration of TeX Live
)
Package graphics Info: Driver file: pdftex.def on input line 91.

(/usr/local/texlive/2014/texmf-dist/tex/latex/pdftex-def/pdftex.def
File: pdftex.def 2011/05/27 v0.06d Graphics/color for pdfTeX
\Gread@gobject=\count112
))
\Gin@req@height=\dimen124
\Gin@req@width=\dimen125
)
(/usr/local/texlive/2014/texmf-dist/tex/latex/tools/array.sty
Package: array 2008/09/09 v2.4c Tabular extension package (FMi)
\col@sep=\dimen126
\extrarowheight=\dimen127
\NC@list=\toks22
\extratabsurround=\skip52
\backup@length=\skip53
)
(./87A_paper_new.aux)
\openout1 = `87A_paper_new.aux'.

LaTeX Font Info:    Checking defaults for OML/cmm/m/it on input line 12.
LaTeX Font Info:    ... okay on input line 12.
LaTeX Font Info:    Checking defaults for T1/cmr/m/n on input line 12.
LaTeX Font Info:    ... okay on input line 12.
LaTeX Font Info:    Checking defaults for OT1/cmr/m/n on input line 12.
LaTeX Font Info:    ... okay on input line 12.
LaTeX Font Info:    Checking defaults for OMS/cmsy/m/n on input line 12.
LaTeX Font Info:    ... okay on input line 12.
LaTeX Font Info:    Checking defaults for OMX/cmex/m/n on input line 12.
LaTeX Font Info:    ... okay on input line 12.
LaTeX Font Info:    Checking defaults for U/cmr/m/n on input line 12.
LaTeX Font Info:    ... okay on input line 12.
LaTeX Font Info:    Checking defaults for PD1/pdf/m/n on input line 12.
LaTeX Font Info:    ... okay on input line 12.

*geometry* driver: auto-detecting
*geometry* detected driver: pdftex
*geometry* verbose mode - [ preamble ] result:
* driver: pdftex
* paper: a4paper
* layout: <same size as paper>
* layoutoffset:(h,v)=(0.0pt,0.0pt)
* modes: twoside 
* h-part:(L,W,R)=(71.70166pt, 418.25368pt, 107.55254pt)
* v-part:(T,H,B)=(101.40665pt, 591.5302pt, 152.11pt)
* \paperwidth=597.50787pt
* \paperheight=845.04684pt
* \textwidth=504.0pt
* \textheight=682.0pt
* \oddsidemargin=-30.0pt
* \evensidemargin=-30.0pt
* \topmargin=0.0pt
* \headheight=14.0pt
* \headsep=15.0pt
* \topskip=9.0pt
* \footskip=22.0pt
* \marginparwidth=48.0pt
* \marginparsep=6.0pt
* \columnsep=24.0pt
* \skip\footins=19.5pt plus 12.0pt minus 1.0pt
* \hoffset=0.0pt
* \voffset=0.0pt
* \mag=1000
* \@twocolumntrue
* \@twosidetrue
* \@mparswitchtrue
* \@reversemarginfalse
* (1in=72.27pt=25.4mm, 1cm=28.453pt)

\AtBeginShipoutBox=\box28
(/usr/local/texlive/2014/texmf-dist/tex/latex/graphics/color.sty
Package: color 2014/04/23 v1.1a Standard LaTeX Color (DPC)

(/usr/local/texlive/2014/texmf-dist/tex/latex/latexconfig/color.cfg
File: color.cfg 2007/01/18 v1.5 color configuration of teTeX/TeXLive
)
Package color Info: Driver file: pdftex.def on input line 137.
)
Package hyperref Info: Link coloring ON on input line 12.

(/usr/local/texlive/2014/texmf-dist/tex/latex/hyperref/nameref.sty
Package: nameref 2012/10/27 v2.43 Cross-referencing by name of section

(/usr/local/texlive/2014/texmf-dist/tex/generic/oberdiek/gettitlestring.sty
Package: gettitlestring 2010/12/03 v1.4 Cleanup title references (HO)
)
\c@section@level=\count113
)
LaTeX Info: Redefining \ref on input line 12.
LaTeX Info: Redefining \pageref on input line 12.
LaTeX Info: Redefining \nameref on input line 12.

(./87A_paper_new.out) (./87A_paper_new.out)
\@outlinefile=\write3
\openout3 = `87A_paper_new.out'.


(/usr/local/texlive/2014/texmf-dist/tex/context/base/supp-pdf.mkii
[Loading MPS to PDF converter (version 2006.09.02).]
\scratchcounter=\count114
\scratchdimen=\dimen128
\scratchbox=\box29
\nofMPsegments=\count115
\nofMParguments=\count116
\everyMPshowfont=\toks23
\MPscratchCnt=\count117
\MPscratchDim=\dimen129
\MPnumerator=\count118
\makeMPintoPDFobject=\count119
\everyMPtoPDFconversion=\toks24
) (/usr/local/texlive/2014/texmf-dist/tex/latex/oberdiek/epstopdf-base.sty
Package: epstopdf-base 2010/02/09 v2.5 Base part for package epstopdf

(/usr/local/texlive/2014/texmf-dist/tex/latex/oberdiek/grfext.sty
Package: grfext 2010/08/19 v1.1 Manage graphics extensions (HO)
)
Package grfext Info: Graphics extension search list:
(grfext)             [.png,.pdf,.jpg,.mps,.jpeg,.jbig2,.jb2,.PNG,.PDF,.JPG,.JPE
G,.JBIG2,.JB2,.eps]
(grfext)             \AppendGraphicsExtensions on input line 452.

(/usr/local/texlive/2014/texmf-dist/tex/latex/latexconfig/epstopdf-sys.cfg
File: epstopdf-sys.cfg 2010/07/13 v1.3 Configuration of (r)epstopdf for TeX Liv
e
))
LaTeX Font Info:    Try loading font information for U+eur on input line 18.

(/usr/local/texlive/2014/texmf-dist/tex/latex/amsfonts/ueur.fd
File: ueur.fd 2013/01/14 v3.01 Euler Roman
)
LaTeX Font Info:    Try loading font information for U+msa on input line 18.

(/usr/local/texlive/2014/texmf-dist/tex/latex/amsfonts/umsa.fd
File: umsa.fd 2013/01/14 v3.01 AMS symbols A
)
Underfull \vbox (badness 10000) has occurred while \output is active []


Underfull \vbox (badness 10000) has occurred while \output is active []

LaTeX Font Info:    Try loading font information for OMS+cmr on input line 41.

(/usr/local/texlive/2014/texmf-dist/tex/latex/base/omscmr.fd
File: omscmr.fd 1999/05/25 v2.5h Standard LaTeX font definitions
)
LaTeX Font Info:    Font shape `OMS/cmr/m/n' in size <8> not available
(Font)              Font shape `OMS/cmsy/m/n' tried instead on input line 41.
 [1{/usr/local/texlive/2014/texmf-var/fonts/map/pdftex/updmap/pdftex.map}


]
Package epstopdf Info: Source file: <Ha_evol_early_1col.eps>
(epstopdf)                    date: 2015-04-27 13:46:43
(epstopdf)                    size: 526578 bytes
(epstopdf)             Output file: <Ha_evol_early_1col-eps-converted-to.pdf>
(epstopdf)                    date: 2015-05-18 13:17:55
(epstopdf)                    size: 126933 bytes
(epstopdf)             Command: <repstopdf --outfile=Ha_evol_early_1col-eps-con
verted-to.pdf Ha_evol_early_1col.eps>
(epstopdf)             \includegraphics on input line 53.
Package epstopdf Info: Output file is already uptodate.

<Ha_evol_early_1col-eps-converted-to.pdf, id=147, 562.1pt x 421.575pt>
File: Ha_evol_early_1col-eps-converted-to.pdf Graphic file (type pdf)

<use Ha_evol_early_1col-eps-converted-to.pdf>
Package pdftex.def Info: Ha_evol_early_1col-eps-converted-to.pdf used on input 
line 53.
(pdftex.def)             Requested size: 243.66702pt x 202.20273pt.

Overfull \hbox (3.66702pt too wide) in paragraph at lines 53--54
[][]
 []


Underfull \vbox (badness 6412) has occurred while \output is active []


Overfull \hbox (6.07985pt too wide) in paragraph at lines 76--98
[][] 
 []


Overfull \hbox (8.1496pt too wide) in paragraph at lines 73--99
 []$[]$ 
 []

Package epstopdf Info: Source file: <Ha_evol_late_1col.eps>
(epstopdf)                    date: 2015-04-27 13:46:53
(epstopdf)                    size: 555021 bytes
(epstopdf)             Output file: <Ha_evol_late_1col-eps-converted-to.pdf>
(epstopdf)                    date: 2015-05-18 13:17:56
(epstopdf)                    size: 125752 bytes
(epstopdf)             Command: <repstopdf --outfile=Ha_evol_late_1col-eps-conv
erted-to.pdf Ha_evol_late_1col.eps>
(epstopdf)             \includegraphics on input line 105.
Package epstopdf Info: Output file is already uptodate.
<Ha_evol_late_1col-eps-converted-to.pdf, id=194, 562.1pt x 421.575pt>
File: Ha_evol_late_1col-eps-converted-to.pdf Graphic file (type pdf)

<use Ha_evol_late_1col-eps-converted-to.pdf>
Package pdftex.def Info: Ha_evol_late_1col-eps-converted-to.pdf used on input l
ine 105.
(pdftex.def)             Requested size: 240.59558pt x 202.20273pt.

Overfull \hbox (0.59558pt too wide) in paragraph at lines 105--106
[][]
 []


Underfull \vbox (badness 10000) has occurred while \output is active []

 [2pdfTeX warning (ext4): destination with the same identifier (name{figure.1})
 has been already used, duplicate ignored

\AtBegShi@Output ...ipout \box \AtBeginShipoutBox 
                                                  \fi \fi 
l.146 
      pdfTeX warning (ext4): destination with the same identifier (name{figure.
2}) has been already used, duplicate ignored

\AtBegShi@Output ...ipout \box \AtBeginShipoutBox 
                                                  \fi \fi 
l.146 
       <./Ha_evol_early_1col-eps-converted-to.pdf> <./Ha_evol_late_1col-eps-con
verted-to.pdf>]

LaTeX Warning: Command \r invalid in math mode on input line 149.

[3pdfTeX warning (ext4): destination with the same identifier (name{table.1}) h
as been already used, duplicate ignored

\AtBegShi@Output ...ipout \box \AtBeginShipoutBox 
                                                  \fi \fi 
l.161 \end{equation}
                    pdfTeX warning (ext4): destination with the same identifier
 (name{table.2}) has been already used, duplicate ignored

\AtBegShi@Output ...ipout \box \AtBeginShipoutBox 
                                                  \fi \fi 
l.161 \end{equation}
                    ]
Underfull \hbox (badness 4673) in paragraph at lines 170--171
\OT1/cmr/m/n/9 The su-per-nova ejecta is ap-prox-i-mated by a three-
 []

Package epstopdf Info: Source file: <params/A/b0_r0_2.eps>
(epstopdf)                    date: 2015-05-05 21:53:59
(epstopdf)                    size: 265640 bytes
(epstopdf)             Output file: <params/A/b0_r0_2-eps-converted-to.pdf>
(epstopdf)                    date: 2015-05-18 13:17:57
(epstopdf)                    size: 20183 bytes
(epstopdf)             Command: <repstopdf --outfile=params/A/b0_r0_2-eps-conve
rted-to.pdf params/A/b0_r0_2.eps>
(epstopdf)             \includegraphics on input line 185.
Package epstopdf Info: Output file is already uptodate.
<params/A/b0_r0_2-eps-converted-to.pdf, id=265, 562.1pt x 421.575pt>
File: params/A/b0_r0_2-eps-converted-to.pdf Graphic file (type pdf)

<use params/A/b0_r0_2-eps-converted-to.pdf>
Package pdftex.def Info: params/A/b0_r0_2-eps-converted-to.pdf used on input li
ne 185.
(pdftex.def)             Requested size: 167.22247pt x 129.68274pt.
Package epstopdf Info: Source file: <params/A/b1_r0_2.eps>
(epstopdf)                    date: 2015-05-05 22:09:25
(epstopdf)                    size: 265520 bytes
(epstopdf)             Output file: <params/A/b1_r0_2-eps-converted-to.pdf>
(epstopdf)                    date: 2015-05-18 13:17:58
(epstopdf)                    size: 20460 bytes
(epstopdf)             Command: <repstopdf --outfile=params/A/b1_r0_2-eps-conve
rted-to.pdf params/A/b1_r0_2.eps>
(epstopdf)             \includegraphics on input line 186.
Package epstopdf Info: Output file is already uptodate.

<params/A/b1_r0_2-eps-converted-to.pdf, id=267, 562.1pt x 421.575pt>
File: params/A/b1_r0_2-eps-converted-to.pdf Graphic file (type pdf)

<use params/A/b1_r0_2-eps-converted-to.pdf>
Package pdftex.def Info: params/A/b1_r0_2-eps-converted-to.pdf used on input li
ne 186.
(pdftex.def)             Requested size: 163.12723pt x 129.68274pt.
Package epstopdf Info: Source file: <params/A/b2_r0_2.eps>
(epstopdf)                    date: 2015-05-05 21:48:38
(epstopdf)                    size: 265789 bytes
(epstopdf)             Output file: <params/A/b2_r0_2-eps-converted-to.pdf>
(epstopdf)                    date: 2015-05-18 13:18:00
(epstopdf)                    size: 20028 bytes
(epstopdf)             Command: <repstopdf --outfile=params/A/b2_r0_2-eps-conve
rted-to.pdf params/A/b2_r0_2.eps>
(epstopdf)             \includegraphics on input line 187.
Package epstopdf Info: Output file is already uptodate.

<params/A/b2_r0_2-eps-converted-to.pdf, id=269, 562.1pt x 421.575pt>
File: params/A/b2_r0_2-eps-converted-to.pdf Graphic file (type pdf)

<use params/A/b2_r0_2-eps-converted-to.pdf>
Package pdftex.def Info: params/A/b2_r0_2-eps-converted-to.pdf used on input li
ne 187.
(pdftex.def)             Requested size: 163.12723pt x 129.68274pt.
Package epstopdf Info: Source file: <params/A/b0_r0.eps>
(epstopdf)                    date: 2015-05-05 22:07:35
(epstopdf)                    size: 250598 bytes
(epstopdf)             Output file: <params/A/b0_r0-eps-converted-to.pdf>
(epstopdf)                    date: 2015-05-18 13:18:01
(epstopdf)                    size: 17077 bytes
(epstopdf)             Command: <repstopdf --outfile=params/A/b0_r0-eps-convert
ed-to.pdf params/A/b0_r0.eps>
(epstopdf)             \includegraphics on input line 189.
Package epstopdf Info: Output file is already uptodate.

<params/A/b0_r0-eps-converted-to.pdf, id=271, 562.1pt x 421.575pt>
File: params/A/b0_r0-eps-converted-to.pdf Graphic file (type pdf)

<use params/A/b0_r0-eps-converted-to.pdf>
Package pdftex.def Info: params/A/b0_r0-eps-converted-to.pdf used on input line
 189.
(pdftex.def)             Requested size: 167.22247pt x 136.50818pt.
Package epstopdf Info: Source file: <params/A/b1_r0.eps>
(epstopdf)                    date: 2015-05-05 22:11:52
(epstopdf)                    size: 250497 bytes
(epstopdf)             Output file: <params/A/b1_r0-eps-converted-to.pdf>
(epstopdf)                    date: 2015-05-18 13:18:02
(epstopdf)                    size: 17292 bytes
(epstopdf)             Command: <repstopdf --outfile=params/A/b1_r0-eps-convert
ed-to.pdf params/A/b1_r0.eps>
(epstopdf)             \includegraphics on input line 190.
Package epstopdf Info: Output file is already uptodate.

<params/A/b1_r0-eps-converted-to.pdf, id=273, 562.1pt x 421.575pt>
File: params/A/b1_r0-eps-converted-to.pdf Graphic file (type pdf)

<use params/A/b1_r0-eps-converted-to.pdf>
Package pdftex.def Info: params/A/b1_r0-eps-converted-to.pdf used on input line
 190.
(pdftex.def)             Requested size: 163.12723pt x 136.50818pt.
Package epstopdf Info: Source file: <params/A/b2_r0.eps>
(epstopdf)                    date: 2015-05-05 21:51:30
(epstopdf)                    size: 262408 bytes
(epstopdf)             Output file: <params/A/b2_r0-eps-converted-to.pdf>
(epstopdf)                    date: 2015-05-18 13:18:03
(epstopdf)                    size: 14239 bytes
(epstopdf)             Command: <repstopdf --outfile=params/A/b2_r0-eps-convert
ed-to.pdf params/A/b2_r0.eps>
(epstopdf)             \includegraphics on input line 191.
Package epstopdf Info: Output file is already uptodate.

<params/A/b2_r0-eps-converted-to.pdf, id=275, 562.1pt x 421.575pt>
File: params/A/b2_r0-eps-converted-to.pdf Graphic file (type pdf)

<use params/A/b2_r0-eps-converted-to.pdf>
Package pdftex.def Info: params/A/b2_r0-eps-converted-to.pdf used on input line
 191.
(pdftex.def)             Requested size: 163.12723pt x 136.50818pt.
 [4]
Underfull \vbox (badness 3919) has occurred while \output is active []


Underfull \vbox (badness 1496) has occurred while \output is active []

 [5pdfTeX warning (ext4): destination with the same identifier (name{figure.3})
 has been already used, duplicate ignored

\AtBegShi@Output ...ipout \box \AtBeginShipoutBox 
                                                  \fi \fi 
l.269 \end{equation}
                     <./params/A/b0_r0_2-eps-converted-to.pdf> <./params/A/b1_r
0_2-eps-converted-to.pdf> <./params/A/b2_r0_2-eps-converted-to.pdf> <./params/A
/b0_r0-eps-converted-to.pdf> <./params/A/b1_r0-eps-converted-to.pdf> <./params/
A/b2_r0-eps-converted-to.pdf>]
Package epstopdf Info: Source file: <params/opt_thick_w0.eps>
(epstopdf)                    date: 2015-05-04 12:50:15
(epstopdf)                    size: 188198 bytes
(epstopdf)             Output file: <params/opt_thick_w0-eps-converted-to.pdf>
(epstopdf)                    date: 2015-05-18 13:18:20
(epstopdf)                    size: 13858 bytes
(epstopdf)             Command: <repstopdf --outfile=params/opt_thick_w0-eps-co
nverted-to.pdf params/opt_thick_w0.eps>
(epstopdf)             \includegraphics on input line 280.
Package epstopdf Info: Output file is already uptodate.

<params/opt_thick_w0-eps-converted-to.pdf, id=460, 562.1pt x 421.575pt>
File: params/opt_thick_w0-eps-converted-to.pdf Graphic file (type pdf)

<use params/opt_thick_w0-eps-converted-to.pdf>
Package pdftex.def Info: params/opt_thick_w0-eps-converted-to.pdf used on input
 line 280.
(pdftex.def)             Requested size: 244.69084pt x 202.20273pt.
Package epstopdf Info: Source file: <params/opt_thick_w0_6.eps>
(epstopdf)                    date: 2015-05-04 13:15:57
(epstopdf)                    size: 187640 bytes
(epstopdf)             Output file: <params/opt_thick_w0_6-eps-converted-to.pdf
>
(epstopdf)                    date: 2015-05-18 13:18:21
(epstopdf)                    size: 14538 bytes
(epstopdf)             Command: <repstopdf --outfile=params/opt_thick_w0_6-eps-
converted-to.pdf params/opt_thick_w0_6.eps>
(epstopdf)             \includegraphics on input line 281.
Package epstopdf Info: Output file is already uptodate.

<params/opt_thick_w0_6-eps-converted-to.pdf, id=462, 562.1pt x 421.575pt>
File: params/opt_thick_w0_6-eps-converted-to.pdf Graphic file (type pdf)

<use params/opt_thick_w0_6-eps-converted-to.pdf>
Package pdftex.def Info: params/opt_thick_w0_6-eps-converted-to.pdf used on inp
ut line 281.
(pdftex.def)             Requested size: 244.69084pt x 202.20273pt.
Package epstopdf Info: Source file: <params/D/newDall.eps>
(epstopdf)                    date: 2015-05-04 20:56:27
(epstopdf)                    size: 252074 bytes
(epstopdf)             Output file: <params/D/newDall-eps-converted-to.pdf>
(epstopdf)                    date: 2015-05-18 13:18:22
(epstopdf)                    size: 24562 bytes
(epstopdf)             Command: <repstopdf --outfile=params/D/newDall-eps-conve
rted-to.pdf params/D/newDall.eps>
(epstopdf)             \includegraphics on input line 329.
Package epstopdf Info: Output file is already uptodate.

<params/D/newDall-eps-converted-to.pdf, id=480, 1049.9225pt x 927.465pt>
File: params/D/newDall-eps-converted-to.pdf Graphic file (type pdf)

<use params/D/newDall-eps-converted-to.pdf>
Package pdftex.def Info: params/D/newDall-eps-converted-to.pdf used on input li
ne 329.
(pdftex.def)             Requested size: 496.25209pt x 464.71948pt.
Package epstopdf Info: Source file: <params/C/C_all.eps>
(epstopdf)                    date: 2015-05-04 18:48:38
(epstopdf)                    size: 272255 bytes
(epstopdf)             Output file: <params/C/C_all-eps-converted-to.pdf>
(epstopdf)                    date: 2015-05-18 13:18:24
(epstopdf)                    size: 31563 bytes
(epstopdf)             Command: <repstopdf --outfile=params/C/C_all-eps-convert
ed-to.pdf params/C/C_all.eps>
(epstopdf)             \includegraphics on input line 335.
Package epstopdf Info: Output file is already uptodate.

<params/C/C_all-eps-converted-to.pdf, id=482, 1098.1025pt x 901.3675pt>
File: params/C/C_all-eps-converted-to.pdf Graphic file (type pdf)

<use params/C/C_all-eps-converted-to.pdf>
Package pdftex.def Info: params/C/C_all-eps-converted-to.pdf used on input line
 335.
(pdftex.def)             Requested size: 503.48906pt x 451.2793pt.
 [6]
Underfull \vbox (badness 6493) has occurred while \output is active []

 [7pdfTeX warning (ext4): destination with the same identifier (name{figure.4})
 has been already used, duplicate ignored

\AtBegShi@Output ...ipout \box \AtBeginShipoutBox 
                                                  \fi \fi 
l.390 
       <./params/opt_thick_w0-eps-converted-to.pdf> <./params/opt_thick_w0_6-ep
s-converted-to.pdf>]
Package epstopdf Info: Source file: <Qext_grainsize_upto4.eps>
(epstopdf)                    date: 2015-05-28 17:34:33
(epstopdf)                    size: 217906 bytes
(epstopdf)             Output file: <Qext_grainsize_upto4-eps-converted-to.pdf>

(epstopdf)                    date: 2015-06-05 21:36:33
(epstopdf)                    size: 23539 bytes
(epstopdf)             Command: <repstopdf --outfile=Qext_grainsize_upto4-eps-c
onverted-to.pdf Qext_grainsize_upto4.eps>
(epstopdf)             \includegraphics on input line 395.
Package epstopdf Info: Output file is already uptodate.

<Qext_grainsize_upto4-eps-converted-to.pdf, id=562, 562.1pt x 421.575pt>
File: Qext_grainsize_upto4-eps-converted-to.pdf Graphic file (type pdf)

<use Qext_grainsize_upto4-eps-converted-to.pdf>
Package pdftex.def Info: Qext_grainsize_upto4-eps-converted-to.pdf used on inpu
t line 395.
(pdftex.def)             Requested size: 244.69084pt x 202.20273pt.
Package epstopdf Info: Source file: <Qext_grainsize_upto4_log.eps>
(epstopdf)                    date: 2015-05-28 17:33:52
(epstopdf)                    size: 219372 bytes
(epstopdf)             Output file: <Qext_grainsize_upto4_log-eps-converted-to.
pdf>
(epstopdf)                    date: 2015-06-05 21:36:34
(epstopdf)                    size: 23424 bytes
(epstopdf)             Command: <repstopdf --outfile=Qext_grainsize_upto4_log-e
ps-converted-to.pdf Qext_grainsize_upto4_log.eps>
(epstopdf)             \includegraphics on input line 396.
Package epstopdf Info: Output file is already uptodate.

<Qext_grainsize_upto4_log-eps-converted-to.pdf, id=564, 562.1pt x 421.575pt>
File: Qext_grainsize_upto4_log-eps-converted-to.pdf Graphic file (type pdf)

<use Qext_grainsize_upto4_log-eps-converted-to.pdf>
Package pdftex.def Info: Qext_grainsize_upto4_log-eps-converted-to.pdf used on 
input line 396.
(pdftex.def)             Requested size: 244.69084pt x 202.20273pt.
Package epstopdf Info: Source file: <albedo_grainsize_upto4.eps>
(epstopdf)                    date: 2015-05-28 17:37:10
(epstopdf)                    size: 218264 bytes
(epstopdf)             Output file: <albedo_grainsize_upto4-eps-converted-to.pd
f>
(epstopdf)                    date: 2015-06-05 21:36:35
(epstopdf)                    size: 22890 bytes
(epstopdf)             Command: <repstopdf --outfile=albedo_grainsize_upto4-eps
-converted-to.pdf albedo_grainsize_upto4.eps>
(epstopdf)             \includegraphics on input line 397.
Package epstopdf Info: Output file is already uptodate.

<albedo_grainsize_upto4-eps-converted-to.pdf, id=566, 562.1pt x 421.575pt>
File: albedo_grainsize_upto4-eps-converted-to.pdf Graphic file (type pdf)

<use albedo_grainsize_upto4-eps-converted-to.pdf>
Package pdftex.def Info: albedo_grainsize_upto4-eps-converted-to.pdf used on in
put line 397.
(pdftex.def)             Requested size: 244.69084pt x 202.20273pt.
Package epstopdf Info: Source file: <albedo_grainsize_upto4_log.eps>
(epstopdf)                    date: 2015-05-28 17:39:25
(epstopdf)                    size: 219739 bytes
(epstopdf)             Output file: <albedo_grainsize_upto4_log-eps-converted-t
o.pdf>
(epstopdf)                    date: 2015-06-05 21:36:37
(epstopdf)                    size: 22784 bytes
(epstopdf)             Command: <repstopdf --outfile=albedo_grainsize_upto4_log
-eps-converted-to.pdf albedo_grainsize_upto4_log.eps>
(epstopdf)             \includegraphics on input line 398.
Package epstopdf Info: Output file is already uptodate.

<albedo_grainsize_upto4_log-eps-converted-to.pdf, id=568, 562.1pt x 421.575pt>
File: albedo_grainsize_upto4_log-eps-converted-to.pdf Graphic file (type pdf)

<use albedo_grainsize_upto4_log-eps-converted-to.pdf>
Package pdftex.def Info: albedo_grainsize_upto4_log-eps-converted-to.pdf used o
n input line 398.
(pdftex.def)             Requested size: 244.69084pt x 202.20273pt.


Package natbib Warning: Citation `Draine1984' on page 8 undefined on input line
 399.


Package natbib Warning: Citation `Draine1984' on page 8 undefined on input line
 399.


Underfull \vbox (badness 10000) has occurred while \output is active []


Underfull \vbox (badness 10000) has occurred while \output is active []

 [8pdfTeX warning (ext4): destination with the same identifier (name{figure.5})
 has been already used, duplicate ignored

\AtBegShi@Output ...ipout \box \AtBeginShipoutBox 
                                                  \fi \fi 
l.408 
       <./params/D/newDall-eps-converted-to.pdf>]
Overfull \hbox (8.1496pt too wide) in paragraph at lines 411--431
 []$[]$ 
 []


Underfull \vbox (badness 10000) has occurred while \output is active []

 [9pdfTeX warning (ext4): destination with the same identifier (name{figure.6})
 has been already used, duplicate ignored

\AtBegShi@Output ...ipout \box \AtBeginShipoutBox 
                                                  \fi \fi 
l.441 
       <./params/C/C_all-eps-converted-to.pdf>]
Underfull \vbox (badness 10000) has occurred while \output is active []


Underfull \vbox (badness 10000) has occurred while \output is active []

 [10pdfTeX warning (ext4): destination with the same identifier (name{figure.7}
) has been already used, duplicate ignored

\AtBegShi@Output ...ipout \box \AtBeginShipoutBox 
                                                  \fi \fi 
l.441 
      pdfTeX warning (ext4): destination with the same identifier (name{table.3
}) has been already used, duplicate ignored

\AtBegShi@Output ...ipout \box \AtBeginShipoutBox 
                                                  \fi \fi 
l.441 
       <./Qext_grainsize_upto4-eps-converted-to.pdf> <./Qext_grainsize_upto4_lo
g-eps-converted-to.pdf> <./albedo_grainsize_upto4-eps-converted-to.pdf> <./albe
do_grainsize_upto4_log-eps-converted-to.pdf>]
Package epstopdf Info: Source file: <a0_001_opt_thin_HaHbPad.eps>
(epstopdf)                    date: 2015-05-20 18:27:57
(epstopdf)                    size: 251595 bytes
(epstopdf)             Output file: <a0_001_opt_thin_HaHbPad-eps-converted-to.p
df>
(epstopdf)                    date: 2015-05-20 19:00:18
(epstopdf)                    size: 16057 bytes
(epstopdf)             Command: <repstopdf --outfile=a0_001_opt_thin_HaHbPad-ep
s-converted-to.pdf a0_001_opt_thin_HaHbPad.eps>
(epstopdf)             \includegraphics on input line 444.
Package epstopdf Info: Output file is already uptodate.

<a0_001_opt_thin_HaHbPad-eps-converted-to.pdf, id=722, 562.1pt x 421.575pt>
File: a0_001_opt_thin_HaHbPad-eps-converted-to.pdf Graphic file (type pdf)

<use a0_001_opt_thin_HaHbPad-eps-converted-to.pdf>
Package pdftex.def Info: a0_001_opt_thin_HaHbPad-eps-converted-to.pdf used on i
nput line 444.
(pdftex.def)             Requested size: 170.38905pt x 138.7705pt.
Package epstopdf Info: Source file: <a0_1_opt_thin_HaHbPad.eps>
(epstopdf)                    date: 2015-05-20 17:55:41
(epstopdf)                    size: 251686 bytes
(epstopdf)             Output file: <a0_1_opt_thin_HaHbPad-eps-converted-to.pdf
>
(epstopdf)                    date: 2015-05-20 19:00:19
(epstopdf)                    size: 16222 bytes
(epstopdf)             Command: <repstopdf --outfile=a0_1_opt_thin_HaHbPad-eps-
converted-to.pdf a0_1_opt_thin_HaHbPad.eps>
(epstopdf)             \includegraphics on input line 445.
Package epstopdf Info: Output file is already uptodate.

<a0_1_opt_thin_HaHbPad-eps-converted-to.pdf, id=724, 562.1pt x 421.575pt>
File: a0_1_opt_thin_HaHbPad-eps-converted-to.pdf Graphic file (type pdf)

<use a0_1_opt_thin_HaHbPad-eps-converted-to.pdf>
Package pdftex.def Info: a0_1_opt_thin_HaHbPad-eps-converted-to.pdf used on inp
ut line 445.
(pdftex.def)             Requested size: 163.01137pt x 138.7705pt.
Package epstopdf Info: Source file: <a1_opt_thin_HaHbPad.eps>
(epstopdf)                    date: 2015-05-20 17:24:12
(epstopdf)                    size: 250719 bytes
(epstopdf)             Output file: <a1_opt_thin_HaHbPad-eps-converted-to.pdf>
(epstopdf)                    date: 2015-05-20 19:00:20
(epstopdf)                    size: 16108 bytes
(epstopdf)             Command: <repstopdf --outfile=a1_opt_thin_HaHbPad-eps-co
nverted-to.pdf a1_opt_thin_HaHbPad.eps>
(epstopdf)             \includegraphics on input line 446.
Package epstopdf Info: Output file is already uptodate.

<a1_opt_thin_HaHbPad-eps-converted-to.pdf, id=726, 562.1pt x 421.575pt>
File: a1_opt_thin_HaHbPad-eps-converted-to.pdf Graphic file (type pdf)

<use a1_opt_thin_HaHbPad-eps-converted-to.pdf>
Package pdftex.def Info: a1_opt_thin_HaHbPad-eps-converted-to.pdf used on input
 line 446.
(pdftex.def)             Requested size: 164.06532pt x 138.7705pt.
Package epstopdf Info: Source file: <a0_001_opt_thick_HaHbPad.eps>
(epstopdf)                    date: 2015-05-20 18:38:05
(epstopdf)                    size: 250844 bytes
(epstopdf)             Output file: <a0_001_opt_thick_HaHbPad-eps-converted-to.
pdf>
(epstopdf)                    date: 2015-05-20 19:00:21
(epstopdf)                    size: 16083 bytes
(epstopdf)             Command: <repstopdf --outfile=a0_001_opt_thick_HaHbPad-e
ps-converted-to.pdf a0_001_opt_thick_HaHbPad.eps>
(epstopdf)             \includegraphics on input line 447.
Package epstopdf Info: Output file is already uptodate.

<a0_001_opt_thick_HaHbPad-eps-converted-to.pdf, id=728, 562.1pt x 421.575pt>
File: a0_001_opt_thick_HaHbPad-eps-converted-to.pdf Graphic file (type pdf)

<use a0_001_opt_thick_HaHbPad-eps-converted-to.pdf>
Package pdftex.def Info: a0_001_opt_thick_HaHbPad-eps-converted-to.pdf used on 
input line 447.
(pdftex.def)             Requested size: 170.38905pt x 138.7705pt.
Package epstopdf Info: Source file: <a0_1_opt_thick_HaHbPad.eps>
(epstopdf)                    date: 2015-05-20 17:58:34
(epstopdf)                    size: 251740 bytes
(epstopdf)             Output file: <a0_1_opt_thick_HaHbPad-eps-converted-to.pd
f>
(epstopdf)                    date: 2015-05-20 19:00:22
(epstopdf)                    size: 16303 bytes
(epstopdf)             Command: <repstopdf --outfile=a0_1_opt_thick_HaHbPad-eps
-converted-to.pdf a0_1_opt_thick_HaHbPad.eps>
(epstopdf)             \includegraphics on input line 448.
Package epstopdf Info: Output file is already uptodate.

<a0_1_opt_thick_HaHbPad-eps-converted-to.pdf, id=730, 562.1pt x 421.575pt>
File: a0_1_opt_thick_HaHbPad-eps-converted-to.pdf Graphic file (type pdf)

<use a0_1_opt_thick_HaHbPad-eps-converted-to.pdf>
Package pdftex.def Info: a0_1_opt_thick_HaHbPad-eps-converted-to.pdf used on in
put line 448.
(pdftex.def)             Requested size: 163.01137pt x 138.7705pt.
Package epstopdf Info: Source file: <a1_opt_thick_HaHbPad.eps>
(epstopdf)                    date: 2015-05-20 17:19:19
(epstopdf)                    size: 251666 bytes
(epstopdf)             Output file: <a1_opt_thick_HaHbPad-eps-converted-to.pdf>

(epstopdf)                    date: 2015-05-20 19:00:23
(epstopdf)                    size: 16728 bytes
(epstopdf)             Command: <repstopdf --outfile=a1_opt_thick_HaHbPad-eps-c
onverted-to.pdf a1_opt_thick_HaHbPad.eps>
(epstopdf)             \includegraphics on input line 449.
Package epstopdf Info: Output file is already uptodate.

<a1_opt_thick_HaHbPad-eps-converted-to.pdf, id=732, 562.1pt x 421.575pt>
File: a1_opt_thick_HaHbPad-eps-converted-to.pdf Graphic file (type pdf)

<use a1_opt_thick_HaHbPad-eps-converted-to.pdf>
Package pdftex.def Info: a1_opt_thick_HaHbPad-eps-converted-to.pdf used on inpu
t line 449.
(pdftex.def)             Requested size: 164.06532pt x 138.7705pt.
Package epstopdf Info: Source file: <Qabs_a0_001.eps>
(epstopdf)                    date: 2015-05-20 19:27:54
(epstopdf)                    size: 183732 bytes
(epstopdf)             Output file: <Qabs_a0_001-eps-converted-to.pdf>
(epstopdf)                    date: 2015-05-20 19:28:24
(epstopdf)                    size: 12438 bytes
(epstopdf)             Command: <repstopdf --outfile=Qabs_a0_001-eps-converted-
to.pdf Qabs_a0_001.eps>
(epstopdf)             \includegraphics on input line 450.
Package epstopdf Info: Output file is already uptodate.

<Qabs_a0_001-eps-converted-to.pdf, id=734, 562.1pt x 421.575pt>
File: Qabs_a0_001-eps-converted-to.pdf Graphic file (type pdf)

<use Qabs_a0_001-eps-converted-to.pdf>
Package pdftex.def Info: Qabs_a0_001-eps-converted-to.pdf used on input line 45
0.
(pdftex.def)             Requested size: 170.38905pt x 138.7705pt.
Package epstopdf Info: Source file: <Qabs_a0_1.eps>
(epstopdf)                    date: 2015-05-20 19:30:20
(epstopdf)                    size: 183461 bytes
(epstopdf)             Output file: <Qabs_a0_1-eps-converted-to.pdf>
(epstopdf)                    date: 2015-05-20 19:30:26
(epstopdf)                    size: 12148 bytes
(epstopdf)             Command: <repstopdf --outfile=Qabs_a0_1-eps-converted-to
.pdf Qabs_a0_1.eps>
(epstopdf)             \includegraphics on input line 451.
Package epstopdf Info: Output file is already uptodate.

<Qabs_a0_1-eps-converted-to.pdf, id=736, 562.1pt x 421.575pt>
File: Qabs_a0_1-eps-converted-to.pdf Graphic file (type pdf)

<use Qabs_a0_1-eps-converted-to.pdf>
Package pdftex.def Info: Qabs_a0_1-eps-converted-to.pdf used on input line 451.

(pdftex.def)             Requested size: 163.01137pt x 138.7705pt.
Package epstopdf Info: Source file: <Qabs_a1_0.eps>
(epstopdf)                    date: 2015-05-20 19:25:53
(epstopdf)                    size: 183472 bytes
(epstopdf)             Output file: <Qabs_a1_0-eps-converted-to.pdf>
(epstopdf)                    date: 2015-05-20 19:28:25
(epstopdf)                    size: 12301 bytes
(epstopdf)             Command: <repstopdf --outfile=Qabs_a1_0-eps-converted-to
.pdf Qabs_a1_0.eps>
(epstopdf)             \includegraphics on input line 452.
Package epstopdf Info: Output file is already uptodate.

<Qabs_a1_0-eps-converted-to.pdf, id=738, 562.1pt x 421.575pt>
File: Qabs_a1_0-eps-converted-to.pdf Graphic file (type pdf)

<use Qabs_a1_0-eps-converted-to.pdf>
Package pdftex.def Info: Qabs_a1_0-eps-converted-to.pdf used on input line 452.

(pdftex.def)             Requested size: 164.06532pt x 138.7705pt.
Package epstopdf Info: Source file: <smooth/d714Ha_smooth_amC_MRN.eps>
(epstopdf)                    date: 2015-04-27 20:36:07
(epstopdf)                    size: 164093 bytes
(epstopdf)             Output file: <smooth/d714Ha_smooth_amC_MRN-eps-converted
-to.pdf>
(epstopdf)                    date: 2015-05-18 13:18:26
(epstopdf)                    size: 13382 bytes
(epstopdf)             Command: <repstopdf --outfile=smooth/d714Ha_smooth_amC_M
RN-eps-converted-to.pdf smooth/d714Ha_smooth_amC_MRN.eps>
(epstopdf)             \includegraphics on input line 472.
Package epstopdf Info: Output file is already uptodate.

<smooth/d714Ha_smooth_amC_MRN-eps-converted-to.pdf, id=746, 562.1pt x 421.575pt
>
File: smooth/d714Ha_smooth_amC_MRN-eps-converted-to.pdf Graphic file (type pdf)

 <use smooth/d714Ha_smooth_amC_MRN-eps-converted-to.pdf>
Package pdftex.def Info: smooth/d714Ha_smooth_amC_MRN-eps-converted-to.pdf used
 on input line 472.
(pdftex.def)             Requested size: 244.69084pt x 202.20273pt.

Overfull \hbox (4.69084pt too wide) in paragraph at lines 472--473
 [] 
 []

Package epstopdf Info: Source file: <smooth/best_fit/d714Ha.eps>
(epstopdf)                    date: 2015-04-28 15:33:54
(epstopdf)                    size: 164089 bytes
(epstopdf)             Output file: <smooth/best_fit/d714Ha-eps-converted-to.pd
f>
(epstopdf)                    date: 2015-05-18 13:18:27
(epstopdf)                    size: 13191 bytes
(epstopdf)             Command: <repstopdf --outfile=smooth/best_fit/d714Ha-eps
-converted-to.pdf smooth/best_fit/d714Ha.eps>
(epstopdf)             \includegraphics on input line 480.
Package epstopdf Info: Output file is already uptodate.
<smooth/best_fit/d714Ha-eps-converted-to.pdf, id=748, 562.1pt x 421.575pt>
File: smooth/best_fit/d714Ha-eps-converted-to.pdf Graphic file (type pdf)

<use smooth/best_fit/d714Ha-eps-converted-to.pdf>
Package pdftex.def Info: smooth/best_fit/d714Ha-eps-converted-to.pdf used on in
put line 480.
(pdftex.def)             Requested size: 244.69084pt x 202.20273pt.
Package epstopdf Info: Source file: <smooth/best_fit/d714OI.eps>
(epstopdf)                    date: 2015-04-28 18:35:01
(epstopdf)                    size: 164473 bytes
(epstopdf)             Output file: <smooth/best_fit/d714OI-eps-converted-to.pd
f>
(epstopdf)                    date: 2015-05-18 13:18:29
(epstopdf)                    size: 13074 bytes
(epstopdf)             Command: <repstopdf --outfile=smooth/best_fit/d714OI-eps
-converted-to.pdf smooth/best_fit/d714OI.eps>
(epstopdf)             \includegraphics on input line 481.
Package epstopdf Info: Output file is already uptodate.

<smooth/best_fit/d714OI-eps-converted-to.pdf, id=750, 562.1pt x 421.575pt>
File: smooth/best_fit/d714OI-eps-converted-to.pdf Graphic file (type pdf)

<use smooth/best_fit/d714OI-eps-converted-to.pdf>
Package pdftex.def Info: smooth/best_fit/d714OI-eps-converted-to.pdf used on in
put line 481.
(pdftex.def)             Requested size: 244.69084pt x 202.20273pt.
Package epstopdf Info: Source file: <smooth/best_fit/d806Ha.eps>
(epstopdf)                    date: 2015-04-28 17:08:38
(epstopdf)                    size: 163807 bytes
(epstopdf)             Output file: <smooth/best_fit/d806Ha-eps-converted-to.pd
f>
(epstopdf)                    date: 2015-05-18 13:18:30
(epstopdf)                    size: 13057 bytes
(epstopdf)             Command: <repstopdf --outfile=smooth/best_fit/d806Ha-eps
-converted-to.pdf smooth/best_fit/d806Ha.eps>
(epstopdf)             \includegraphics on input line 488.
Package epstopdf Info: Output file is already uptodate.

<smooth/best_fit/d806Ha-eps-converted-to.pdf, id=753, 562.1pt x 421.575pt>
File: smooth/best_fit/d806Ha-eps-converted-to.pdf Graphic file (type pdf)

<use smooth/best_fit/d806Ha-eps-converted-to.pdf>
Package pdftex.def Info: smooth/best_fit/d806Ha-eps-converted-to.pdf used on in
put line 488.
(pdftex.def)             Requested size: 244.69084pt x 202.20273pt.
Package epstopdf Info: Source file: <smooth/best_fit/d806OI.eps>
(epstopdf)                    date: 2015-04-28 19:09:07
(epstopdf)                    size: 164436 bytes
(epstopdf)             Output file: <smooth/best_fit/d806OI-eps-converted-to.pd
f>
(epstopdf)                    date: 2015-05-18 13:18:31
(epstopdf)                    size: 13107 bytes
(epstopdf)             Command: <repstopdf --outfile=smooth/best_fit/d806OI-eps
-converted-to.pdf smooth/best_fit/d806OI.eps>
(epstopdf)             \includegraphics on input line 489.
Package epstopdf Info: Output file is already uptodate.

<smooth/best_fit/d806OI-eps-converted-to.pdf, id=755, 562.1pt x 421.575pt>
File: smooth/best_fit/d806OI-eps-converted-to.pdf Graphic file (type pdf)

<use smooth/best_fit/d806OI-eps-converted-to.pdf>
Package pdftex.def Info: smooth/best_fit/d806OI-eps-converted-to.pdf used on in
put line 489.
(pdftex.def)             Requested size: 244.69084pt x 202.20273pt.

Overfull \hbox (8.1496pt too wide) in paragraph at lines 503--523
 []$[]$ 
 []


Underfull \vbox (badness 6380) has occurred while \output is active []

 [11]
Underfull \vbox (badness 10000) has occurred while \output is active []

 [12pdfTeX warning (ext4): destination with the same identifier (name{figure.8}
) has been already used, duplicate ignored

\AtBegShi@Output ...ipout \box \AtBeginShipoutBox 
                                                  \fi \fi 
l.544 
      pdfTeX warning (ext4): destination with the same identifier (name{table.4
}) has been already used, duplicate ignored

\AtBegShi@Output ...ipout \box \AtBeginShipoutBox 
                                                  \fi \fi 
l.544 
       <./a0_001_opt_thin_HaHbPad-eps-converted-to.pdf> <./a0_1_opt_thin_HaHbPa
d-eps-converted-to.pdf> <./a1_opt_thin_HaHbPad-eps-converted-to.pdf> <./a0_001_
opt_thick_HaHbPad-eps-converted-to.pdf> <./a0_1_opt_thick_HaHbPad-eps-converted
-to.pdf> <./a1_opt_thick_HaHbPad-eps-converted-to.pdf> <./Qabs_a0_001-eps-conve
rted-to.pdf> <./Qabs_a0_1-eps-converted-to.pdf> <./Qabs_a1_0-eps-converted-to.p
df>]
Overfull \hbox (8.1496pt too wide) in paragraph at lines 558--574
 []$[]$ 
 []


Underfull \vbox (badness 4205) has occurred while \output is active []

Package epstopdf Info: Source file: <smooth/best_fit/d1862Ha.eps>
(epstopdf)                    date: 2015-04-28 17:52:27
(epstopdf)                    size: 169182 bytes
(epstopdf)             Output file: <smooth/best_fit/d1862Ha-eps-converted-to.p
df>
(epstopdf)                    date: 2015-05-18 13:18:32
(epstopdf)                    size: 14736 bytes
(epstopdf)             Command: <repstopdf --outfile=smooth/best_fit/d1862Ha-ep
s-converted-to.pdf smooth/best_fit/d1862Ha.eps>
(epstopdf)             \includegraphics on input line 579.
Package epstopdf Info: Output file is already uptodate.

<smooth/best_fit/d1862Ha-eps-converted-to.pdf, id=1010, 562.1pt x 421.575pt>
File: smooth/best_fit/d1862Ha-eps-converted-to.pdf Graphic file (type pdf)

<use smooth/best_fit/d1862Ha-eps-converted-to.pdf>
Package pdftex.def Info: smooth/best_fit/d1862Ha-eps-converted-to.pdf used on i
nput line 579.
(pdftex.def)             Requested size: 167.92982pt x 138.7705pt.
Package epstopdf Info: Source file: <smooth/best_fit/d2875Ha.eps>
(epstopdf)                    date: 2015-04-28 17:56:10
(epstopdf)                    size: 168709 bytes
(epstopdf)             Output file: <smooth/best_fit/d2875Ha-eps-converted-to.p
df>
(epstopdf)                    date: 2015-05-18 13:18:34
(epstopdf)                    size: 15111 bytes
(epstopdf)             Command: <repstopdf --outfile=smooth/best_fit/d2875Ha-ep
s-converted-to.pdf smooth/best_fit/d2875Ha.eps>
(epstopdf)             \includegraphics on input line 580.
Package epstopdf Info: Output file is already uptodate.

<smooth/best_fit/d2875Ha-eps-converted-to.pdf, id=1012, 562.1pt x 421.575pt>
File: smooth/best_fit/d2875Ha-eps-converted-to.pdf Graphic file (type pdf)

<use smooth/best_fit/d2875Ha-eps-converted-to.pdf>
Package pdftex.def Info: smooth/best_fit/d2875Ha-eps-converted-to.pdf used on i
nput line 580.
(pdftex.def)             Requested size: 161.6061pt x 138.7705pt.
Package epstopdf Info: Source file: <smooth/best_fit/d3604Ha.eps>
(epstopdf)                    date: 2015-04-28 18:02:09
(epstopdf)                    size: 168906 bytes
(epstopdf)             Output file: <smooth/best_fit/d3604Ha-eps-converted-to.p
df>
(epstopdf)                    date: 2015-05-18 13:18:35
(epstopdf)                    size: 15129 bytes
(epstopdf)             Command: <repstopdf --outfile=smooth/best_fit/d3604Ha-ep
s-converted-to.pdf smooth/best_fit/d3604Ha.eps>
(epstopdf)             \includegraphics on input line 581.
Package epstopdf Info: Output file is already uptodate.

<smooth/best_fit/d3604Ha-eps-converted-to.pdf, id=1014, 562.1pt x 421.575pt>
File: smooth/best_fit/d3604Ha-eps-converted-to.pdf Graphic file (type pdf)

<use smooth/best_fit/d3604Ha-eps-converted-to.pdf>
Package pdftex.def Info: smooth/best_fit/d3604Ha-eps-converted-to.pdf used on i
nput line 581.
(pdftex.def)             Requested size: 161.6061pt x 138.7705pt.
Package epstopdf Info: Source file: <clump_1/best_fit/d714Ha.eps>
(epstopdf)                    date: 2015-04-29 15:55:14
(epstopdf)                    size: 164083 bytes
(epstopdf)             Output file: <clump_1/best_fit/d714Ha-eps-converted-to.p
df>
(epstopdf)                    date: 2015-05-18 13:18:36
(epstopdf)                    size: 13193 bytes
(epstopdf)             Command: <repstopdf --outfile=clump_1/best_fit/d714Ha-ep
s-converted-to.pdf clump_1/best_fit/d714Ha.eps>
(epstopdf)             \includegraphics on input line 600.
Package epstopdf Info: Output file is already uptodate.

<clump_1/best_fit/d714Ha-eps-converted-to.pdf, id=1022, 562.1pt x 421.575pt>
File: clump_1/best_fit/d714Ha-eps-converted-to.pdf Graphic file (type pdf)

<use clump_1/best_fit/d714Ha-eps-converted-to.pdf>
Package pdftex.def Info: clump_1/best_fit/d714Ha-eps-converted-to.pdf used on i
nput line 600.
(pdftex.def)             Requested size: 244.69084pt x 202.20273pt.
Package epstopdf Info: Source file: <clump_1/best_fit/d714OI.eps>
(epstopdf)                    date: 2015-04-29 13:24:51
(epstopdf)                    size: 164465 bytes
(epstopdf)             Output file: <clump_1/best_fit/d714OI-eps-converted-to.p
df>
(epstopdf)                    date: 2015-05-18 13:18:37
(epstopdf)                    size: 13059 bytes
(epstopdf)             Command: <repstopdf --outfile=clump_1/best_fit/d714OI-ep
s-converted-to.pdf clump_1/best_fit/d714OI.eps>
(epstopdf)             \includegraphics on input line 601.
Package epstopdf Info: Output file is already uptodate.

<clump_1/best_fit/d714OI-eps-converted-to.pdf, id=1024, 562.1pt x 421.575pt>
File: clump_1/best_fit/d714OI-eps-converted-to.pdf Graphic file (type pdf)

<use clump_1/best_fit/d714OI-eps-converted-to.pdf>
Package pdftex.def Info: clump_1/best_fit/d714OI-eps-converted-to.pdf used on i
nput line 601.
(pdftex.def)             Requested size: 244.69084pt x 202.20273pt.
Package epstopdf Info: Source file: <clump_1/best_fit/d806Ha.eps>
(epstopdf)                    date: 2015-04-29 12:48:05
(epstopdf)                    size: 163938 bytes
(epstopdf)             Output file: <clump_1/best_fit/d806Ha-eps-converted-to.p
df>
(epstopdf)                    date: 2015-05-18 13:18:38
(epstopdf)                    size: 13026 bytes
(epstopdf)             Command: <repstopdf --outfile=clump_1/best_fit/d806Ha-ep
s-converted-to.pdf clump_1/best_fit/d806Ha.eps>
(epstopdf)             \includegraphics on input line 608.
Package epstopdf Info: Output file is already uptodate.

<clump_1/best_fit/d806Ha-eps-converted-to.pdf, id=1027, 562.1pt x 421.575pt>
File: clump_1/best_fit/d806Ha-eps-converted-to.pdf Graphic file (type pdf)

<use clump_1/best_fit/d806Ha-eps-converted-to.pdf>
Package pdftex.def Info: clump_1/best_fit/d806Ha-eps-converted-to.pdf used on i
nput line 608.
(pdftex.def)             Requested size: 244.69084pt x 202.20273pt.
Package epstopdf Info: Source file: <clump_1/best_fit/d806OI.eps>
(epstopdf)                    date: 2015-04-29 14:02:07
(epstopdf)                    size: 164433 bytes
(epstopdf)             Output file: <clump_1/best_fit/d806OI-eps-converted-to.p
df>
(epstopdf)                    date: 2015-05-18 13:18:40
(epstopdf)                    size: 13110 bytes
(epstopdf)             Command: <repstopdf --outfile=clump_1/best_fit/d806OI-ep
s-converted-to.pdf clump_1/best_fit/d806OI.eps>
(epstopdf)             \includegraphics on input line 609.
Package epstopdf Info: Output file is already uptodate.

<clump_1/best_fit/d806OI-eps-converted-to.pdf, id=1029, 562.1pt x 421.575pt>
File: clump_1/best_fit/d806OI-eps-converted-to.pdf Graphic file (type pdf)

<use clump_1/best_fit/d806OI-eps-converted-to.pdf>
Package pdftex.def Info: clump_1/best_fit/d806OI-eps-converted-to.pdf used on i
nput line 609.
(pdftex.def)             Requested size: 245.71466pt x 202.20273pt.
Package epstopdf Info: Source file: <clump_1/best_fit/d1862Ha.eps>
(epstopdf)                    date: 2015-04-29 14:18:53
(epstopdf)                    size: 169502 bytes
(epstopdf)             Output file: <clump_1/best_fit/d1862Ha-eps-converted-to.
pdf>
(epstopdf)                    date: 2015-05-18 13:18:41
(epstopdf)                    size: 14743 bytes
(epstopdf)             Command: <repstopdf --outfile=clump_1/best_fit/d1862Ha-e
ps-converted-to.pdf clump_1/best_fit/d1862Ha.eps>
(epstopdf)             \includegraphics on input line 617.
Package epstopdf Info: Output file is already uptodate.

<clump_1/best_fit/d1862Ha-eps-converted-to.pdf, id=1032, 562.1pt x 421.575pt>
File: clump_1/best_fit/d1862Ha-eps-converted-to.pdf Graphic file (type pdf)

<use clump_1/best_fit/d1862Ha-eps-converted-to.pdf>
Package pdftex.def Info: clump_1/best_fit/d1862Ha-eps-converted-to.pdf used on 
input line 617.
(pdftex.def)             Requested size: 167.92982pt x 138.7705pt.
Package epstopdf Info: Source file: <clump_1/best_fit/d2875Ha.eps>
(epstopdf)                    date: 2015-04-29 14:30:40
(epstopdf)                    size: 168706 bytes
(epstopdf)             Output file: <clump_1/best_fit/d2875Ha-eps-converted-to.
pdf>
(epstopdf)                    date: 2015-05-18 13:18:42
(epstopdf)                    size: 15121 bytes
(epstopdf)             Command: <repstopdf --outfile=clump_1/best_fit/d2875Ha-e
ps-converted-to.pdf clump_1/best_fit/d2875Ha.eps>
(epstopdf)             \includegraphics on input line 618.
Package epstopdf Info: Output file is already uptodate.

<clump_1/best_fit/d2875Ha-eps-converted-to.pdf, id=1034, 562.1pt x 421.575pt>
File: clump_1/best_fit/d2875Ha-eps-converted-to.pdf Graphic file (type pdf)

<use clump_1/best_fit/d2875Ha-eps-converted-to.pdf>
Package pdftex.def Info: clump_1/best_fit/d2875Ha-eps-converted-to.pdf used on 
input line 618.
(pdftex.def)             Requested size: 161.6061pt x 138.7705pt.
Package epstopdf Info: Source file: <clump_1/best_fit/d3604Ha.eps>
(epstopdf)                    date: 2015-04-29 14:38:07
(epstopdf)                    size: 168905 bytes
(epstopdf)             Output file: <clump_1/best_fit/d3604Ha-eps-converted-to.
pdf>
(epstopdf)                    date: 2015-05-18 13:18:43
(epstopdf)                    size: 15132 bytes
(epstopdf)             Command: <repstopdf --outfile=clump_1/best_fit/d3604Ha-e
ps-converted-to.pdf clump_1/best_fit/d3604Ha.eps>
(epstopdf)             \includegraphics on input line 619.
Package epstopdf Info: Output file is already uptodate.

<clump_1/best_fit/d3604Ha-eps-converted-to.pdf, id=1036, 562.1pt x 421.575pt>
File: clump_1/best_fit/d3604Ha-eps-converted-to.pdf Graphic file (type pdf)

<use clump_1/best_fit/d3604Ha-eps-converted-to.pdf>
Package pdftex.def Info: clump_1/best_fit/d3604Ha-eps-converted-to.pdf used on 
input line 619.
(pdftex.def)             Requested size: 161.6061pt x 138.7705pt.
Package epstopdf Info: Source file: <clump_1/maximum/d1862Ha.eps>
(epstopdf)                    date: 2015-05-06 14:18:00
(epstopdf)                    size: 168561 bytes
(epstopdf)             Output file: <clump_1/maximum/d1862Ha-eps-converted-to.p
df>
(epstopdf)                    date: 2015-05-18 13:18:45
(epstopdf)                    size: 14698 bytes
(epstopdf)             Command: <repstopdf --outfile=clump_1/maximum/d1862Ha-ep
s-converted-to.pdf clump_1/maximum/d1862Ha.eps>
(epstopdf)             \includegraphics on input line 622.
Package epstopdf Info: Output file is already uptodate.

<clump_1/maximum/d1862Ha-eps-converted-to.pdf, id=1039, 562.1pt x 421.575pt>
File: clump_1/maximum/d1862Ha-eps-converted-to.pdf Graphic file (type pdf)

<use clump_1/maximum/d1862Ha-eps-converted-to.pdf>
Package pdftex.def Info: clump_1/maximum/d1862Ha-eps-converted-to.pdf used on i
nput line 622.
(pdftex.def)             Requested size: 167.92982pt x 138.7705pt.
Package epstopdf Info: Source file: <clump_1/maximum/d2875Ha.eps>
(epstopdf)                    date: 2015-05-06 13:28:38
(epstopdf)                    size: 168088 bytes
(epstopdf)             Output file: <clump_1/maximum/d2875Ha-eps-converted-to.p
df>
(epstopdf)                    date: 2015-05-18 13:18:46
(epstopdf)                    size: 15086 bytes
(epstopdf)             Command: <repstopdf --outfile=clump_1/maximum/d2875Ha-ep
s-converted-to.pdf clump_1/maximum/d2875Ha.eps>
(epstopdf)             \includegraphics on input line 623.
Package epstopdf Info: Output file is already uptodate.

<clump_1/maximum/d2875Ha-eps-converted-to.pdf, id=1041, 562.1pt x 421.575pt>
File: clump_1/maximum/d2875Ha-eps-converted-to.pdf Graphic file (type pdf)

<use clump_1/maximum/d2875Ha-eps-converted-to.pdf>
Package pdftex.def Info: clump_1/maximum/d2875Ha-eps-converted-to.pdf used on i
nput line 623.
(pdftex.def)             Requested size: 161.6061pt x 138.7705pt.
Package epstopdf Info: Source file: <clump_1/maximum/d3604Ha.eps>
(epstopdf)                    date: 2015-05-06 13:08:37
(epstopdf)                    size: 167801 bytes
(epstopdf)             Output file: <clump_1/maximum/d3604Ha-eps-converted-to.p
df>
(epstopdf)                    date: 2015-05-18 13:18:47
(epstopdf)                    size: 15090 bytes
(epstopdf)             Command: <repstopdf --outfile=clump_1/maximum/d3604Ha-ep
s-converted-to.pdf clump_1/maximum/d3604Ha.eps>
(epstopdf)             \includegraphics on input line 624.
Package epstopdf Info: Output file is already uptodate.

<clump_1/maximum/d3604Ha-eps-converted-to.pdf, id=1043, 562.1pt x 421.575pt>
File: clump_1/maximum/d3604Ha-eps-converted-to.pdf Graphic file (type pdf)

<use clump_1/maximum/d3604Ha-eps-converted-to.pdf>
Package pdftex.def Info: clump_1/maximum/d3604Ha-eps-converted-to.pdf used on i
nput line 624.
(pdftex.def)             Requested size: 161.6061pt x 138.7705pt.
 [13pdfTeX warning (ext4): destination with the same identifier (name{figure.9}
) has been already used, duplicate ignored

\AtBegShi@Output ...ipout \box \AtBeginShipoutBox 
                                                  \fi \fi 
l.634 ...}_{a_{min}} Q_{ext}(a) n(a) \pi a^2 da \]
                                                   <./smooth/d714Ha_smooth_amC_
MRN-eps-converted-to.pdf>]
Underfull \vbox (badness 10000) has occurred while \output is active []


Underfull \vbox (badness 1365) has occurred while \output is active []

 [14pdfTeX warning (ext4): destination with the same identifier (name{figure.10
}) has been already used, duplicate ignored

\AtBegShi@Output ...ipout \box \AtBeginShipoutBox 
                                                  \fi \fi 
l.641 
      pdfTeX warning (ext4): destination with the same identifier (name{figure.
11}) has been already used, duplicate ignored

\AtBegShi@Output ...ipout \box \AtBeginShipoutBox 
                                                  \fi \fi 
l.641 
      pdfTeX warning (ext4): destination with the same identifier (name{table.5
}) has been already used, duplicate ignored

\AtBegShi@Output ...ipout \box \AtBeginShipoutBox 
                                                  \fi \fi 
l.641 
       <./smooth/best_fit/d714Ha-eps-converted-to.pdf> <./smooth/best_fit/d714O
I-eps-converted-to.pdf> <./smooth/best_fit/d806Ha-eps-converted-to.pdf> <./smoo
th/best_fit/d806OI-eps-converted-to.pdf>]
Underfull \vbox (badness 10000) has occurred while \output is active []

 [15pdfTeX warning (ext4): destination with the same identifier (name{figure.12
}) has been already used, duplicate ignored

\AtBegShi@Output ...ipout \box \AtBeginShipoutBox 
                                                  \fi \fi 
l.641 
      pdfTeX warning (ext4): destination with the same identifier (name{figure.
13}) has been already used, duplicate ignored

\AtBegShi@Output ...ipout \box \AtBeginShipoutBox 
                                                  \fi \fi 
l.641 
      pdfTeX warning (ext4): destination with the same identifier (name{figure.
14}) has been already used, duplicate ignored

\AtBegShi@Output ...ipout \box \AtBeginShipoutBox 
                                                  \fi \fi 
l.641 
       <./smooth/best_fit/d1862Ha-eps-converted-to.pdf> <./smooth/best_fit/d287
5Ha-eps-converted-to.pdf> <./smooth/best_fit/d3604Ha-eps-converted-to.pdf> <./c
lump_1/best_fit/d714Ha-eps-converted-to.pdf> <./clump_1/best_fit/d714OI-eps-con
verted-to.pdf> <./clump_1/best_fit/d806Ha-eps-converted-to.pdf> <./clump_1/best
_fit/d806OI-eps-converted-to.pdf>] [16pdfTeX warning (ext4): destination with t
he same identifier (name{figure.15}) has been already used, duplicate ignored

\AtBegShi@Output ...ipout \box \AtBeginShipoutBox 
                                                  \fi \fi 
l.676 
      pdfTeX warning (ext4): destination with the same identifier (name{figure.
16}) has been already used, duplicate ignored

\AtBegShi@Output ...ipout \box \AtBeginShipoutBox 
                                                  \fi \fi 
l.676 
      pdfTeX warning (ext4): destination with the same identifier (name{table.6
}) has been already used, duplicate ignored

\AtBegShi@Output ...ipout \box \AtBeginShipoutBox 
                                                  \fi \fi 
l.676 
       <./clump_1/best_fit/d1862Ha-eps-converted-to.pdf> <./clump_1/best_fit/d2
875Ha-eps-converted-to.pdf> <./clump_1/best_fit/d3604Ha-eps-converted-to.pdf> <
./clump_1/maximum/d1862Ha-eps-converted-to.pdf> <./clump_1/maximum/d2875Ha-eps-
converted-to.pdf> <./clump_1/maximum/d3604Ha-eps-converted-to.pdf>]

Package natbib Warning: Citation `Draine1984' on page 17 undefined on input lin
e 683.


LaTeX Warning: Reference `' on page 17 undefined on input line 689.


Package hyperref Warning: Token not allowed in a PDF string (PDFDocEncoding):
(hyperref)                removing `math shift' on input line 716.


Package hyperref Warning: Token not allowed in a PDF string (PDFDocEncoding):
(hyperref)                removing `\alpha' on input line 716.


Package hyperref Warning: Token not allowed in a PDF string (PDFDocEncoding):
(hyperref)                removing `math shift' on input line 716.


Package hyperref Warning: Token not allowed in a PDF string (PDFDocEncoding):
(hyperref)                removing `math shift' on input line 720.


Package hyperref Warning: Token not allowed in a PDF string (PDFDocEncoding):
(hyperref)                removing `\alpha' on input line 720.


Package hyperref Warning: Token not allowed in a PDF string (PDFDocEncoding):
(hyperref)                removing `math shift' on input line 720.


Package natbib Warning: Citation `Kozma1998' on page 17 undefined on input line
 722.


Underfull \vbox (badness 5771) has occurred while \output is active []

 [17pdfTeX warning (ext4): destination with the same identifier (name{table.7})
 has been already used, duplicate ignored

\AtBegShi@Output ...ipout \box \AtBeginShipoutBox 
                                                  \fi \fi 
l.730 
      ]
Package epstopdf Info: Source file: <Mdust_evol2.eps>
(epstopdf)                    date: 2015-05-21 14:32:23
(epstopdf)                    size: 267348 bytes
(epstopdf)             Output file: <Mdust_evol2-eps-converted-to.pdf>
(epstopdf)                    date: 2015-05-21 14:32:52
(epstopdf)                    size: 19313 bytes
(epstopdf)             Command: <repstopdf --outfile=Mdust_evol2-eps-converted-
to.pdf Mdust_evol2.eps>
(epstopdf)             \includegraphics on input line 743.
Package epstopdf Info: Output file is already uptodate.
 <Mdust_evol2-eps-converted-to.pdf, id=1413, 1445.4pt x 751.80875pt>
File: Mdust_evol2-eps-converted-to.pdf Graphic file (type pdf)

<use Mdust_evol2-eps-converted-to.pdf>
Package pdftex.def Info: Mdust_evol2-eps-converted-to.pdf used on input line 74
3.
(pdftex.def)             Requested size: 545.22726pt x 290.68082pt.

Overfull \hbox (41.22726pt too wide) in paragraph at lines 743--744
 [] 
 []


Package natbib Warning: Citation `Hanner1988' on page 18 undefined on input lin
e 751.

[18]
Underfull \vbox (badness 5548) has occurred while \output is active []

 [19pdfTeX warning (ext4): destination with the same identifier (name{figure.17
}) has been already used, duplicate ignored

\AtBegShi@Output ...ipout \box \AtBeginShipoutBox 
                                                  \fi \fi 
l.776 
       <./Mdust_evol2-eps-converted-to.pdf>] (./87A_paper_new.bbl
Underfull \hbox (badness 3557) in paragraph at lines 57--60
[]\OT1/cmr/m/n/8 Gr^^?oningsson P., Frans-son C., Lundqvist P., Ny-mark T.,
 []

Missing character: There is no  in font cmr8!
)
Overfull \hbox (13.13551pt too wide) detected at line 825
\OT1/cmr/m/n/9 ^^C = []
 []


Package natbib Warning: There were undefined citations.

Package atveryend Info: Empty hook `BeforeClearDocument' on input line 863.
[20]
Package atveryend Info: Empty hook `AfterLastShipout' on input line 863.
 (./87A_paper_new.aux)
Package atveryend Info: Empty hook `AtVeryEndDocument' on input line 863.
Package atveryend Info: Executing hook `AtEndAfterFileList' on input line 863.
Package rerunfilecheck Info: File `87A_paper_new.out' has not changed.
(rerunfilecheck)             Checksum: 139FE146F6CA178980364A62FFB25144;1923.


LaTeX Warning: There were undefined references.

Package atveryend Info: Empty hook `AtVeryVeryEnd' on input line 863.
 )
(\end occurred when \iftrue on line 747 was incomplete)
(\end occurred when \iftrue on line 628 was incomplete)
(\end occurred when \iftrue on line 613 was incomplete)
(\end occurred when \iftrue on line 605 was incomplete)
(\end occurred when \iftrue on line 585 was incomplete)
(\end occurred when \iftrue on line 574 was incomplete)
(\end occurred when \iftrue on line 523 was incomplete)
(\end occurred when \iftrue on line 493 was incomplete)
(\end occurred when \iftrue on line 485 was incomplete)
(\end occurred when \iftrue on line 455 was incomplete)
(\end occurred when \iftrue on line 431 was incomplete)
(\end occurred when \iftrue on line 402 was incomplete)
(\end occurred when \iftrue on line 338 was incomplete)
(\end occurred when \iftrue on line 332 was incomplete)
(\end occurred when \iftrue on line 284 was incomplete)
(\end occurred when \iftrue on line 195 was incomplete)
(\end occurred when \iftrue on line 99 was incomplete) 
Here is how much of TeX's memory you used:
 7405 strings out of 493117
 110230 string characters out of 6135433
 221088 words of memory out of 5000000
 10611 multiletter control sequences out of 15000+600000
 18718 words of font info for 66 fonts, out of 8000000 for 9000
 1141 hyphenation exceptions out of 8191
 36i,19n,34p,1787b,373s stack positions out of 5000i,500n,10000p,200000b,80000s
</usr/local/texlive/2014/
texmf-dist/fonts/type1/public/amsfonts/cm/cmbx10.pfb></usr/local/texlive/2014/t
exmf-dist/fonts/type1/public/amsfonts/cm/cmbx12.pfb></usr/local/texlive/2014/te
xmf-dist/fonts/type1/public/amsfonts/cm/cmbx6.pfb></usr/local/texlive/2014/texm
f-dist/fonts/type1/public/amsfonts/cm/cmbx8.pfb></usr/local/texlive/2014/texmf-
dist/fonts/type1/public/amsfonts/cm/cmbx9.pfb></usr/local/texlive/2014/texmf-di
st/fonts/type1/public/amsfonts/cmextra/cmex9.pfb></usr/local/texlive/2014/texmf
-dist/fonts/type1/public/amsfonts/cm/cmmi10.pfb></usr/local/texlive/2014/texmf-
dist/fonts/type1/public/amsfonts/cm/cmmi5.pfb></usr/local/texlive/2014/texmf-di
st/fonts/type1/public/amsfonts/cm/cmmi6.pfb></usr/local/texlive/2014/texmf-dist
/fonts/type1/public/amsfonts/cm/cmmi8.pfb></usr/local/texlive/2014/texmf-dist/f
onts/type1/public/amsfonts/cm/cmmi9.pfb></usr/local/texlive/2014/texmf-dist/fon
ts/type1/public/amsfonts/cm/cmr10.pfb></usr/local/texlive/2014/texmf-dist/fonts
/type1/public/amsfonts/cm/cmr12.pfb></usr/local/texlive/2014/texmf-dist/fonts/t
ype1/public/amsfonts/cm/cmr5.pfb></usr/local/texlive/2014/texmf-dist/fonts/type
1/public/amsfonts/cm/cmr6.pfb></usr/local/texlive/2014/texmf-dist/fonts/type1/p
ublic/amsfonts/cm/cmr8.pfb></usr/local/texlive/2014/texmf-dist/fonts/type1/publ
ic/amsfonts/cm/cmr9.pfb></usr/local/texlive/2014/texmf-dist/fonts/type1/public/
amsfonts/cm/cmsy10.pfb></usr/local/texlive/2014/texmf-dist/fonts/type1/public/a
msfonts/cm/cmsy5.pfb></usr/local/texlive/2014/texmf-dist/fonts/type1/public/ams
fonts/cm/cmsy6.pfb></usr/local/texlive/2014/texmf-dist/fonts/type1/public/amsfo
nts/cm/cmsy7.pfb></usr/local/texlive/2014/texmf-dist/fonts/type1/public/amsfont
s/cm/cmsy8.pfb></usr/local/texlive/2014/texmf-dist/fonts/type1/public/amsfonts/
cm/cmsy9.pfb></usr/local/texlive/2014/texmf-dist/fonts/type1/public/amsfonts/cm
/cmti12.pfb></usr/local/texlive/2014/texmf-dist/fonts/type1/public/amsfonts/cm/
cmti8.pfb></usr/local/texlive/2014/texmf-dist/fonts/type1/public/amsfonts/cm/cm
ti9.pfb></usr/local/texlive/2014/texmf-dist/fonts/type1/public/amsfonts/symbols
/msam10.pfb>
Output written on 87A_paper_new.pdf (20 pages, 1179309 bytes).
PDF statistics:
 1596 PDF objects out of 1728 (max. 8388607)
 1238 compressed objects within 13 object streams
 115 named destinations out of 1000 (max. 500000)
 677 words of extra memory for PDF output out of 10000 (max. 10000000)

