 wavelength   modelled flux   observed flux
   679.851624       2.53178150E-04   1.45432388E-03
   679.494568       1.42883669E-04   1.19228358E-03
   679.137878       5.25759358E-04   1.38881383E-03
   678.781555       2.66911054E-04   1.65085413E-03
   678.425598       1.56816415E-04   1.34950783E-03
   678.070068       3.22179665E-04   1.37571176E-03
   677.714844       3.68332432E-04   1.78187434E-03
   677.360046       7.86818215E-04   1.97840459E-03
   677.005554       8.23185663E-04   1.83428242E-03
   676.651489       9.93306166E-04   2.07011867E-03
   676.297791       9.17755533E-04   1.80807838E-03
   675.944397       9.09536669E-04   2.30595493E-03
   675.591431       1.14030682E-03   2.56799534E-03
   675.238831       1.07012095E-03   2.46273377E-03
   674.886597       1.44262926E-03   2.69901566E-03
   674.534729       1.75045757E-03   3.01346392E-03
   674.183228       2.14058184E-03   2.54179141E-03
   673.832092       1.71934906E-03   3.28860641E-03
   673.481323       1.31932087E-03   3.58972396E-03
   673.130920       9.19710030E-04   3.44583043E-03
   672.780884       5.20517060E-04   4.24505351E-03
   672.431152       1.21672078E-04   4.04852349E-03
   672.081909       8.74833611E-04   4.20574751E-03
   671.732910       2.13358994E-03   4.46755858E-03
   671.384277       3.39102559E-03   4.24505351E-03
   671.036133       4.64669988E-03   4.88705235E-03
   670.688232       5.90149406E-03   5.25390869E-03
   670.340698       6.73124706E-03   5.13599068E-03
   669.993591       7.65536586E-03   5.22770500E-03
   669.646790       7.90237729E-03   5.08358283E-03
   669.300354       7.56793283E-03   5.58145950E-03
   668.954285       6.89060334E-03   5.71272895E-03
   668.608582       5.66610601E-03   5.86970383E-03
   668.263184       4.44269087E-03   6.07933616E-03
   667.918213       3.22078867E-03   6.39378419E-03
   667.573547       1.99996750E-03   6.34137634E-03
   667.229248       7.80443486E-04   6.53790636E-03
   666.885376       5.23411960E-04   6.87855901E-03
   666.541748       1.97934569E-03   6.23656018E-03
   666.198547       3.43346898E-03   6.40688650E-03
   665.855652       4.88629937E-03   6.86545717E-03
   665.513123       6.33757794E-03   6.77374285E-03
   665.170959       7.78730586E-03   7.02268118E-03
   664.829163       9.15819127E-03   6.51170267E-03
   664.487671       9.28829052E-03   7.66468002E-03
   664.146545       9.37584322E-03   6.94406917E-03
   663.805847       9.19460505E-03   7.59876845E-03
   663.465393       8.87438562E-03   7.14059919E-03
   663.125305       9.15843248E-03   7.55986385E-03
   662.785645       9.54508409E-03   8.18876084E-03
   662.446228       9.43485554E-03   7.40263984E-03
   662.107239       9.96211916E-03   7.49435369E-03
   661.768555       9.88015812E-03   7.90051650E-03
   661.430237       1.01758493E-02   7.67778186E-03
   661.092224       9.84180160E-03   7.84779340E-03
   660.754639       1.06155900E-02   7.74329202E-03
   660.417297       1.07036736E-02   7.99223036E-03
   660.080322       1.02672549E-02   8.29357654E-03
   659.743774       1.03146788E-02   8.17565899E-03
   659.407471       1.08979922E-02   8.03153683E-03
   659.071533       1.02214795E-02   8.12325068E-03
   658.736023       5.21858782E-03   8.14945437E-03
   658.400757       2.19337235E-04   8.29357654E-03
   658.065857       6.21424988E-03   8.12325068E-03
   657.731323       1.27068739E-02   8.51631165E-03
   657.397095       1.59444492E-02   7.71708833E-03
   657.063232       1.26764579E-02   8.00543278E-03
   656.729736       9.41205211E-03   8.63422919E-03
   656.396484       6.15003658E-03   8.21496453E-03
   656.063599       2.89160432E-03   8.47700518E-03
   655.731140       4.18977172E-04   8.59492365E-03
   655.398926       4.17596567E-03   8.52941349E-03
   655.067078       7.92881381E-03   8.09704699E-03
   654.735596       1.16775194E-02   8.49010702E-03
   654.404419       1.54227754E-02   8.35908670E-03
   654.073547       1.93276908E-02   8.26737285E-03
   653.743042       1.75084714E-02   8.04463867E-03
   653.412842       1.83052570E-02   8.45080148E-03
   653.083008       1.74065921E-02   8.20186269E-03
   652.753540       1.72332190E-02   8.80455598E-03
   652.424316       1.62541363E-02   8.47700518E-03
   652.095459       1.50187891E-02   8.26737285E-03
   651.767029       1.44079113E-02   8.56871903E-03
   651.438782       1.39572863E-02   8.73904582E-03
   651.110962       1.33601911E-02   8.25427100E-03
   650.783447       1.27343480E-02   8.92247353E-03
   650.456238       1.27035016E-02   9.01404861E-03
   650.129333       1.23557989E-02   8.11014883E-03
   649.802856       1.22587988E-02   8.60802550E-03
   649.476624       1.21471370E-02   8.63422919E-03
   649.150757       1.22386320E-02   8.50320887E-03
   648.825195       1.22256512E-02   9.14558861E-03
   648.499939       1.14393830E-02   9.32863634E-03
   648.175049       1.17498348E-02   9.49896220E-03
   647.850525       1.17578451E-02   8.56871903E-03
   647.526245       1.24359922E-02   9.57757421E-03
   647.202271       1.28158843E-02   9.06659570E-03
   646.878723       1.08545572E-02   9.07969754E-03
   646.555420       1.10642742E-02   8.71284120E-03
   646.232483       1.06317801E-02   8.62112734E-03
   645.909851       1.03471037E-02   8.52941349E-03
   645.587524       9.57304053E-03   8.68663751E-03
   645.265503       9.63918027E-03   8.93557537E-03
   644.943909       9.04297363E-03   8.43769871E-03
   644.622498       6.32463256E-03   8.81801452E-03
   644.301514       3.31211160E-03   8.21496453E-03
   643.980835       3.02455010E-04   9.09280032E-03
   643.660400       2.03412073E-03   8.21496453E-03
   643.340332       4.29310650E-03   9.31553449E-03
   643.020569       6.54993858E-03   8.90937168E-03
   642.701172       6.62566256E-03   9.40724835E-03
   642.382019       6.40201662E-03   8.68663751E-03
   642.063232       6.23585656E-03   8.87044892E-03
   641.744751       5.80001157E-03   8.97488184E-03
   641.426575       5.60492696E-03   9.62998252E-03
   641.108704       5.29159606E-03   9.13210586E-03
   640.791199       5.46785351E-03   8.89626984E-03
   640.473938       5.23688830E-03   8.80455598E-03
   640.157043       5.39859245E-03   9.49896220E-03
   639.840454       5.27714286E-03   8.58182088E-03
   639.524170       5.09905908E-03   8.46390333E-03
   639.208191       4.62628389E-03   9.57838912E-03
   638.892517       3.95782012E-03   8.56871903E-03
   638.577148       3.69184744E-03   8.69973935E-03
   638.262146       2.99352896E-03   8.88316799E-03
   637.947449       2.29588663E-03   7.76949618E-03
   637.632996       1.59878586E-03   7.21921166E-03
   637.318909       9.02496744E-04   7.04888534E-03
   637.005127       2.06884171E-04   6.82615116E-03
   636.691589       4.91387153E-04   6.06623385E-03
   636.378479       1.19006098E-03   6.51227264E-03
   636.065552       1.88832614E-03   6.04003016E-03
   635.752991       2.58577452E-03   5.75178536E-03
   635.440735       3.28254164E-03   5.13599068E-03
   635.128784       3.72560346E-03   5.05737867E-03
   634.817139       3.86186899E-03   4.92635835E-03
   634.505798       3.44772171E-03   4.16644150E-03
   634.194763       3.07477941E-03   4.36297152E-03
   633.884033       3.15125729E-03   4.10093134E-03
   633.573608       2.76898756E-03   3.94370733E-03
   633.263489       2.20508152E-03   3.98355443E-03
   632.953674       2.79937056E-03   3.65546276E-03
   632.644165       2.89855059E-03   3.30170826E-03
   632.334961       2.53233011E-03   3.05276993E-03
   632.026062       2.10083299E-03   3.06587201E-03
   631.717468       1.68353855E-03   2.84313783E-03
   631.409119       1.26657425E-03   2.42387317E-03
   631.101135       8.50105251E-04   2.42387317E-03
   630.793457       4.34048881E-04   2.35836301E-03
   630.486023       1.83226584E-05   2.37146509E-03
   630.178894       4.32383706E-04   1.99150667E-03
   629.872131       8.84184323E-04   1.76877237E-03
   629.565613       1.33562530E-03   2.00460874E-03
   629.259399       1.78661686E-03   1.46742596E-03
   628.953491       2.23715906E-03   1.72946625E-03
   628.647888       2.82566925E-03   1.12677354E-03
   628.342529       2.22483603E-03   1.28399767E-03
   628.037537       2.47217412E-03   1.12677354E-03
   627.732788       2.43038358E-03   8.90937168E-04
   627.428345       2.03314307E-03   8.90937168E-04
   627.124268       2.01317715E-03   7.59917020E-04
   626.820374       2.17320654E-03   7.59917020E-04
   626.516846       1.86564424E-03   5.76488732E-04
   626.213623       2.52830796E-03   5.37182728E-04
   625.910645       1.84373104E-03   5.37182728E-04
   625.607971       1.49904040E-03   3.01346387E-04
   625.305603       1.03534758E-03   2.75142374E-04
   625.003540       1.00435875E-03   3.40652448E-04
   624.701721       1.45965419E-03   5.24080679E-05
   624.400269       9.87427658E-04   7.86121018E-05
   624.098999       9.63939121E-04   0.00000000    
   623.798096       7.13069458E-04   0.00000000    
   623.497498       1.17976696E-03   0.00000000    
   623.197144       1.15924422E-03   0.00000000    
   622.897095       1.16823521E-03   0.00000000    
   622.597351       1.19258766E-03   0.00000000    
   622.297852       8.27834185E-04   0.00000000    
   621.998657       7.95869506E-04   0.00000000    
   621.699829       9.56713338E-04   0.00000000    
   621.401184       6.01999811E-04   0.00000000    
   621.102844       6.44825166E-04   0.00000000    
   620.804810       2.84826558E-04   0.00000000    
   620.507080       8.33179452E-04   0.00000000    
   620.209595       7.35264795E-04   0.00000000    
   619.912476       2.51309248E-04   0.00000000    
   619.615540       5.50517056E-04   0.00000000    
   619.318909       3.82499362E-04   0.00000000    
   619.022644       2.14689193E-04   0.00000000    
   618.726562       4.69827064E-05   0.00000000    
   618.430786       1.44972946E-04   0.00000000    
   618.135315       3.46238725E-04   0.00000000    
   617.840149       5.47296659E-04   0.00000000    
   617.545227       6.98411604E-04   0.00000000    
   617.250610       9.44971805E-04   0.00000000    
   616.956238       8.98374303E-04   0.00000000    
   616.662170       8.46208481E-04   0.00000000    
   616.368408       1.00345339E-03   0.00000000    
   616.074890       1.03253196E-03   0.00000000    
   615.781616       1.08102860E-03   0.00000000    
   615.488708       5.10656508E-04   0.00000000    
   615.195984       1.10520469E-03   0.00000000    
   614.903625       9.25384578E-04   0.00000000    
   614.611511       1.19929016E-03   0.00000000    
   614.319702       1.05934369E-03   0.00000000    
   614.028137       4.81255032E-04   0.00000000    
   613.736816       1.24927703E-03   0.00000000    
   613.445862       9.78525146E-04   0.00000000    
   613.155090       6.45835011E-04   0.00000000    
   612.864624       7.59680872E-04   0.00000000    
   612.574463       1.05293584E-03   0.00000000    
