\BOOKMARK [0][-]{Doc-Start}{Table of Contents}{}% 1
\BOOKMARK [0][-]{chapter*.1}{List of Figures}{}% 2
\BOOKMARK [0][-]{chapter*.2}{List of Tables}{}% 3
\BOOKMARK [0][-]{chapter*.3}{List of Acronyms}{}% 4
\BOOKMARK [0][-]{chapter.1}{Introduction}{}% 5
\BOOKMARK [1][-]{section.1.1}{A Handful of Dust}{chapter.1}% 6
\BOOKMARK [2][-]{subsection.1.1.1}{A Brief History}{section.1.1}% 7
\BOOKMARK [2][-]{subsection.1.1.2}{The Roles of Dust in the Universe}{section.1.1}% 8
\BOOKMARK [2][-]{subsection.1.1.3}{The Medium of Dust}{section.1.1}% 9
\BOOKMARK [1][-]{section.1.2}{Core-Collapse Supernovae as Dust Factories}{chapter.1}% 10
\BOOKMARK [2][-]{subsection.1.2.1}{Types of Supernovae}{section.1.2}% 11
\BOOKMARK [2][-]{subsection.1.2.2}{From Massive Stars to Remnants}{section.1.2}% 12
\BOOKMARK [2][-]{subsection.1.2.3}{Dust Formation in CCSNe}{section.1.2}% 13
\BOOKMARK [2][-]{subsection.1.2.4}{The Three Signatures of Dust}{section.1.2}% 14
\BOOKMARK [2][-]{subsection.1.2.5}{The Dust Mass Debate}{section.1.2}% 15
\BOOKMARK [2][-]{subsection.1.2.6}{Motivation}{section.1.2}% 16
\BOOKMARK [1][-]{section.1.3}{Dust-Affected Line Profiles}{chapter.1}% 17
\BOOKMARK [2][-]{subsection.1.3.1}{Observing}{section.1.3}% 18
\BOOKMARK [2][-]{subsection.1.3.2}{Modelling}{section.1.3}% 19
\BOOKMARK [2][-]{subsection.1.3.3}{Mie Theory}{section.1.3}% 20
\BOOKMARK [1][-]{section.1.4}{Content Of This Thesis}{chapter.1}% 21
\BOOKMARK [0][-]{chapter.2}{A Description of DAMOCLES}{}% 22
\BOOKMARK [1][-]{section.2.1}{Monte Carlo Methods}{chapter.2}% 23
\BOOKMARK [1][-]{section.2.2}{Radiative Transfer and the Monte Carlo Method}{chapter.2}% 24
\BOOKMARK [2][-]{subsection.2.2.1}{Energy Packets}{section.2.2}% 25
\BOOKMARK [2][-]{subsection.2.2.2}{Initialisation and the Grid}{section.2.2}% 26
\BOOKMARK [2][-]{subsection.2.2.3}{Properties of the Dusty Medium}{section.2.2}% 27
\BOOKMARK [2][-]{subsection.2.2.4}{Emission and Propagation}{section.2.2}% 28
\BOOKMARK [2][-]{subsection.2.2.5}{The Velocity Field and Doppler shifting}{section.2.2}% 29
\BOOKMARK [2][-]{subsection.2.2.6}{Electron Scattering}{section.2.2}% 30
\BOOKMARK [2][-]{subsection.2.2.7}{Doublets}{section.2.2}% 31
\BOOKMARK [2][-]{subsection.2.2.8}{Comparing the Model with Observations}{section.2.2}% 32
\BOOKMARK [1][-]{section.2.3}{The Structure of DAMOCLES}{chapter.2}% 33
\BOOKMARK [2][-]{subsection.2.3.1}{Computational Architecture and Processes}{section.2.3}% 34
\BOOKMARK [2][-]{subsection.2.3.2}{OpenMP Parallelisation}{section.2.3}% 35
\BOOKMARK [2][-]{subsection.2.3.3}{Input}{section.2.3}% 36
\BOOKMARK [2][-]{subsection.2.3.4}{Output, Post-Processing and Visualisation}{section.2.3}% 37
\BOOKMARK [1][-]{section.2.4}{Further Developments}{chapter.2}% 38
\BOOKMARK [0][-]{chapter.3}{Probing DAMOCLES: Testing and a Parameter Sensitivity Analysis}{}% 39
\BOOKMARK [1][-]{section.3.1}{Testing and benchmarking the code}{chapter.3}% 40
\BOOKMARK [2][-]{subsection.3.1.1}{Theoretical line profiles from first principles}{section.3.1}% 41
\BOOKMARK [2][-]{subsection.3.1.2}{Comparison of DAMOCLES models with previously published results}{section.3.1}% 42
\BOOKMARK [2][-]{subsection.3.1.3}{Testing the electron scattering mechanism}{section.3.1}% 43
\BOOKMARK [2][-]{subsection.3.1.4}{Clumped models in smooth limits}{section.3.1}% 44
\BOOKMARK [1][-]{section.3.2}{An analysis of the sensitivity of line profiles to the variable parameters}{chapter.3}% 45
\BOOKMARK [2][-]{subsection.3.2.1}{The maximum line velocity, Vmax}{section.3.2}% 46
\BOOKMARK [2][-]{subsection.3.2.2}{The ejecta radius ratio, Rin/Rout}{section.3.2}% 47
\BOOKMARK [2][-]{subsection.3.2.3}{The dust optical depth, }{section.3.2}% 48
\BOOKMARK [2][-]{subsection.3.2.4}{The dust albedo, }{section.3.2}% 49
\BOOKMARK [2][-]{subsection.3.2.5}{The dust density profile, r-2}{section.3.2}% 50
\BOOKMARK [2][-]{subsection.3.2.6}{Inferring properties of the dust from the models}{section.3.2}% 51
\BOOKMARK [2][-]{subsection.3.2.7}{Observable signatures of dust in line profiles}{section.3.2}% 52
\BOOKMARK [2][-]{subsection.3.2.8}{The effect of a grain size distribution}{section.3.2}% 53
\BOOKMARK [2][-]{subsection.3.2.9}{The effect of different species}{section.3.2}% 54
\BOOKMARK [2][-]{subsection.3.2.10}{The velocity distribution}{section.3.2}% 55
\BOOKMARK [0][-]{chapter.4}{The Evolution of Dust Formation in SN 1987A}{}% 56
\BOOKMARK [1][-]{section.4.1}{Spectral Observations of SN 1987A}{chapter.4}% 57
\BOOKMARK [2][-]{subsection.4.1.1}{Contamination of the H profiles}{section.4.1}% 58
\BOOKMARK [2][-]{subsection.4.1.2}{The evolution of the maximum and minimum velocities}{section.4.1}% 59
\BOOKMARK [1][-]{section.4.2}{Modelling SN 1987A}{chapter.4}% 60
\BOOKMARK [2][-]{subsection.4.2.1}{Smooth Density Models for SN 1987A}{section.4.2}% 61
\BOOKMARK [2][-]{subsection.4.2.2}{Clumped Dust Models for SN 1987A}{section.4.2}% 62
\BOOKMARK [2][-]{subsection.4.2.3}{The effects of clumping}{section.4.2}% 63
\BOOKMARK [2][-]{subsection.4.2.4}{More complex models}{section.4.2}% 64
\BOOKMARK [2][-]{subsection.4.2.5}{The effect of a grain size distribution}{section.4.2}% 65
\BOOKMARK [2][-]{subsection.4.2.6}{The effect of different grain species}{section.4.2}% 66
\BOOKMARK [2][-]{subsection.4.2.7}{Modelling large masses of dust at early epochs: comparison with the results of Dwek2015}{section.4.2}% 67
\BOOKMARK [2][-]{subsection.4.2.8}{Unattenuated line fluxes}{section.4.2}% 68
\BOOKMARK [1][-]{section.4.3}{Discussion}{chapter.4}% 69
\BOOKMARK [1][-]{section.4.4}{Conclusions}{chapter.4}% 70
\BOOKMARK [0][-]{chapter.5}{A Wider View: Models of Other Supernova Remnants}{}% 71
\BOOKMARK [1][-]{section.5.1}{SN 1980K}{chapter.5}% 72
\BOOKMARK [1][-]{section.5.2}{SN 1993J}{chapter.5}% 73
\BOOKMARK [1][-]{section.5.3}{Cassiopeia A}{chapter.5}% 74
\BOOKMARK [0][-]{chapter.6}{Conclusions and Future Work}{}% 75
\BOOKMARK [0][-]{chapter.6}{Bibliography}{}% 76
