This is pdfTeX, Version 3.14159265-2.6-1.40.15 (TeX Live 2014) (preloaded format=pdflatex 2015.3.17)  25 JUN 2015 20:43
entering extended mode
 restricted \write18 enabled.
 file:line:error style messages enabled.
 %&-line parsing enabled.
**thesis.tex
(./thesis.tex
LaTeX2e <2014/05/01>
Babel <3.9k> and hyphenation patterns for 78 languages loaded.
(./thesis.cls
Document Class: thesis 1995/12/20 v1.3q Standard LaTeX document class
(/usr/local/texlive/2014/texmf-dist/tex/latex/base/fleqn.clo
File: fleqn.clo 1998/08/17 v1.1c Standard LaTeX option (flush left equations)
\mathindent=\dimen102
)
(/usr/local/texlive/2014/texmf-dist/tex/latex/base/size11.clo
File: size11.clo 2007/10/19 v1.4h Standard LaTeX file (size option)
)
\c@part=\count79
\c@chapter=\count80
\c@section=\count81
\c@subsection=\count82
\c@subsubsection=\count83
\c@paragraph=\count84
\c@subparagraph=\count85
\c@figure=\count86
\c@table=\count87
\abovecaptionskip=\skip41
\belowcaptionskip=\skip42
\bibindent=\dimen103
)
(/usr/local/texlive/2014/texmf-dist/tex/latex/srcltx/srcltx.sty
Package: srcltx 2006/11/12 v1.6 Source specials for inverse search in DVI files


(/usr/local/texlive/2014/texmf-dist/tex/latex/base/ifthen.sty
Package: ifthen 2001/05/26 v1.1c Standard LaTeX ifthen package (DPC)
)
\src@lastline=\count88
\src@new@everypar=\toks14
\src@new@output=\toks15
)
(/usr/local/texlive/2014/texmf-dist/tex/latex/graphics/color.sty
Package: color 2014/04/23 v1.1a Standard LaTeX Color (DPC)

(/usr/local/texlive/2014/texmf-dist/tex/latex/latexconfig/color.cfg
File: color.cfg 2007/01/18 v1.5 color configuration of teTeX/TeXLive
)
Package color Info: Driver file: pdftex.def on input line 137.
Package srcltx Info: Expanded filename `pdftex.def' to `pdftex.def.tex' on inpu
t line 138.

:<+ pdftex.def.tex
(/usr/local/texlive/2014/texmf-dist/tex/latex/pdftex-def/pdftex.def
File: pdftex.def 2011/05/27 v0.06d Graphics/color for pdfTeX

(/usr/local/texlive/2014/texmf-dist/tex/generic/oberdiek/infwarerr.sty
Package: infwarerr 2010/04/08 v1.3 Providing info/warning/error messages (HO)
)
(/usr/local/texlive/2014/texmf-dist/tex/generic/oberdiek/ltxcmds.sty
Package: ltxcmds 2011/11/09 v1.22 LaTeX kernel commands for general use (HO)
)
\Gread@gobject=\count89
)
:<-
Package srcltx Info: Expanded filename `dvipsnam.def' to `dvipsnam.def.tex' on 
input line 140.
:<+ dvipsnam.def.tex
(/usr/local/texlive/2014/texmf-dist/tex/latex/graphics/dvipsnam.def
File: dvipsnam.def 2014/04/23 v3.0j Driver-dependant file (DPC,SPQR)
)
:<-
) (/usr/local/texlive/2014/texmf-dist/tex/latex/url/url.sty
\Urlmuskip=\muskip10
Package: url 2013/09/16  ver 3.4  Verb mode for urls, etc.
)
(/usr/local/texlive/2014/texmf-dist/tex/latex/tools/xspace.sty
Package: xspace 2009/10/20 v1.13 Space after command names (DPC,MH)
)
(/usr/local/texlive/2014/texmf-dist/tex/latex/threeparttable/threeparttable.sty
Package: threeparttable 2003/06/13  v 3.0
\@tempboxb=\box26
) (/usr/local/texlive/2014/texmf-dist/tex/latex/colortbl/colortbl.sty
Package: colortbl 2012/02/13 v1.0a Color table columns (DPC)

(/usr/local/texlive/2014/texmf-dist/tex/latex/tools/array.sty
Package: array 2008/09/09 v2.4c Tabular extension package (FMi)
\col@sep=\dimen104
\extrarowheight=\dimen105
\NC@list=\toks16
\extratabsurround=\skip43
\backup@length=\skip44
)
\everycr=\toks17
\minrowclearance=\skip45
)
(/usr/local/texlive/2014/texmf-dist/tex/latex/xcolor/xcolor.sty
Package: xcolor 2007/01/21 v2.11 LaTeX color extensions (UK)

(/usr/local/texlive/2014/texmf-dist/tex/latex/latexconfig/color.cfg
File: color.cfg 2007/01/18 v1.5 color configuration of teTeX/TeXLive
)
Package xcolor Info: Driver file: pdftex.def on input line 225.
LaTeX Info: Redefining \color on input line 702.
\rownum=\count90
Package xcolor Info: Model `cmy' substituted by `cmy0' on input line 1337.
Package xcolor Info: Model `hsb' substituted by `rgb' on input line 1341.
Package xcolor Info: Model `RGB' extended on input line 1353.
Package xcolor Info: Model `HTML' substituted by `rgb' on input line 1355.
Package xcolor Info: Model `Hsb' substituted by `hsb' on input line 1356.
Package xcolor Info: Model `tHsb' substituted by `hsb' on input line 1357.
Package xcolor Info: Model `HSB' substituted by `hsb' on input line 1358.
Package xcolor Info: Model `Gray' substituted by `gray' on input line 1359.
Package xcolor Info: Model `wave' substituted by `hsb' on input line 1360.
)
(/usr/local/texlive/2014/texmf-dist/tex/generic/oberdiek/ifpdf.sty
Package: ifpdf 2011/01/30 v2.3 Provides the ifpdf switch (HO)
Package ifpdf Info: pdfTeX in PDF mode is detected.
)
(/usr/local/texlive/2014/texmf-dist/tex/latex/tools/enumerate.sty
Package: enumerate 1999/03/05 v3.00 enumerate extensions (DPC)
\@enLab=\toks18
)
(/usr/local/texlive/2014/texmf-dist/tex/latex/caption/subcaption.sty
Package: subcaption 2013/02/03 v1.1-62 Sub-captions (AR)

(/usr/local/texlive/2014/texmf-dist/tex/latex/caption/caption.sty
Package: caption 2013/05/02 v3.3-89 Customizing captions (AR)

(/usr/local/texlive/2014/texmf-dist/tex/latex/caption/caption3.sty
Package: caption3 2013/05/02 v1.6-88 caption3 kernel (AR)
Package caption3 Info: TeX engine: e-TeX on input line 57.

(/usr/local/texlive/2014/texmf-dist/tex/latex/graphics/keyval.sty
Package: keyval 2014/05/08 v1.15 key=value parser (DPC)
\KV@toks@=\toks19
)
\captionmargin=\dimen106
\captionmargin@=\dimen107
\captionwidth=\dimen108
\caption@tempdima=\dimen109
\caption@indent=\dimen110
\caption@parindent=\dimen111
\caption@hangindent=\dimen112
Package caption Info: Unknown document class (or package),
(caption)             standard defaults will be used.
)

Package caption Warning: Unsupported document class (or package) detected,
(caption)                usage of the caption package is not recommended.
See the caption package documentation for explanation.

Package caption Info: \@makecaption = \long macro:#1#2-> \vskip 10pt \setbox \@
tempboxa \hbox {\small #1: #2} \ifdim \wd \@tempboxa >\hsize \leftskip 0pt plus
 1fil \rightskip 0pt plus -1fil \parfillskip 0pt plus 2fil \small #1: #2\par \e
lse \hbox to\hsize {\hfil \box \@tempboxa \hfil } \fi .
\c@ContinuedFloat=\count91
Package caption Info: threeparttable package is loaded.
)
\c@subfigure=\count92
\c@subtable=\count93
) (/usr/local/texlive/2014/texmf-dist/tex/generic/epsf/epsf.sty
This is `epsf.tex' v2.7.4 <14 February 2011>
\epsffilein=\read1
\epsfframemargin=\dimen113
\epsfframethickness=\dimen114
\epsfrsize=\dimen115
\epsftmp=\dimen116
\epsftsize=\dimen117
\epsfxsize=\dimen118
\epsfysize=\dimen119
\pspoints=\dimen120
) (/usr/local/texlive/2014/texmf-dist/tex/latex/graphics/epsfig.sty
Package: epsfig 1999/02/16 v1.7a (e)psfig emulation (SPQR)

(/usr/local/texlive/2014/texmf-dist/tex/latex/graphics/graphicx.sty
Package: graphicx 2014/04/25 v1.0g Enhanced LaTeX Graphics (DPC,SPQR)

(/usr/local/texlive/2014/texmf-dist/tex/latex/graphics/graphics.sty
Package: graphics 2009/02/05 v1.0o Standard LaTeX Graphics (DPC,SPQR)

(/usr/local/texlive/2014/texmf-dist/tex/latex/graphics/trig.sty
Package: trig 1999/03/16 v1.09 sin cos tan (DPC)
)
(/usr/local/texlive/2014/texmf-dist/tex/latex/latexconfig/graphics.cfg
File: graphics.cfg 2010/04/23 v1.9 graphics configuration of TeX Live
)
Package graphics Info: Driver file: pdftex.def on input line 91.
)
\Gin@req@height=\dimen121
\Gin@req@width=\dimen122
)
\epsfxsize=\dimen123
\epsfysize=\dimen124
)
(/usr/local/texlive/2014/texmf-dist/tex/latex/tools/calc.sty
Package: calc 2007/08/22 v4.3 Infix arithmetic (KKT,FJ)
\calc@Acount=\count94
\calc@Bcount=\count95
\calc@Adimen=\dimen125
\calc@Bdimen=\dimen126
\calc@Askip=\skip46
\calc@Bskip=\skip47
LaTeX Info: Redefining \setlength on input line 75.
LaTeX Info: Redefining \addtolength on input line 76.
\calc@Ccount=\count96
\calc@Cskip=\skip48
)
(/usr/local/texlive/2014/texmf-dist/tex/latex/graphics/lscape.sty
Package: lscape 2000/10/22 v3.01 Landscape Pages (DPC)
)
(/usr/local/texlive/2014/texmf-dist/tex/latex/tools/longtable.sty
Package: longtable 2004/02/01 v4.11 Multi-page Table package (DPC)
\LTleft=\skip49
\LTright=\skip50
\LTpre=\skip51
\LTpost=\skip52
\LTchunksize=\count97
\LTcapwidth=\dimen127
\LT@head=\box27
\LT@firsthead=\box28
\LT@foot=\box29
\LT@lastfoot=\box30
\LT@cols=\count98
\LT@rows=\count99
\c@LT@tables=\count100
\c@LT@chunks=\count101
\LT@p@ftn=\toks20
)
(/usr/local/texlive/2014/texmf-dist/tex/latex/setspace/setspace.sty
Package: setspace 2011/12/19 v6.7a set line spacing
)
(/usr/local/texlive/2014/texmf-dist/tex/latex/supertabular/supertabular.sty
Package: supertabular 2004/02/20 v4.1e the supertabular environment
\c@tracingst=\count102
\ST@wd=\dimen128
\ST@rightskip=\skip53
\ST@leftskip=\skip54
\ST@parfillskip=\skip55
\ST@pageleft=\dimen129
\ST@headht=\dimen130
\ST@tailht=\dimen131
\ST@pagesofar=\dimen132
\ST@pboxht=\dimen133
\ST@lineht=\dimen134
\ST@stretchht=\dimen135
\ST@prevht=\dimen136
\ST@toadd=\dimen137
\ST@dimen=\dimen138
\ST@pbox=\box31
)
(/usr/local/texlive/2014/texmf-dist/tex/latex/tools/tabularx.sty
Package: tabularx 2014/05/13 v2.10 `tabularx' package (DPC)
\TX@col@width=\dimen139
\TX@old@table=\dimen140
\TX@old@col=\dimen141
\TX@target=\dimen142
\TX@delta=\dimen143
\TX@cols=\count103
\TX@ftn=\toks21
)
(/usr/local/texlive/2014/texmf-dist/tex/latex/multirow/multirow.sty
\bigstrutjot=\dimen144
)
(/usr/local/texlive/2014/texmf-dist/tex/latex/curves/curves.sty
Package: curves 2009/08/31 1.53 Curves for LaTeX picture environment
\;sc=\count104
\;scp=\count105
\;t=\count106
\;cc=\count107
\;cnd=\count108
\;mcnd=\count109
\;np=\count110
\;overhang=\count111
\;pbs=\count112
\;pns=\count113
\;psc=\count114
\;rc=\count115
\;rtc=\count116
\;tc=\count117
\csdiameter=\skip56
\curvelength=\skip57
\overhang=\skip58
\;x=\skip59
\;dx=\skip60
\;ddx=\skip61
\;y=\skip62
\;dy=\skip63
\;ddy=\skip64
\;pl=\skip65
\;ucd=\skip66
\;csbox=\box32
\;pt=\box33
\;strline=\toks22
\m;ssingcoord=\toks23
\;negdash=\toks24
\;oddcoord=\toks25
\;wc=\count118
\;X=\skip67
\;Y=\skip68
)
(/usr/local/texlive/2014/texmf-dist/tex/latex/eepic/epic.sty
Enhancements to Picture Environment. Version 1.2 - Released June 1, 1986
\@@multicnt=\count119
\d@lta=\count120
\@delta=\dimen145
\@@delta=\dimen146
\@gridcnt=\count121
\@joinkind=\count122
\@dotgap=\dimen147
\@ddotgap=\dimen148
\@x@diff=\count123
\@y@diff=\count124
\x@diff=\dimen149
\y@diff=\dimen150
\@dotbox=\box34
\num@segments=\count125
\num@segmentsi=\count126
\@datafile=\read2
) (/usr/local/texlive/2014/texmf-dist/tex/latex/rotating/rotating.sty
Package: rotating 2009/03/28 v2.16a rotated objects in LaTeX
\c@r@tfl@t=\count127
\rotFPtop=\skip69
\rotFPbot=\skip70
\rot@float@box=\box35
\rot@mess@toks=\toks26
)
(/usr/local/texlive/2014/texmf-dist/tex/latex/fancyhdr/fancyheadings.sty
Package: fancyheadings 2008/02/04 1.99 Dummy package to call fancyhdr


Package fancyheadings Warning: Please stop using fancyheadings!
(fancyheadings)                Use fancyhdr instead.
(fancyheadings)                We will call fancyhdr with the very same
(fancyheadings)                options you passed to fancyheadings.
(fancyheadings)                
(fancyheadings)                fancyhdr is 99 percent compatible with
(fancyheadings)                fancyheadings. The only incompatibility is
(fancyheadings)                that \headrulewidth and \footrulewidth and
(fancyheadings)                their \plain... versions are no longer length
(fancyheadings)                parameters, but normal macros (to be changed
(fancyheadings)                with \renewcommand rather than \setlength)..

(/usr/local/texlive/2014/texmf-dist/tex/latex/fancyhdr/fancyhdr.sty
\fancy@headwidth=\skip71
\f@ncyO@elh=\skip72
\f@ncyO@erh=\skip73
\f@ncyO@olh=\skip74
\f@ncyO@orh=\skip75
\f@ncyO@elf=\skip76
\f@ncyO@erf=\skip77
\f@ncyO@olf=\skip78
\f@ncyO@orf=\skip79
))
(/usr/local/texlive/2014/texmf-dist/tex/latex/tools/afterpage.sty
Package: afterpage 1995/10/27 v1.08 After-Page Package (DPC)
\AP@output=\toks27
\AP@partial=\box36
\AP@footins=\box37
)
(/usr/local/texlive/2014/texmf-dist/tex/latex/amsmath/amsmath.sty
Package: amsmath 2013/01/14 v2.14 AMS math features
\@mathmargin=\skip80

For additional information on amsmath, use the `?' option.
(/usr/local/texlive/2014/texmf-dist/tex/latex/amsmath/amstext.sty
Package: amstext 2000/06/29 v2.01

(/usr/local/texlive/2014/texmf-dist/tex/latex/amsmath/amsgen.sty
File: amsgen.sty 1999/11/30 v2.0
\@emptytoks=\toks28
\ex@=\dimen151
))
(/usr/local/texlive/2014/texmf-dist/tex/latex/amsmath/amsbsy.sty
Package: amsbsy 1999/11/29 v1.2d
\pmbraise@=\dimen152
)
(/usr/local/texlive/2014/texmf-dist/tex/latex/amsmath/amsopn.sty
Package: amsopn 1999/12/14 v2.01 operator names
)
\inf@bad=\count128
LaTeX Info: Redefining \frac on input line 210.
\uproot@=\count129
\leftroot@=\count130
LaTeX Info: Redefining \overline on input line 306.
\classnum@=\count131
\DOTSCASE@=\count132
LaTeX Info: Redefining \ldots on input line 378.
LaTeX Info: Redefining \dots on input line 381.
LaTeX Info: Redefining \cdots on input line 466.
\Mathstrutbox@=\box38
\strutbox@=\box39
\big@size=\dimen153
LaTeX Font Info:    Redeclaring font encoding OML on input line 566.
LaTeX Font Info:    Redeclaring font encoding OMS on input line 567.
\macc@depth=\count133
\c@MaxMatrixCols=\count134
\dotsspace@=\muskip11
\c@parentequation=\count135
\dspbrk@lvl=\count136
\tag@help=\toks29
\row@=\count137
\column@=\count138
\maxfields@=\count139
\andhelp@=\toks30
\eqnshift@=\dimen154
\alignsep@=\dimen155
\tagshift@=\dimen156
\tagwidth@=\dimen157
\totwidth@=\dimen158
\lineht@=\dimen159
\@envbody=\toks31
\multlinegap=\skip81
\multlinetaggap=\skip82
\mathdisplay@stack=\toks32
LaTeX Info: Redefining \[ on input line 2665.
LaTeX Info: Redefining \] on input line 2666.
)
(/usr/local/texlive/2014/texmf-dist/tex/latex/amsfonts/amssymb.sty
Package: amssymb 2013/01/14 v3.01 AMS font symbols

(/usr/local/texlive/2014/texmf-dist/tex/latex/amsfonts/amsfonts.sty
Package: amsfonts 2013/01/14 v3.01 Basic AMSFonts support
\symAMSa=\mathgroup4
\symAMSb=\mathgroup5
LaTeX Font Info:    Overwriting math alphabet `\mathfrak' in version `bold'
(Font)                  U/euf/m/n --> U/euf/b/n on input line 106.
))
(/usr/local/texlive/2014/texmf-dist/tex/latex/booktabs/booktabs.sty
Package: booktabs 2005/04/14 v1.61803 publication quality tables
\heavyrulewidth=\dimen160
\lightrulewidth=\dimen161
\cmidrulewidth=\dimen162
\belowrulesep=\dimen163
\belowbottomsep=\dimen164
\aboverulesep=\dimen165
\abovetopsep=\dimen166
\cmidrulesep=\dimen167
\cmidrulekern=\dimen168
\defaultaddspace=\dimen169
\@cmidla=\count140
\@cmidlb=\count141
\@aboverulesep=\dimen170
\@belowrulesep=\dimen171
\@thisruleclass=\count142
\@lastruleclass=\count143
\@thisrulewidth=\dimen172
)
(./hackcaption.sty
\@captionwidth=\skip83
)
(/usr/local/texlive/2014/texmf-dist/tex/latex/natbib/natbib.sty
Package: natbib 2010/09/13 8.31b (PWD, AO)
\bibhang=\skip84
\bibsep=\skip85
LaTeX Info: Redefining \cite on input line 694.
\c@NAT@ctr=\count144
)
\bindingmargin=\skip86
\outermargin=\skip87

Loading defs....
Package srcltx Info: Expanded filename `defs' to `defs.tex' on input line 207.
:<+ defs.tex
(./defs.tex)
:<-
(./thesis.aux (./front/declaration.aux) (./front/abstract.aux)
(./front/acknowledgements.aux) (./front/frontquote.aux) (./front/acronyms.aux)
(./chapters/chapter1/chapter1.aux) (./chapters/chapter2/chapter2.aux)
(./chapters/chapter3/chapter3.aux) (./chapters/chapter4/chapter4.aux)
(./chapters/chapter5/chapter5.aux) (./chapters/chapter6/chapter6.aux)
(./chapters/chapter7/chapter7.aux) (./back/backquote.aux))
\openout1 = `thesis.aux'.

LaTeX Font Info:    Checking defaults for OML/cmm/m/it on input line 227.
LaTeX Font Info:    ... okay on input line 227.
LaTeX Font Info:    Checking defaults for T1/cmr/m/n on input line 227.
LaTeX Font Info:    ... okay on input line 227.
LaTeX Font Info:    Checking defaults for OT1/cmr/m/n on input line 227.
LaTeX Font Info:    ... okay on input line 227.
LaTeX Font Info:    Checking defaults for OMS/cmsy/m/n on input line 227.
LaTeX Font Info:    ... okay on input line 227.
LaTeX Font Info:    Checking defaults for OMX/cmex/m/n on input line 227.
LaTeX Font Info:    ... okay on input line 227.
LaTeX Font Info:    Checking defaults for U/cmr/m/n on input line 227.
LaTeX Font Info:    ... okay on input line 227.

(/usr/local/texlive/2014/texmf-dist/tex/context/base/supp-pdf.mkii
[Loading MPS to PDF converter (version 2006.09.02).]
\scratchcounter=\count145
\scratchdimen=\dimen173
\scratchbox=\box40
\nofMPsegments=\count146
\nofMParguments=\count147
\everyMPshowfont=\toks33
\MPscratchCnt=\count148
\MPscratchDim=\dimen174
\MPnumerator=\count149
\makeMPintoPDFobject=\count150
\everyMPtoPDFconversion=\toks34
)
Package caption Info: Begin \AtBeginDocument code.
Package caption Info: longtable package is loaded.
 (/usr/local/texlive/2014/texmf-dist/tex/latex/caption/ltcaption.sty
Package: ltcaption 2013/02/03 v1.3-62 longtable captions (AR)
)
Package caption Info: rotating package is loaded.
Package caption Info: supertabular package is loaded.
Package caption Info: End \AtBeginDocument code.

(/usr/local/texlive/2014/texmf-dist/tex/generic/oberdiek/pdftexcmds.sty
Package: pdftexcmds 2011/11/29 v0.20 Utility functions of pdfTeX for LuaTeX (HO
)

(/usr/local/texlive/2014/texmf-dist/tex/generic/oberdiek/ifluatex.sty
Package: ifluatex 2010/03/01 v1.3 Provides the ifluatex switch (HO)
Package ifluatex Info: LuaTeX not detected.
)
Package pdftexcmds Info: LuaTeX not detected.
Package pdftexcmds Info: \pdf@primitive is available.
Package pdftexcmds Info: \pdf@ifprimitive is available.
Package pdftexcmds Info: \pdfdraftmode found.
)
(/usr/local/texlive/2014/texmf-dist/tex/latex/oberdiek/epstopdf-base.sty
Package: epstopdf-base 2010/02/09 v2.5 Base part for package epstopdf

(/usr/local/texlive/2014/texmf-dist/tex/latex/oberdiek/grfext.sty
Package: grfext 2010/08/19 v1.1 Manage graphics extensions (HO)

(/usr/local/texlive/2014/texmf-dist/tex/generic/oberdiek/kvdefinekeys.sty
Package: kvdefinekeys 2011/04/07 v1.3 Define keys (HO)
))
(/usr/local/texlive/2014/texmf-dist/tex/latex/oberdiek/kvoptions.sty
Package: kvoptions 2011/06/30 v3.11 Key value format for package options (HO)

(/usr/local/texlive/2014/texmf-dist/tex/generic/oberdiek/kvsetkeys.sty
Package: kvsetkeys 2012/04/25 v1.16 Key value parser (HO)

(/usr/local/texlive/2014/texmf-dist/tex/generic/oberdiek/etexcmds.sty
Package: etexcmds 2011/02/16 v1.5 Avoid name clashes with e-TeX commands (HO)
Package etexcmds Info: Could not find \expanded.
(etexcmds)             That can mean that you are not using pdfTeX 1.50 or
(etexcmds)             that some package has redefined \expanded.
(etexcmds)             In the latter case, load this package earlier.
)))
Package grfext Info: Graphics extension search list:
(grfext)             [.png,.pdf,.jpg,.mps,.jpeg,.jbig2,.jb2,.PNG,.PDF,.JPG,.JPE
G,.JBIG2,.JB2,.eps]
(grfext)             \AppendGraphicsExtensions on input line 452.

(/usr/local/texlive/2014/texmf-dist/tex/latex/latexconfig/epstopdf-sys.cfg
File: epstopdf-sys.cfg 2010/07/13 v1.3 Configuration of (r)epstopdf for TeX Liv
e
))
<./front/ucllogo.pdf, id=1, 598.235pt x 171.64125pt>
File: ./front/ucllogo.pdf Graphic file (type pdf)
 <use ./front/ucllogo.pdf>
Package pdftex.def Info: ./front/ucllogo.pdf used on input line 245.
(pdftex.def)             Requested size: 598.23354pt x 171.64081pt.

Overfull \hbox (57.32541pt too wide) in paragraph at lines 245--245
[]  [] 
 []

LaTeX Font Info:    Try loading font information for U+msa on input line 245.
(/usr/local/texlive/2014/texmf-dist/tex/latex/amsfonts/umsa.fd
File: umsa.fd 2013/01/14 v3.01 AMS symbols A
)
LaTeX Font Info:    Try loading font information for U+msb on input line 245.

(/usr/local/texlive/2014/texmf-dist/tex/latex/amsfonts/umsb.fd
File: umsb.fd 2013/01/14 v3.01 AMS symbols B
) [1

{/usr/local/texlive/2014/texmf-var/fonts/map/pdftex/updmap/pdftex.map} <./front
/ucllogo.pdf>] [2

] [3] [4

]
:<+ front/declaration.tex
\openout2 = `front/declaration.aux'.

(./front/declaration.tex) [5


]
:<-
[6


]
:<+ front/abstract.tex
\openout2 = `front/abstract.aux'.

(./front/abstract.tex) [7


]
:<-
:<+ front/acknowledgements.tex
\openout2 = `front/acknowledgements.aux'.

(./front/acknowledgements.tex) [8



]
:<-
:<+ front/frontquote.tex
\openout2 = `front/frontquote.aux'.

(./front/frontquote.tex) [9



]
:<-
[10


] (./thesis.toc [11

] [12])
\tf@toc=\write3
\openout3 = `thesis.toc'.

 [13] [14

] (./thesis.lof [15

] [16])
\tf@lof=\write4
\openout4 = `thesis.lof'.

 [17] [18

]
(./thesis.lot)
\tf@lot=\write5
\openout5 = `thesis.lot'.

 [19]
:<+ front/acronyms.tex
\openout2 = `front/acronyms.aux'.

(./front/acronyms.tex) [20


]
:<-
:<+ chapters/chapter1/chapter1.tex
\openout2 = `chapters/chapter1/chapter1.aux'.

(./chapters/chapter1/chapter1.tex
Chapter 1.
) [21




]
:<-
[22


]
:<+ chapters/chapter2/chapter2.tex
\openout2 = `chapters/chapter2/chapter2.aux'.

(./chapters/chapter2/chapter2.tex
Chapter 2.
[23



] [24]

LaTeX Warning: Reference `' on page 25 undefined on input line 36.

[25] <chapters/chapter2/code_flow.png, id=97, 979.66pt x 818.05624pt>
File: chapters/chapter2/code_flow.png Graphic file (type png)

<use chapters/chapter2/code_flow.png>
Package pdftex.def Info: chapters/chapter2/code_flow.png used on input line 42.

(pdftex.def)             Requested size: 401.32355pt x 631.68369pt.


LaTeX Warning: Float too large for page by 11.37726pt on input line 45.

[26] [27 <./chapters/chapter2/code_flow.png>] [28]
Package epstopdf Info: Source file: <chapters/chapter2/smooth_grid.eps>
(epstopdf)                    date: 2015-06-22 14:51:37
(epstopdf)                    size: 28480557 bytes
(epstopdf)             Output file: <chapters/chapter2/smooth_grid-eps-converte
d-to.pdf>
(epstopdf)                    date: 2015-06-22 15:10:39
(epstopdf)                    size: 3503416 bytes
(epstopdf)             Command: <repstopdf --outfile=chapters/chapter2/smooth_g
rid-eps-converted-to.pdf chapters/chapter2/smooth_grid.eps>
(epstopdf)             \includegraphics on input line 96.
Package epstopdf Info: Output file is already uptodate.

<chapters/chapter2/smooth_grid-eps-converted-to.pdf, id=110, 625.33624pt x 499.
8675pt>
File: chapters/chapter2/smooth_grid-eps-converted-to.pdf Graphic file (type pdf
)
 <use chapters/chapter2/smooth_grid-eps-converted-to.pdf>
Package pdftex.def Info: chapters/chapter2/smooth_grid-eps-converted-to.pdf use
d on input line 96.
(pdftex.def)             Requested size: 214.5056pt x 235.7068pt.

Overfull \hbox (43.79167pt too wide) in paragraph at lines 96--97
[][] 
 []

Package epstopdf Info: Source file: <chapters/chapter2/clumped_grid.eps>
(epstopdf)                    date: 2015-06-22 14:47:42
(epstopdf)                    size: 28485226 bytes
(epstopdf)             Output file: <chapters/chapter2/clumped_grid-eps-convert
ed-to.pdf>
(epstopdf)                    date: 2015-06-22 15:10:46
(epstopdf)                    size: 3496466 bytes
(epstopdf)             Command: <repstopdf --outfile=chapters/chapter2/clumped_
grid-eps-converted-to.pdf chapters/chapter2/clumped_grid.eps>
(epstopdf)             \includegraphics on input line 100.
Package epstopdf Info: Output file is already uptodate.

<chapters/chapter2/clumped_grid-eps-converted-to.pdf, id=112, 626.34pt x 499.86
75pt>
File: chapters/chapter2/clumped_grid-eps-converted-to.pdf Graphic file (type pd
f)
 <use chapters/chapter2/clumped_grid-eps-converted-to.pdf>
Package pdftex.def Info: chapters/chapter2/clumped_grid-eps-converted-to.pdf us
ed on input line 100.
(pdftex.def)             Requested size: 215.00748pt x 235.7068pt.

Overfull \hbox (44.29355pt too wide) in paragraph at lines 100--101
[][] 
 []

[29] [30 <./chapters/chapter2/smooth_grid-eps-converted-to.pdf> <./chapters/cha
pter2/clumped_grid-eps-converted-to.pdf>] [31] [32] [33]
Underfull \hbox (badness 10000) in paragraph at lines 209--214

 []


Underfull \hbox (badness 10000) in paragraph at lines 209--214

 []

[34] [35] [36] [37] [38] [39]
<chapters/chapter2/code_modules_flowchart.png, id=172, 849.1725pt x 757.83125pt
>
File: chapters/chapter2/code_modules_flowchart.png Graphic file (type png)
 <use chapters/chapter2/code_modules_flowchart.png>
Package pdftex.def Info: chapters/chapter2/code_modules_flowchart.png used on i
nput line 365.
(pdftex.def)             Requested size: 428.95435pt x 594.88474pt.

Overfull \hbox (2.163pt too wide) in paragraph at lines 365--366
[][] 
 []


LaTeX Warning: Float too large for page by 13.24916pt on input line 368.

[40] [41 <./chapters/chapter2/code_modules_flowchart.png>] [42] [43] [44]
<chapters/chapter2/propagate_module.png, id=191, 692.5875pt x 810.02625pt>
File: chapters/chapter2/propagate_module.png Graphic file (type png)

<use chapters/chapter2/propagate_module.png>
Package pdftex.def Info: chapters/chapter2/propagate_module.png used on input l
ine 412.
(pdftex.def)             Requested size: 433.53004pt x 533.18315pt.

Overfull \hbox (6.7387pt too wide) in paragraph at lines 412--413
[][] 
 []

[45] [46 <./chapters/chapter2/propagate_module.png>] [47] [48]
Overfull \hbox (5.49068pt too wide) in paragraph at lines 436--437
[]\OT1/cmr/m/n/10.95 For fur-ther in-for-ma-tion about the OpenMP API please re
-fer to \OT1/cmr/m/it/10.95 https://www.openmp.org\OT1/cmr/m/n/10.95 . 
 []

[49] [50] [51] [52]

LaTeX Warning: Command \i invalid in math mode on input line 551.

[53]

LaTeX Warning: Reference `fig:LOS' on page 54 undefined on input line 586.

<chapters/chapter2/LoS_diagram.png, id=221, 722.7pt x 542.025pt>
File: chapters/chapter2/LoS_diagram.png Graphic file (type png)

<use chapters/chapter2/LoS_diagram.png>
Package pdftex.def Info: chapters/chapter2/LoS_diagram.png used on input line 5
90.
(pdftex.def)             Requested size: 391.2266pt x 282.4656pt.
 [54] [55 <./chapters/chapter2/LoS_diagram.png>] [56] [57] [58]) [59]
:<-
[60


]
:<+ chapters/chapter3/chapter3.tex
\openout2 = `chapters/chapter3/chapter3.aux'.

(./chapters/chapter3/chapter3.tex
Chapter 3.
Package epstopdf Info: Source file: <chapters/chapter3/images/params/A/b0_r0_2.
eps>
(epstopdf)                    date: 2015-05-05 21:53:59
(epstopdf)                    size: 265640 bytes
(epstopdf)             Output file: <chapters/chapter3/images/params/A/b0_r0_2-
eps-converted-to.pdf>
(epstopdf)                    date: 2015-05-18 13:17:57
(epstopdf)                    size: 20183 bytes
(epstopdf)             Command: <repstopdf --outfile=chapters/chapter3/images/p
arams/A/b0_r0_2-eps-converted-to.pdf chapters/chapter3/images/params/A/b0_r0_2.
eps>
(epstopdf)             \includegraphics on input line 31.
Package epstopdf Info: Output file is already uptodate.

<chapters/chapter3/images/params/A/b0_r0_2-eps-converted-to.pdf, id=245, 562.1p
t x 421.575pt>
File: chapters/chapter3/images/params/A/b0_r0_2-eps-converted-to.pdf Graphic fi
le (type pdf)

<use chapters/chapter3/images/params/A/b0_r0_2-eps-converted-to.pdf>
Package pdftex.def Info: chapters/chapter3/images/params/A/b0_r0_2-eps-converte
d-to.pdf used on input line 31.
(pdftex.def)             Requested size: 226.24791pt x 168.5316pt.

Overfull \hbox (12.85223pt too wide) in paragraph at lines 31--32
 [][] 
 []

Package epstopdf Info: Source file: <chapters/chapter3/images/params/A/b0_r0.ep
s>
(epstopdf)                    date: 2015-05-05 22:07:35
(epstopdf)                    size: 250598 bytes
(epstopdf)             Output file: <chapters/chapter3/images/params/A/b0_r0-ep
s-converted-to.pdf>
(epstopdf)                    date: 2015-05-18 13:18:01
(epstopdf)                    size: 17077 bytes
(epstopdf)             Command: <repstopdf --outfile=chapters/chapter3/images/p
arams/A/b0_r0-eps-converted-to.pdf chapters/chapter3/images/params/A/b0_r0.eps>

(epstopdf)             \includegraphics on input line 36.
Package epstopdf Info: Output file is already uptodate.

<chapters/chapter3/images/params/A/b0_r0-eps-converted-to.pdf, id=247, 562.1pt 
x 421.575pt>
File: chapters/chapter3/images/params/A/b0_r0-eps-converted-to.pdf Graphic file
 (type pdf)

<use chapters/chapter3/images/params/A/b0_r0-eps-converted-to.pdf>
Package pdftex.def Info: chapters/chapter3/images/params/A/b0_r0-eps-converted-
to.pdf used on input line 36.
(pdftex.def)             Requested size: 204.54652pt x 168.5316pt.

Overfull \hbox (16.24776pt too wide) in paragraph at lines 29--38
[]$[]$   $[]$ 
 []


Underfull \hbox (badness 10000) in paragraph at lines 29--38

 []

Package epstopdf Info: Source file: <chapters/chapter3/images/params/A/b1_r0_2.
eps>
(epstopdf)                    date: 2015-05-05 22:09:25
(epstopdf)                    size: 265520 bytes
(epstopdf)             Output file: <chapters/chapter3/images/params/A/b1_r0_2-
eps-converted-to.pdf>
(epstopdf)                    date: 2015-05-18 13:17:58
(epstopdf)                    size: 20460 bytes
(epstopdf)             Command: <repstopdf --outfile=chapters/chapter3/images/p
arams/A/b1_r0_2-eps-converted-to.pdf chapters/chapter3/images/params/A/b1_r0_2.
eps>
(epstopdf)             \includegraphics on input line 41.
Package epstopdf Info: Output file is already uptodate.

<chapters/chapter3/images/params/A/b1_r0_2-eps-converted-to.pdf, id=249, 562.1p
t x 421.575pt>
File: chapters/chapter3/images/params/A/b1_r0_2-eps-converted-to.pdf Graphic fi
le (type pdf)

<use chapters/chapter3/images/params/A/b1_r0_2-eps-converted-to.pdf>
Package pdftex.def Info: chapters/chapter3/images/params/A/b1_r0_2-eps-converte
d-to.pdf used on input line 41.
(pdftex.def)             Requested size: 226.24791pt x 168.5316pt.

Overfull \hbox (12.85223pt too wide) in paragraph at lines 41--42
 [][] 
 []

Package epstopdf Info: Source file: <chapters/chapter3/images/params/A/b1_r0.ep
s>
(epstopdf)                    date: 2015-05-05 22:11:52
(epstopdf)                    size: 250497 bytes
(epstopdf)             Output file: <chapters/chapter3/images/params/A/b1_r0-ep
s-converted-to.pdf>
(epstopdf)                    date: 2015-05-18 13:18:02
(epstopdf)                    size: 17292 bytes
(epstopdf)             Command: <repstopdf --outfile=chapters/chapter3/images/p
arams/A/b1_r0-eps-converted-to.pdf chapters/chapter3/images/params/A/b1_r0.eps>

(epstopdf)             \includegraphics on input line 46.
Package epstopdf Info: Output file is already uptodate.

<chapters/chapter3/images/params/A/b1_r0-eps-converted-to.pdf, id=251, 562.1pt 
x 421.575pt>
File: chapters/chapter3/images/params/A/b1_r0-eps-converted-to.pdf Graphic file
 (type pdf)

<use chapters/chapter3/images/params/A/b1_r0-eps-converted-to.pdf>
Package pdftex.def Info: chapters/chapter3/images/params/A/b1_r0-eps-converted-
to.pdf used on input line 46.
(pdftex.def)             Requested size: 204.54652pt x 168.5316pt.

Overfull \hbox (16.24776pt too wide) in paragraph at lines 39--48
[]$[]$   $[]$ 
 []


Underfull \hbox (badness 10000) in paragraph at lines 39--48

 []

Package epstopdf Info: Source file: <chapters/chapter3/images/params/A/b2_r0_2.
eps>
(epstopdf)                    date: 2015-05-05 21:48:38
(epstopdf)                    size: 265789 bytes
(epstopdf)             Output file: <chapters/chapter3/images/params/A/b2_r0_2-
eps-converted-to.pdf>
(epstopdf)                    date: 2015-05-18 13:18:00
(epstopdf)                    size: 20028 bytes
(epstopdf)             Command: <repstopdf --outfile=chapters/chapter3/images/p
arams/A/b2_r0_2-eps-converted-to.pdf chapters/chapter3/images/params/A/b2_r0_2.
eps>
(epstopdf)             \includegraphics on input line 51.
Package epstopdf Info: Output file is already uptodate.

<chapters/chapter3/images/params/A/b2_r0_2-eps-converted-to.pdf, id=253, 562.1p
t x 421.575pt>
File: chapters/chapter3/images/params/A/b2_r0_2-eps-converted-to.pdf Graphic fi
le (type pdf)

<use chapters/chapter3/images/params/A/b2_r0_2-eps-converted-to.pdf>
Package pdftex.def Info: chapters/chapter3/images/params/A/b2_r0_2-eps-converte
d-to.pdf used on input line 51.
(pdftex.def)             Requested size: 226.24791pt x 175.45758pt.

Overfull \hbox (12.85223pt too wide) in paragraph at lines 51--52
 [][] 
 []

Package epstopdf Info: Source file: <chapters/chapter3/images/params/A/b2_r0.ep
s>
(epstopdf)                    date: 2015-05-05 21:51:30
(epstopdf)                    size: 262408 bytes
(epstopdf)             Output file: <chapters/chapter3/images/params/A/b2_r0-ep
s-converted-to.pdf>
(epstopdf)                    date: 2015-05-18 13:18:03
(epstopdf)                    size: 14239 bytes
(epstopdf)             Command: <repstopdf --outfile=chapters/chapter3/images/p
arams/A/b2_r0-eps-converted-to.pdf chapters/chapter3/images/params/A/b2_r0.eps>

(epstopdf)             \includegraphics on input line 56.
Package epstopdf Info: Output file is already uptodate.

<chapters/chapter3/images/params/A/b2_r0-eps-converted-to.pdf, id=255, 562.1pt 
x 421.575pt>
File: chapters/chapter3/images/params/A/b2_r0-eps-converted-to.pdf Graphic file
 (type pdf)

<use chapters/chapter3/images/params/A/b2_r0-eps-converted-to.pdf>
Package pdftex.def Info: chapters/chapter3/images/params/A/b2_r0-eps-converted-
to.pdf used on input line 56.
(pdftex.def)             Requested size: 204.54652pt x 175.45758pt.

Overfull \hbox (16.24776pt too wide) in paragraph at lines 49--58
[]$[]$   $[]$ 
 []

Package epstopdf Info: Source file: <chapters/chapter3/images/params/opt_thick_
w0.eps>
(epstopdf)                    date: 2015-05-29 17:54:21
(epstopdf)                    size: 189928 bytes
(epstopdf)             Output file: <chapters/chapter3/images/params/opt_thick_
w0-eps-converted-to.pdf>
(epstopdf)                    date: 2015-06-24 12:35:43
(epstopdf)                    size: 13513 bytes
(epstopdf)             Command: <repstopdf --outfile=chapters/chapter3/images/p
arams/opt_thick_w0-eps-converted-to.pdf chapters/chapter3/images/params/opt_thi
ck_w0.eps>
(epstopdf)             \includegraphics on input line 83.
Package epstopdf Info: Output file is already uptodate.

<chapters/chapter3/images/params/opt_thick_w0-eps-converted-to.pdf, id=257, 563
.10374pt x 421.575pt>
File: chapters/chapter3/images/params/opt_thick_w0-eps-converted-to.pdf Graphic
 file (type pdf)

<use chapters/chapter3/images/params/opt_thick_w0-eps-converted-to.pdf>
Package pdftex.def Info: chapters/chapter3/images/params/opt_thick_w0-eps-conve
rted-to.pdf used on input line 83.
(pdftex.def)             Requested size: 360.59615pt x 297.36017pt.
Package epstopdf Info: Source file: <chapters/chapter3/images/params/opt_thick_
w0_6.eps>
(epstopdf)                    date: 2015-05-29 18:08:12
(epstopdf)                    size: 189039 bytes
(epstopdf)             Output file: <chapters/chapter3/images/params/opt_thick_
w0_6-eps-converted-to.pdf>
(epstopdf)                    date: 2015-06-24 12:35:45
(epstopdf)                    size: 14577 bytes
(epstopdf)             Command: <repstopdf --outfile=chapters/chapter3/images/p
arams/opt_thick_w0_6-eps-converted-to.pdf chapters/chapter3/images/params/opt_t
hick_w0_6.eps>
(epstopdf)             \includegraphics on input line 87.
Package epstopdf Info: Output file is already uptodate.

<chapters/chapter3/images/params/opt_thick_w0_6-eps-converted-to.pdf, id=259, 5
62.1pt x 421.575pt>
File: chapters/chapter3/images/params/opt_thick_w0_6-eps-converted-to.pdf Graph
ic file (type pdf)

<use chapters/chapter3/images/params/opt_thick_w0_6-eps-converted-to.pdf>
Package pdftex.def Info: chapters/chapter3/images/params/opt_thick_w0_6-eps-con
verted-to.pdf used on input line 87.
(pdftex.def)             Requested size: 359.84335pt x 297.36017pt.


LaTeX Warning: Float too large for page by 21.53683pt on input line 91.

[61



] [62 <./chapters/chapter3/images/params/A/b0_r0_2-eps-converted-to.pdf> <./cha
pters/chapter3/images/params/A/b0_r0-eps-converted-to.pdf> <./chapters/chapter3
/images/params/A/b1_r0_2-eps-converted-to.pdf> <./chapters/chapter3/images/para
ms/A/b1_r0-eps-converted-to.pdf> <./chapters/chapter3/images/params/A/b2_r0_2-e
ps-converted-to.pdf> <./chapters/chapter3/images/params/A/b2_r0-eps-converted-t
o.pdf>] [63 <./chapters/chapter3/images/params/opt_thick_w0-eps-converted-to.pd
f> <./chapters/chapter3/images/params/opt_thick_w0_6-eps-converted-to.pdf>]
[64]) [65] [66]
:<-
:<+ chapters/chapter4/chapter4.tex
\openout2 = `chapters/chapter4/chapter4.aux'.

(./chapters/chapter4/chapter4.tex
Chapter 4.
Package epstopdf Info: Source file: <chapters/chapter4/images/params/D/newDall.
eps>
(epstopdf)                    date: 2015-05-04 20:56:27
(epstopdf)                    size: 252074 bytes
(epstopdf)             Output file: <chapters/chapter4/images/params/D/newDall-
eps-converted-to.pdf>
(epstopdf)                    date: 2015-05-18 13:18:22
(epstopdf)                    size: 24562 bytes
(epstopdf)             Command: <repstopdf --outfile=chapters/chapter4/images/p
arams/D/newDall-eps-converted-to.pdf chapters/chapter4/images/params/D/newDall.
eps>
(epstopdf)             \includegraphics on input line 16.
Package epstopdf Info: Output file is already uptodate.

<chapters/chapter4/images/params/D/newDall-eps-converted-to.pdf, id=470, 1049.9
225pt x 927.465pt>
File: chapters/chapter4/images/params/D/newDall-eps-converted-to.pdf Graphic fi
le (type pdf)

<use chapters/chapter4/images/params/D/newDall-eps-converted-to.pdf>
Package pdftex.def Info: chapters/chapter4/images/params/D/newDall-eps-converte
d-to.pdf used on input line 16.
(pdftex.def)             Requested size: 430.4541pt x 397.0296pt.

Overfull \hbox (3.66275pt too wide) in paragraph at lines 16--19
[][] 
 []

Package epstopdf Info: Source file: <chapters/chapter4/images/params/C/C_all.ep
s>
(epstopdf)                    date: 2015-05-04 18:48:38
(epstopdf)                    size: 272255 bytes
(epstopdf)             Output file: <chapters/chapter4/images/params/C/C_all-ep
s-converted-to.pdf>
(epstopdf)                    date: 2015-05-18 13:18:24
(epstopdf)                    size: 31563 bytes
(epstopdf)             Command: <repstopdf --outfile=chapters/chapter4/images/p
arams/C/C_all-eps-converted-to.pdf chapters/chapter4/images/params/C/C_all.eps>

(epstopdf)             \includegraphics on input line 24.
Package epstopdf Info: Output file is already uptodate.

<chapters/chapter4/images/params/C/C_all-eps-converted-to.pdf, id=472, 1098.102
5pt x 901.3675pt>
File: chapters/chapter4/images/params/C/C_all-eps-converted-to.pdf Graphic file
 (type pdf)

<use chapters/chapter4/images/params/C/C_all-eps-converted-to.pdf>
Package pdftex.def Info: chapters/chapter4/images/params/C/C_all-eps-converted-
to.pdf used on input line 24.
(pdftex.def)             Requested size: 439.93944pt x 371.73529pt.

Overfull \hbox (13.14809pt too wide) in paragraph at lines 24--27
[][] 
 []

[67





] [68 <./chapters/chapter4/images/params/D/newDall-eps-converted-to.pdf>]
[69 <./chapters/chapter4/images/params/C/C_all-eps-converted-to.pdf>]
Package epstopdf Info: Source file: <chapters/chapter4/images/Qext_grainsize_up
to4.eps>
(epstopdf)                    date: 2015-05-28 17:34:33
(epstopdf)                    size: 217906 bytes
(epstopdf)             Output file: <chapters/chapter4/images/Qext_grainsize_up
to4-eps-converted-to.pdf>
(epstopdf)                    date: 2015-06-25 16:48:17
(epstopdf)                    size: 23539 bytes
(epstopdf)             Command: <repstopdf --outfile=chapters/chapter4/images/Q
ext_grainsize_upto4-eps-converted-to.pdf chapters/chapter4/images/Qext_grainsiz
e_upto4.eps>
(epstopdf)             \includegraphics on input line 95.
Package epstopdf Info: Output file is already uptodate.

<chapters/chapter4/images/Qext_grainsize_upto4-eps-converted-to.pdf, id=528, 56
2.1pt x 421.575pt>
File: chapters/chapter4/images/Qext_grainsize_upto4-eps-converted-to.pdf Graphi
c file (type pdf)

<use chapters/chapter4/images/Qext_grainsize_upto4-eps-converted-to.pdf>
Package pdftex.def Info: chapters/chapter4/images/Qext_grainsize_upto4-eps-conv
erted-to.pdf used on input line 95.
(pdftex.def)             Requested size: 359.84335pt x 297.36017pt.
Package epstopdf Info: Source file: <chapters/chapter4/images/Qext_grainsize_up
to4_log.eps>
(epstopdf)                    date: 2015-05-28 17:33:52
(epstopdf)                    size: 219372 bytes
(epstopdf)             Output file: <chapters/chapter4/images/Qext_grainsize_up
to4_log-eps-converted-to.pdf>
(epstopdf)                    date: 2015-06-25 16:48:19
(epstopdf)                    size: 23424 bytes
(epstopdf)             Command: <repstopdf --outfile=chapters/chapter4/images/Q
ext_grainsize_upto4_log-eps-converted-to.pdf chapters/chapter4/images/Qext_grai
nsize_upto4_log.eps>
(epstopdf)             \includegraphics on input line 99.
Package epstopdf Info: Output file is already uptodate.

<chapters/chapter4/images/Qext_grainsize_upto4_log-eps-converted-to.pdf, id=530
, 562.1pt x 421.575pt>
File: chapters/chapter4/images/Qext_grainsize_upto4_log-eps-converted-to.pdf Gr
aphic file (type pdf)

<use chapters/chapter4/images/Qext_grainsize_upto4_log-eps-converted-to.pdf>
Package pdftex.def Info: chapters/chapter4/images/Qext_grainsize_upto4_log-eps-
converted-to.pdf used on input line 99.
(pdftex.def)             Requested size: 361.34898pt x 297.36017pt.


LaTeX Warning: Float too large for page by 7.93683pt on input line 103.

Package epstopdf Info: Source file: <chapters/chapter4/images/albedo_grainsize_
upto4.eps>
(epstopdf)                    date: 2015-05-28 17:37:10
(epstopdf)                    size: 218264 bytes
(epstopdf)             Output file: <chapters/chapter4/images/albedo_grainsize_
upto4-eps-converted-to.pdf>
(epstopdf)                    date: 2015-06-25 16:48:20
(epstopdf)                    size: 22890 bytes
(epstopdf)             Command: <repstopdf --outfile=chapters/chapter4/images/a
lbedo_grainsize_upto4-eps-converted-to.pdf chapters/chapter4/images/albedo_grai
nsize_upto4.eps>
(epstopdf)             \includegraphics on input line 108.
Package epstopdf Info: Output file is already uptodate.

<chapters/chapter4/images/albedo_grainsize_upto4-eps-converted-to.pdf, id=532, 
562.1pt x 421.575pt>
File: chapters/chapter4/images/albedo_grainsize_upto4-eps-converted-to.pdf Grap
hic file (type pdf)

<use chapters/chapter4/images/albedo_grainsize_upto4-eps-converted-to.pdf>
Package pdftex.def Info: chapters/chapter4/images/albedo_grainsize_upto4-eps-co
nverted-to.pdf used on input line 108.
(pdftex.def)             Requested size: 359.84335pt x 297.36017pt.
Package epstopdf Info: Source file: <chapters/chapter4/images/albedo_grainsize_
upto4_log.eps>
(epstopdf)                    date: 2015-05-28 17:39:25
(epstopdf)                    size: 219739 bytes
(epstopdf)             Output file: <chapters/chapter4/images/albedo_grainsize_
upto4_log-eps-converted-to.pdf>
(epstopdf)                    date: 2015-06-25 16:48:21
(epstopdf)                    size: 22786 bytes
(epstopdf)             Command: <repstopdf --outfile=chapters/chapter4/images/a
lbedo_grainsize_upto4_log-eps-converted-to.pdf chapters/chapter4/images/albedo_
grainsize_upto4_log.eps>
(epstopdf)             \includegraphics on input line 112.
Package epstopdf Info: Output file is already uptodate.

<chapters/chapter4/images/albedo_grainsize_upto4_log-eps-converted-to.pdf, id=5
34, 562.1pt x 421.575pt>
File: chapters/chapter4/images/albedo_grainsize_upto4_log-eps-converted-to.pdf 
Graphic file (type pdf)

<use chapters/chapter4/images/albedo_grainsize_upto4_log-eps-converted-to.pdf>
Package pdftex.def Info: chapters/chapter4/images/albedo_grainsize_upto4_log-ep
s-converted-to.pdf used on input line 112.
(pdftex.def)             Requested size: 361.34898pt x 297.36017pt.


LaTeX Warning: Float too large for page by 5.19933pt on input line 116.

[70] [71 <./chapters/chapter4/images/Qext_grainsize_upto4-eps-converted-to.pdf>
 <./chapters/chapter4/images/Qext_grainsize_upto4_log-eps-converted-to.pdf>]
[72 <./chapters/chapter4/images/albedo_grainsize_upto4-eps-converted-to.pdf> <.
/chapters/chapter4/images/albedo_grainsize_upto4_log-eps-converted-to.pdf>]
[73]
Package epstopdf Info: Source file: <chapters/chapter4/images/dustdep/a0_001_op
t_thin_HaHbPad.eps>
(epstopdf)                    date: 2015-05-20 18:27:57
(epstopdf)                    size: 251595 bytes
(epstopdf)             Output file: <chapters/chapter4/images/dustdep/a0_001_op
t_thin_HaHbPad-eps-converted-to.pdf>
(epstopdf)                    date: 2015-06-25 16:50:59
(epstopdf)                    size: 16057 bytes
(epstopdf)             Command: <repstopdf --outfile=chapters/chapter4/images/d
ustdep/a0_001_opt_thin_HaHbPad-eps-converted-to.pdf chapters/chapter4/images/du
stdep/a0_001_opt_thin_HaHbPad.eps>
(epstopdf)             \includegraphics on input line 238.
Package epstopdf Info: Output file is already uptodate.

<chapters/chapter4/images/dustdep/a0_001_opt_thin_HaHbPad-eps-converted-to.pdf,
 id=607, 562.1pt x 421.575pt>
File: chapters/chapter4/images/dustdep/a0_001_opt_thin_HaHbPad-eps-converted-to
.pdf Graphic file (type pdf)

<use chapters/chapter4/images/dustdep/a0_001_opt_thin_HaHbPad-eps-converted-to.
pdf>
Package pdftex.def Info: chapters/chapter4/images/dustdep/a0_001_opt_thin_HaHbP
ad-eps-converted-to.pdf used on input line 238.
(pdftex.def)             Requested size: 219.06633pt x 175.70477pt.

Overfull \hbox (5.67065pt too wide) in paragraph at lines 238--239
[][] 
 []

Package epstopdf Info: Source file: <chapters/chapter4/images/dustdep/a0_001_op
t_thick_HaHbPad.eps>
(epstopdf)                    date: 2015-05-20 18:38:05
(epstopdf)                    size: 250844 bytes
(epstopdf)             Output file: <chapters/chapter4/images/dustdep/a0_001_op
t_thick_HaHbPad-eps-converted-to.pdf>
(epstopdf)                    date: 2015-06-25 16:51:03
(epstopdf)                    size: 16083 bytes
(epstopdf)             Command: <repstopdf --outfile=chapters/chapter4/images/d
ustdep/a0_001_opt_thick_HaHbPad-eps-converted-to.pdf chapters/chapter4/images/d
ustdep/a0_001_opt_thick_HaHbPad.eps>
(epstopdf)             \includegraphics on input line 242.
Package epstopdf Info: Output file is already uptodate.

<chapters/chapter4/images/dustdep/a0_001_opt_thick_HaHbPad-eps-converted-to.pdf
, id=609, 562.1pt x 421.575pt>
File: chapters/chapter4/images/dustdep/a0_001_opt_thick_HaHbPad-eps-converted-t
o.pdf Graphic file (type pdf)

<use chapters/chapter4/images/dustdep/a0_001_opt_thick_HaHbPad-eps-converted-to
.pdf>
Package pdftex.def Info: chapters/chapter4/images/dustdep/a0_001_opt_thick_HaHb
Pad-eps-converted-to.pdf used on input line 242.
(pdftex.def)             Requested size: 205.96748pt x 175.70477pt.

Overfull \hbox (16.24776pt too wide) in paragraph at lines 237--244
[]$[]$   $[]$ 
 []


Underfull \hbox (badness 10000) in paragraph at lines 237--244

 []

Package epstopdf Info: Source file: <chapters/chapter4/images/dustdep/a0_1_opt_
thin_HaHbPad.eps>
(epstopdf)                    date: 2015-05-20 17:55:41
(epstopdf)                    size: 251686 bytes
(epstopdf)             Output file: <chapters/chapter4/images/dustdep/a0_1_opt_
thin_HaHbPad-eps-converted-to.pdf>
(epstopdf)                    date: 2015-06-25 16:51:00
(epstopdf)                    size: 16222 bytes
(epstopdf)             Command: <repstopdf --outfile=chapters/chapter4/images/d
ustdep/a0_1_opt_thin_HaHbPad-eps-converted-to.pdf chapters/chapter4/images/dust
dep/a0_1_opt_thin_HaHbPad.eps>
(epstopdf)             \includegraphics on input line 247.
Package epstopdf Info: Output file is already uptodate.

<chapters/chapter4/images/dustdep/a0_1_opt_thin_HaHbPad-eps-converted-to.pdf, i
d=611, 562.1pt x 421.575pt>
File: chapters/chapter4/images/dustdep/a0_1_opt_thin_HaHbPad-eps-converted-to.p
df Graphic file (type pdf)

<use chapters/chapter4/images/dustdep/a0_1_opt_thin_HaHbPad-eps-converted-to.pd
f>
Package pdftex.def Info: chapters/chapter4/images/dustdep/a0_1_opt_thin_HaHbPad
-eps-converted-to.pdf used on input line 247.
(pdftex.def)             Requested size: 219.06633pt x 175.70477pt.

Overfull \hbox (5.67065pt too wide) in paragraph at lines 247--248
[][] 
 []

Package epstopdf Info: Source file: <chapters/chapter4/images/dustdep/a0_1_opt_
thick_HaHbPad.eps>
(epstopdf)                    date: 2015-05-20 17:58:34
(epstopdf)                    size: 251740 bytes
(epstopdf)             Output file: <chapters/chapter4/images/dustdep/a0_1_opt_
thick_HaHbPad-eps-converted-to.pdf>
(epstopdf)                    date: 2015-06-25 16:51:04
(epstopdf)                    size: 16303 bytes
(epstopdf)             Command: <repstopdf --outfile=chapters/chapter4/images/d
ustdep/a0_1_opt_thick_HaHbPad-eps-converted-to.pdf chapters/chapter4/images/dus
tdep/a0_1_opt_thick_HaHbPad.eps>
(epstopdf)             \includegraphics on input line 251.
Package epstopdf Info: Output file is already uptodate.

<chapters/chapter4/images/dustdep/a0_1_opt_thick_HaHbPad-eps-converted-to.pdf, 
id=613, 562.1pt x 421.575pt>
File: chapters/chapter4/images/dustdep/a0_1_opt_thick_HaHbPad-eps-converted-to.
pdf Graphic file (type pdf)

<use chapters/chapter4/images/dustdep/a0_1_opt_thick_HaHbPad-eps-converted-to.p
df>
Package pdftex.def Info: chapters/chapter4/images/dustdep/a0_1_opt_thick_HaHbPa
d-eps-converted-to.pdf used on input line 251.
(pdftex.def)             Requested size: 205.96748pt x 175.70477pt.

Overfull \hbox (16.24776pt too wide) in paragraph at lines 245--253
[]$[]$   $[]$ 
 []


Underfull \hbox (badness 10000) in paragraph at lines 245--253

 []

Package epstopdf Info: Source file: <chapters/chapter4/images/dustdep/a1_opt_th
in_HaHbPad.eps>
(epstopdf)                    date: 2015-05-20 17:24:12
(epstopdf)                    size: 250719 bytes
(epstopdf)             Output file: <chapters/chapter4/images/dustdep/a1_opt_th
in_HaHbPad-eps-converted-to.pdf>
(epstopdf)                    date: 2015-06-25 16:51:02
(epstopdf)                    size: 16108 bytes
(epstopdf)             Command: <repstopdf --outfile=chapters/chapter4/images/d
ustdep/a1_opt_thin_HaHbPad-eps-converted-to.pdf chapters/chapter4/images/dustde
p/a1_opt_thin_HaHbPad.eps>
(epstopdf)             \includegraphics on input line 255.
Package epstopdf Info: Output file is already uptodate.

<chapters/chapter4/images/dustdep/a1_opt_thin_HaHbPad-eps-converted-to.pdf, id=
615, 562.1pt x 421.575pt>
File: chapters/chapter4/images/dustdep/a1_opt_thin_HaHbPad-eps-converted-to.pdf
 Graphic file (type pdf)

<use chapters/chapter4/images/dustdep/a1_opt_thin_HaHbPad-eps-converted-to.pdf>
Package pdftex.def Info: chapters/chapter4/images/dustdep/a1_opt_thin_HaHbPad-e
ps-converted-to.pdf used on input line 255.
(pdftex.def)             Requested size: 219.06633pt x 182.93172pt.

Overfull \hbox (5.67065pt too wide) in paragraph at lines 255--256
[][] 
 []

Package epstopdf Info: Source file: <chapters/chapter4/images/dustdep/a1_opt_th
ick_HaHbPad.eps>
(epstopdf)                    date: 2015-05-20 17:19:19
(epstopdf)                    size: 251666 bytes
(epstopdf)             Output file: <chapters/chapter4/images/dustdep/a1_opt_th
ick_HaHbPad-eps-converted-to.pdf>
(epstopdf)                    date: 2015-06-25 16:51:05
(epstopdf)                    size: 16728 bytes
(epstopdf)             Command: <repstopdf --outfile=chapters/chapter4/images/d
ustdep/a1_opt_thick_HaHbPad-eps-converted-to.pdf chapters/chapter4/images/dustd
ep/a1_opt_thick_HaHbPad.eps>
(epstopdf)             \includegraphics on input line 259.
Package epstopdf Info: Output file is already uptodate.

<chapters/chapter4/images/dustdep/a1_opt_thick_HaHbPad-eps-converted-to.pdf, id
=617, 562.1pt x 421.575pt>
File: chapters/chapter4/images/dustdep/a1_opt_thick_HaHbPad-eps-converted-to.pd
f Graphic file (type pdf)

<use chapters/chapter4/images/dustdep/a1_opt_thick_HaHbPad-eps-converted-to.pdf
>
Package pdftex.def Info: chapters/chapter4/images/dustdep/a1_opt_thick_HaHbPad-
eps-converted-to.pdf used on input line 259.
(pdftex.def)             Requested size: 209.58096pt x 182.93172pt.

Overfull \hbox (13.40248pt too wide) in paragraph at lines 254--261
[]$[]$   $[]$ 
 []

Package epstopdf Info: Source file: <chapters/chapter4/images/Qabs_a0_001.eps>
(epstopdf)                    date: 2015-05-20 19:27:54
(epstopdf)                    size: 183732 bytes
(epstopdf)             Output file: <chapters/chapter4/images/Qabs_a0_001-eps-c
onverted-to.pdf>
(epstopdf)                    date: 2015-06-25 16:52:05
(epstopdf)                    size: 12438 bytes
(epstopdf)             Command: <repstopdf --outfile=chapters/chapter4/images/Q
abs_a0_001-eps-converted-to.pdf chapters/chapter4/images/Qabs_a0_001.eps>
(epstopdf)             \includegraphics on input line 268.
Package epstopdf Info: Output file is already uptodate.

<chapters/chapter4/images/Qabs_a0_001-eps-converted-to.pdf, id=619, 562.1pt x 4
21.575pt>
File: chapters/chapter4/images/Qabs_a0_001-eps-converted-to.pdf Graphic file (t
ype pdf)
 <use chapters/chapter4/images/Qabs_a0_001-eps-converted-to.pdf>
Package pdftex.def Info: chapters/chapter4/images/Qabs_a0_001-eps-converted-to.
pdf used on input line 268.
(pdftex.def)             Requested size: 267.75105pt x 201.50336pt.

Underfull \hbox (badness 10000) in paragraph at lines 266--270

 []

Package epstopdf Info: Source file: <chapters/chapter4/images/Qabs_a0_1.eps>
(epstopdf)                    date: 2015-05-20 19:30:20
(epstopdf)                    size: 183461 bytes
(epstopdf)             Output file: <chapters/chapter4/images/Qabs_a0_1-eps-con
verted-to.pdf>
(epstopdf)                    date: 2015-06-25 16:52:06
(epstopdf)                    size: 12148 bytes
(epstopdf)             Command: <repstopdf --outfile=chapters/chapter4/images/Q
abs_a0_1-eps-converted-to.pdf chapters/chapter4/images/Qabs_a0_1.eps>
(epstopdf)             \includegraphics on input line 274.
Package epstopdf Info: Output file is already uptodate.

<chapters/chapter4/images/Qabs_a0_1-eps-converted-to.pdf, id=621, 562.1pt x 421
.575pt>
File: chapters/chapter4/images/Qabs_a0_1-eps-converted-to.pdf Graphic file (typ
e pdf)
 <use chapters/chapter4/images/Qabs_a0_1-eps-converted-to.pdf>
Package pdftex.def Info: chapters/chapter4/images/Qabs_a0_1-eps-converted-to.pd
f used on input line 274.
(pdftex.def)             Requested size: 267.75105pt x 201.50336pt.

Underfull \hbox (badness 10000) in paragraph at lines 271--276

 []

Package epstopdf Info: Source file: <chapters/chapter4/images/Qabs_a1_0.eps>
(epstopdf)                    date: 2015-05-20 19:25:53
(epstopdf)                    size: 183472 bytes
(epstopdf)             Output file: <chapters/chapter4/images/Qabs_a1_0-eps-con
verted-to.pdf>
(epstopdf)                    date: 2015-06-25 16:52:07
(epstopdf)                    size: 12301 bytes
(epstopdf)             Command: <repstopdf --outfile=chapters/chapter4/images/Q
abs_a1_0-eps-converted-to.pdf chapters/chapter4/images/Qabs_a1_0.eps>
(epstopdf)             \includegraphics on input line 279.
Package epstopdf Info: Output file is already uptodate.

<chapters/chapter4/images/Qabs_a1_0-eps-converted-to.pdf, id=623, 562.1pt x 421
.575pt>
File: chapters/chapter4/images/Qabs_a1_0-eps-converted-to.pdf Graphic file (typ
e pdf)
 <use chapters/chapter4/images/Qabs_a1_0-eps-converted-to.pdf>
Package pdftex.def Info: chapters/chapter4/images/Qabs_a1_0-eps-converted-to.pd
f used on input line 279.
(pdftex.def)             Requested size: 267.75105pt x 212.54466pt.


LaTeX Warning: Float too large for page by 31.76785pt on input line 283.

[74] [75 <./chapters/chapter4/images/dustdep/a0_001_opt_thin_HaHbPad-eps-conver
ted-to.pdf> <./chapters/chapter4/images/dustdep/a0_001_opt_thick_HaHbPad-eps-co
nverted-to.pdf> <./chapters/chapter4/images/dustdep/a0_1_opt_thin_HaHbPad-eps-c
onverted-to.pdf> <./chapters/chapter4/images/dustdep/a0_1_opt_thick_HaHbPad-eps
-converted-to.pdf> <./chapters/chapter4/images/dustdep/a1_opt_thin_HaHbPad-eps-
converted-to.pdf> <./chapters/chapter4/images/dustdep/a1_opt_thick_HaHbPad-eps-
converted-to.pdf>] [76 <./chapters/chapter4/images/Qabs_a0_001-eps-converted-to
.pdf> <./chapters/chapter4/images/Qabs_a0_1-eps-converted-to.pdf> <./chapters/c
hapter4/images/Qabs_a1_0-eps-converted-to.pdf>] [77] [78] [79]

Package natbib Warning: Citation `Ercolano2007' on page 80 undefined on input l
ine 429.

[80]) [81]
:<-
[82


]
:<+ chapters/chapter5/chapter5.tex
\openout2 = `chapters/chapter5/chapter5.aux'.

(./chapters/chapter5/chapter5.tex
Chapter 5.

Package natbib Warning: Citation `Spyromilio1991' on page 83 undefined on input
 line 35.


Package natbib Warning: Citation `Spyromilio1993a' on page 83 undefined on inpu
t line 35.


Package natbib Warning: Citation `Hanuschik1993' on page 83 undefined on input 
line 35.


Package natbib Warning: Citation `Spyromilio1991' on page 83 undefined on input
 line 46.


Package natbib Warning: Citation `Hanuschik1993' on page 83 undefined on input 
line 47.


Package natbib Warning: Citation `Spyromilio1993a' on page 83 undefined on inpu
t line 47.


Package natbib Warning: Citation `Hanuschik1993' on page 83 undefined on input 
line 48.


Package natbib Warning: Citation `Spyromilio1993a' on page 83 undefined on inpu
t line 48.


Package natbib Warning: Citation `Phillips1990' on page 83 undefined on input l
ine 49.


Package natbib Warning: Citation `Phillips1990' on page 83 undefined on input l
ine 50.


Package natbib Warning: Citation `Wang1996' on page 83 undefined on input line 
51.


Package natbib Warning: Citation `Wang1996' on page 83 undefined on input line 
52.


Package natbib Warning: Citation `Chugai1997' on page 83 undefined on input lin
e 53.


Package natbib Warning: Citation `Groeningsson2006' on page 83 undefined on inp
ut line 56.


Package natbib Warning: Citation `Groeningsson2007' on page 83 undefined on inp
ut line 56.


Package natbib Warning: Citation `Groeningsson2006' on page 83 undefined on inp
ut line 57.


Package natbib Warning: Citation `Groeningsson2007' on page 83 undefined on inp
ut line 57.


Package natbib Warning: Citation `Groningsson2008' on page 83 undefined on inpu
t line 57.


Package natbib Warning: Citation `Groeningsson2006' on page 83 undefined on inp
ut line 58.


Package natbib Warning: Citation `Groeningsson2007' on page 83 undefined on inp
ut line 58.


Package natbib Warning: Citation `Groeningsson2007' on page 83 undefined on inp
ut line 59.


Package natbib Warning: Citation `Tziamtzis2010' on page 83 undefined on input 
line 60.


Overfull \hbox (85.35825pt too wide) in paragraph at lines 38--64
[]$[]$ 
 []


LaTeX Warning: Reference `Ha_evol_early' on page 83 undefined on input line 68.



LaTeX Warning: Reference `Ha_evol_late' on page 83 undefined on input line 68.


Package natbib Warning: Citation `Groningsson2008' on page 83 undefined on inpu
t line 73.

[83



]
Overfull \hbox (86.13269pt too wide) in paragraph at lines 80--94
 [] 
 []


Overfull \hbox (85.35825pt too wide) in paragraph at lines 76--96
[]$[]$ 
 []

Package epstopdf Info: Source file: <chapters/chapter5/images/smooth/d714Ha_smo
oth_amC_MRN.eps>
(epstopdf)                    date: 2015-04-27 20:36:07
(epstopdf)                    size: 164093 bytes
(epstopdf)             Output file: <chapters/chapter5/images/smooth/d714Ha_smo
oth_amC_MRN-eps-converted-to.pdf>
(epstopdf)                    date: 2015-05-18 13:18:26
(epstopdf)                    size: 13382 bytes
(epstopdf)             Command: <repstopdf --outfile=chapters/chapter5/images/s
mooth/d714Ha_smooth_amC_MRN-eps-converted-to.pdf chapters/chapter5/images/smoot
h/d714Ha_smooth_amC_MRN.eps>
(epstopdf)             \includegraphics on input line 103.
Package epstopdf Info: Output file is already uptodate.

<chapters/chapter5/images/smooth/d714Ha_smooth_amC_MRN-eps-converted-to.pdf, id
=859, 562.1pt x 421.575pt>
File: chapters/chapter5/images/smooth/d714Ha_smooth_amC_MRN-eps-converted-to.pd
f Graphic file (type pdf)

<use chapters/chapter5/images/smooth/d714Ha_smooth_amC_MRN-eps-converted-to.pdf
>
Package pdftex.def Info: chapters/chapter5/images/smooth/d714Ha_smooth_amC_MRN-
eps-converted-to.pdf used on input line 103.
(pdftex.def)             Requested size: 244.69084pt x 202.20273pt.
Package epstopdf Info: Source file: <chapters/chapter5/images/smooth/best_fit/d
714Ha.eps>
(epstopdf)                    date: 2015-04-28 15:33:54
(epstopdf)                    size: 164089 bytes
(epstopdf)             Output file: <chapters/chapter5/images/smooth/best_fit/d
714Ha-eps-converted-to.pdf>
(epstopdf)                    date: 2015-05-18 13:18:27
(epstopdf)                    size: 13191 bytes
(epstopdf)             Command: <repstopdf --outfile=chapters/chapter5/images/s
mooth/best_fit/d714Ha-eps-converted-to.pdf chapters/chapter5/images/smooth/best
_fit/d714Ha.eps>
(epstopdf)             \includegraphics on input line 117.
Package epstopdf Info: Output file is already uptodate.

<chapters/chapter5/images/smooth/best_fit/d714Ha-eps-converted-to.pdf, id=861, 
562.1pt x 421.575pt>
File: chapters/chapter5/images/smooth/best_fit/d714Ha-eps-converted-to.pdf Grap
hic file (type pdf)

<use chapters/chapter5/images/smooth/best_fit/d714Ha-eps-converted-to.pdf>
Package pdftex.def Info: chapters/chapter5/images/smooth/best_fit/d714Ha-eps-co
nverted-to.pdf used on input line 117.
(pdftex.def)             Requested size: 244.69084pt x 202.20273pt.
Package epstopdf Info: Source file: <chapters/chapter5/images/smooth/best_fit/d
714OI.eps>
(epstopdf)                    date: 2015-04-28 18:35:01
(epstopdf)                    size: 164473 bytes
(epstopdf)             Output file: <chapters/chapter5/images/smooth/best_fit/d
714OI-eps-converted-to.pdf>
(epstopdf)                    date: 2015-05-18 13:18:29
(epstopdf)                    size: 13074 bytes
(epstopdf)             Command: <repstopdf --outfile=chapters/chapter5/images/s
mooth/best_fit/d714OI-eps-converted-to.pdf chapters/chapter5/images/smooth/best
_fit/d714OI.eps>
(epstopdf)             \includegraphics on input line 118.
Package epstopdf Info: Output file is already uptodate.

<chapters/chapter5/images/smooth/best_fit/d714OI-eps-converted-to.pdf, id=863, 
562.1pt x 421.575pt>
File: chapters/chapter5/images/smooth/best_fit/d714OI-eps-converted-to.pdf Grap
hic file (type pdf)

<use chapters/chapter5/images/smooth/best_fit/d714OI-eps-converted-to.pdf>
Package pdftex.def Info: chapters/chapter5/images/smooth/best_fit/d714OI-eps-co
nverted-to.pdf used on input line 118.
(pdftex.def)             Requested size: 244.69084pt x 202.20273pt.
Package epstopdf Info: Source file: <chapters/chapter5/images/smooth/best_fit/d
806Ha.eps>
(epstopdf)                    date: 2015-04-28 17:08:38
(epstopdf)                    size: 163807 bytes
(epstopdf)             Output file: <chapters/chapter5/images/smooth/best_fit/d
806Ha-eps-converted-to.pdf>
(epstopdf)                    date: 2015-05-18 13:18:30
(epstopdf)                    size: 13057 bytes
(epstopdf)             Command: <repstopdf --outfile=chapters/chapter5/images/s
mooth/best_fit/d806Ha-eps-converted-to.pdf chapters/chapter5/images/smooth/best
_fit/d806Ha.eps>
(epstopdf)             \includegraphics on input line 127.
Package epstopdf Info: Output file is already uptodate.

<chapters/chapter5/images/smooth/best_fit/d806Ha-eps-converted-to.pdf, id=865, 
562.1pt x 421.575pt>
File: chapters/chapter5/images/smooth/best_fit/d806Ha-eps-converted-to.pdf Grap
hic file (type pdf)

<use chapters/chapter5/images/smooth/best_fit/d806Ha-eps-converted-to.pdf>
Package pdftex.def Info: chapters/chapter5/images/smooth/best_fit/d806Ha-eps-co
nverted-to.pdf used on input line 127.
(pdftex.def)             Requested size: 244.69084pt x 202.20273pt.
Package epstopdf Info: Source file: <chapters/chapter5/images/smooth/best_fit/d
806OI.eps>
(epstopdf)                    date: 2015-04-28 19:09:07
(epstopdf)                    size: 164436 bytes
(epstopdf)             Output file: <chapters/chapter5/images/smooth/best_fit/d
806OI-eps-converted-to.pdf>
(epstopdf)                    date: 2015-05-18 13:18:31
(epstopdf)                    size: 13107 bytes
(epstopdf)             Command: <repstopdf --outfile=chapters/chapter5/images/s
mooth/best_fit/d806OI-eps-converted-to.pdf chapters/chapter5/images/smooth/best
_fit/d806OI.eps>
(epstopdf)             \includegraphics on input line 128.
Package epstopdf Info: Output file is already uptodate.

<chapters/chapter5/images/smooth/best_fit/d806OI-eps-converted-to.pdf, id=867, 
562.1pt x 421.575pt>
File: chapters/chapter5/images/smooth/best_fit/d806OI-eps-converted-to.pdf Grap
hic file (type pdf)

<use chapters/chapter5/images/smooth/best_fit/d806OI-eps-converted-to.pdf>
Package pdftex.def Info: chapters/chapter5/images/smooth/best_fit/d806OI-eps-co
nverted-to.pdf used on input line 128.
(pdftex.def)             Requested size: 244.69084pt x 202.20273pt.

[84]

LaTeX Warning: Reference `params' on page 85 undefined on input line 170.


Package natbib Warning: Citation `Ercolano2007' on page 85 undefined on input l
ine 174.


Package natbib Warning: Citation `Wesson2015' on page 85 undefined on input lin
e 174.

[85 <./chapters/chapter5/images/smooth/d714Ha_smooth_amC_MRN-eps-converted-to.p
df>] [86 <./chapters/chapter5/images/smooth/best_fit/d714Ha-eps-converted-to.pd
f> <./chapters/chapter5/images/smooth/best_fit/d714OI-eps-converted-to.pdf>]
[87 <./chapters/chapter5/images/smooth/best_fit/d806Ha-eps-converted-to.pdf> <.
/chapters/chapter5/images/smooth/best_fit/d806OI-eps-converted-to.pdf>]

LaTeX Warning: Reference `params' on page 88 undefined on input line 183.


LaTeX Warning: Reference `Ha_evol_early' on page 88 undefined on input line 208
.


Overfull \hbox (86.13269pt too wide) in paragraph at lines 216--230
 [] 
 []


Overfull \hbox (85.35825pt too wide) in paragraph at lines 212--232
[]$[]$ 
 []

Package epstopdf Info: Source file: <chapters/chapter5/images/smooth/best_fit/d
1862Ha.eps>
(epstopdf)                    date: 2015-04-28 17:52:27
(epstopdf)                    size: 169182 bytes
(epstopdf)             Output file: <chapters/chapter5/images/smooth/best_fit/d
1862Ha-eps-converted-to.pdf>
(epstopdf)                    date: 2015-05-18 13:18:32
(epstopdf)                    size: 14736 bytes
(epstopdf)             Command: <repstopdf --outfile=chapters/chapter5/images/s
mooth/best_fit/d1862Ha-eps-converted-to.pdf chapters/chapter5/images/smooth/bes
t_fit/d1862Ha.eps>
(epstopdf)             \includegraphics on input line 237.
Package epstopdf Info: Output file is already uptodate.

<chapters/chapter5/images/smooth/best_fit/d1862Ha-eps-converted-to.pdf, id=968,
 562.1pt x 421.575pt>
File: chapters/chapter5/images/smooth/best_fit/d1862Ha-eps-converted-to.pdf Gra
phic file (type pdf)

<use chapters/chapter5/images/smooth/best_fit/d1862Ha-eps-converted-to.pdf>
Package pdftex.def Info: chapters/chapter5/images/smooth/best_fit/d1862Ha-eps-c
onverted-to.pdf used on input line 237.
(pdftex.def)             Requested size: 167.92982pt x 138.7705pt.
Package epstopdf Info: Source file: <chapters/chapter5/images/smooth/best_fit/d
2875Ha.eps>
(epstopdf)                    date: 2015-04-28 17:56:10
(epstopdf)                    size: 168709 bytes
(epstopdf)             Output file: <chapters/chapter5/images/smooth/best_fit/d
2875Ha-eps-converted-to.pdf>
(epstopdf)                    date: 2015-05-18 13:18:34
(epstopdf)                    size: 15111 bytes
(epstopdf)             Command: <repstopdf --outfile=chapters/chapter5/images/s
mooth/best_fit/d2875Ha-eps-converted-to.pdf chapters/chapter5/images/smooth/bes
t_fit/d2875Ha.eps>
(epstopdf)             \includegraphics on input line 238.
Package epstopdf Info: Output file is already uptodate.

<chapters/chapter5/images/smooth/best_fit/d2875Ha-eps-converted-to.pdf, id=970,
 562.1pt x 421.575pt>
File: chapters/chapter5/images/smooth/best_fit/d2875Ha-eps-converted-to.pdf Gra
phic file (type pdf)

<use chapters/chapter5/images/smooth/best_fit/d2875Ha-eps-converted-to.pdf>
Package pdftex.def Info: chapters/chapter5/images/smooth/best_fit/d2875Ha-eps-c
onverted-to.pdf used on input line 238.
(pdftex.def)             Requested size: 161.6061pt x 138.7705pt.
Package epstopdf Info: Source file: <chapters/chapter5/images/smooth/best_fit/d
3604Ha.eps>
(epstopdf)                    date: 2015-04-28 18:02:09
(epstopdf)                    size: 168906 bytes
(epstopdf)             Output file: <chapters/chapter5/images/smooth/best_fit/d
3604Ha-eps-converted-to.pdf>
(epstopdf)                    date: 2015-05-18 13:18:35
(epstopdf)                    size: 15129 bytes
(epstopdf)             Command: <repstopdf --outfile=chapters/chapter5/images/s
mooth/best_fit/d3604Ha-eps-converted-to.pdf chapters/chapter5/images/smooth/bes
t_fit/d3604Ha.eps>
(epstopdf)             \includegraphics on input line 239.
Package epstopdf Info: Output file is already uptodate.

<chapters/chapter5/images/smooth/best_fit/d3604Ha-eps-converted-to.pdf, id=972,
 562.1pt x 421.575pt>
File: chapters/chapter5/images/smooth/best_fit/d3604Ha-eps-converted-to.pdf Gra
phic file (type pdf)

<use chapters/chapter5/images/smooth/best_fit/d3604Ha-eps-converted-to.pdf>
Package pdftex.def Info: chapters/chapter5/images/smooth/best_fit/d3604Ha-eps-c
onverted-to.pdf used on input line 239.
(pdftex.def)             Requested size: 161.6061pt x 138.7705pt.

[88] [89 <./chapters/chapter5/images/smooth/best_fit/d1862Ha-eps-converted-to.p
df> <./chapters/chapter5/images/smooth/best_fit/d2875Ha-eps-converted-to.pdf> <
./chapters/chapter5/images/smooth/best_fit/d3604Ha-eps-converted-to.pdf>]

Package natbib Warning: Citation `Ercolano2007' on page 90 undefined on input l
ine 267.


Package natbib Warning: Citation `Wesson2015' on page 90 undefined on input lin
e 267.


Package natbib Warning: Citation `Wesson2015' on page 90 undefined on input lin
e 290.

[90]
Overfull \hbox (85.35825pt too wide) in paragraph at lines 337--353
[]$[]$ 
 []

Package epstopdf Info: Source file: <chapters/chapter5/images/clump_1/best_fit/
d714Ha.eps>
(epstopdf)                    date: 2015-04-29 15:55:14
(epstopdf)                    size: 164083 bytes
(epstopdf)             Output file: <chapters/chapter5/images/clump_1/best_fit/
d714Ha-eps-converted-to.pdf>
(epstopdf)                    date: 2015-05-18 13:18:36
(epstopdf)                    size: 13193 bytes
(epstopdf)             Command: <repstopdf --outfile=chapters/chapter5/images/c
lump_1/best_fit/d714Ha-eps-converted-to.pdf chapters/chapter5/images/clump_1/be
st_fit/d714Ha.eps>
(epstopdf)             \includegraphics on input line 358.
Package epstopdf Info: Output file is already uptodate.

<chapters/chapter5/images/clump_1/best_fit/d714Ha-eps-converted-to.pdf, id=1034
, 562.1pt x 421.575pt>
File: chapters/chapter5/images/clump_1/best_fit/d714Ha-eps-converted-to.pdf Gra
phic file (type pdf)

<use chapters/chapter5/images/clump_1/best_fit/d714Ha-eps-converted-to.pdf>
Package pdftex.def Info: chapters/chapter5/images/clump_1/best_fit/d714Ha-eps-c
onverted-to.pdf used on input line 358.
(pdftex.def)             Requested size: 244.69084pt x 202.20273pt.
Package epstopdf Info: Source file: <chapters/chapter5/images/clump_1/best_fit/
d714OI.eps>
(epstopdf)                    date: 2015-04-29 13:24:51
(epstopdf)                    size: 164465 bytes
(epstopdf)             Output file: <chapters/chapter5/images/clump_1/best_fit/
d714OI-eps-converted-to.pdf>
(epstopdf)                    date: 2015-05-18 13:18:37
(epstopdf)                    size: 13059 bytes
(epstopdf)             Command: <repstopdf --outfile=chapters/chapter5/images/c
lump_1/best_fit/d714OI-eps-converted-to.pdf chapters/chapter5/images/clump_1/be
st_fit/d714OI.eps>
(epstopdf)             \includegraphics on input line 359.
Package epstopdf Info: Output file is already uptodate.

<chapters/chapter5/images/clump_1/best_fit/d714OI-eps-converted-to.pdf, id=1036
, 562.1pt x 421.575pt>
File: chapters/chapter5/images/clump_1/best_fit/d714OI-eps-converted-to.pdf Gra
phic file (type pdf)

<use chapters/chapter5/images/clump_1/best_fit/d714OI-eps-converted-to.pdf>
Package pdftex.def Info: chapters/chapter5/images/clump_1/best_fit/d714OI-eps-c
onverted-to.pdf used on input line 359.
(pdftex.def)             Requested size: 244.69084pt x 202.20273pt.
Package epstopdf Info: Source file: <chapters/chapter5/images/clump_1/best_fit/
d806Ha.eps>
(epstopdf)                    date: 2015-04-29 12:48:05
(epstopdf)                    size: 163938 bytes
(epstopdf)             Output file: <chapters/chapter5/images/clump_1/best_fit/
d806Ha-eps-converted-to.pdf>
(epstopdf)                    date: 2015-05-18 13:18:38
(epstopdf)                    size: 13026 bytes
(epstopdf)             Command: <repstopdf --outfile=chapters/chapter5/images/c
lump_1/best_fit/d806Ha-eps-converted-to.pdf chapters/chapter5/images/clump_1/be
st_fit/d806Ha.eps>
(epstopdf)             \includegraphics on input line 368.
Package epstopdf Info: Output file is already uptodate.

<chapters/chapter5/images/clump_1/best_fit/d806Ha-eps-converted-to.pdf, id=1038
, 562.1pt x 421.575pt>
File: chapters/chapter5/images/clump_1/best_fit/d806Ha-eps-converted-to.pdf Gra
phic file (type pdf)

<use chapters/chapter5/images/clump_1/best_fit/d806Ha-eps-converted-to.pdf>
Package pdftex.def Info: chapters/chapter5/images/clump_1/best_fit/d806Ha-eps-c
onverted-to.pdf used on input line 368.
(pdftex.def)             Requested size: 244.69084pt x 202.20273pt.
Package epstopdf Info: Source file: <chapters/chapter5/images/clump_1/best_fit/
d806OI.eps>
(epstopdf)                    date: 2015-04-29 14:02:07
(epstopdf)                    size: 164433 bytes
(epstopdf)             Output file: <chapters/chapter5/images/clump_1/best_fit/
d806OI-eps-converted-to.pdf>
(epstopdf)                    date: 2015-05-18 13:18:40
(epstopdf)                    size: 13110 bytes
(epstopdf)             Command: <repstopdf --outfile=chapters/chapter5/images/c
lump_1/best_fit/d806OI-eps-converted-to.pdf chapters/chapter5/images/clump_1/be
st_fit/d806OI.eps>
(epstopdf)             \includegraphics on input line 369.
Package epstopdf Info: Output file is already uptodate.

<chapters/chapter5/images/clump_1/best_fit/d806OI-eps-converted-to.pdf, id=1040
, 562.1pt x 421.575pt>
File: chapters/chapter5/images/clump_1/best_fit/d806OI-eps-converted-to.pdf Gra
phic file (type pdf)

<use chapters/chapter5/images/clump_1/best_fit/d806OI-eps-converted-to.pdf>
Package pdftex.def Info: chapters/chapter5/images/clump_1/best_fit/d806OI-eps-c
onverted-to.pdf used on input line 369.
(pdftex.def)             Requested size: 245.71466pt x 202.20273pt.


Package natbib Warning: Citation `Spyromilio1993a' on page 91 undefined on inpu
t line 396.


Package natbib Warning: Citation `Hanuschik1993' on page 91 undefined on input 
line 396.


Package natbib Warning: Citation `Hanuschik1993' on page 91 undefined on input 
line 400.

[91] [92 <./chapters/chapter5/images/clump_1/best_fit/d714Ha-eps-converted-to.p
df> <./chapters/chapter5/images/clump_1/best_fit/d714OI-eps-converted-to.pdf>]
Package epstopdf Info: Source file: <chapters/chapter5/images/clump_1/best_fit/
d1862Ha.eps>
(epstopdf)                    date: 2015-04-29 14:18:53
(epstopdf)                    size: 169502 bytes
(epstopdf)             Output file: <chapters/chapter5/images/clump_1/best_fit/
d1862Ha-eps-converted-to.pdf>
(epstopdf)                    date: 2015-05-18 13:18:41
(epstopdf)                    size: 14743 bytes
(epstopdf)             Command: <repstopdf --outfile=chapters/chapter5/images/c
lump_1/best_fit/d1862Ha-eps-converted-to.pdf chapters/chapter5/images/clump_1/b
est_fit/d1862Ha.eps>
(epstopdf)             \includegraphics on input line 405.
Package epstopdf Info: Output file is already uptodate.

<chapters/chapter5/images/clump_1/best_fit/d1862Ha-eps-converted-to.pdf, id=108
4, 562.1pt x 421.575pt>
File: chapters/chapter5/images/clump_1/best_fit/d1862Ha-eps-converted-to.pdf Gr
aphic file (type pdf)

<use chapters/chapter5/images/clump_1/best_fit/d1862Ha-eps-converted-to.pdf>
Package pdftex.def Info: chapters/chapter5/images/clump_1/best_fit/d1862Ha-eps-
converted-to.pdf used on input line 405.
(pdftex.def)             Requested size: 167.92982pt x 138.7705pt.
Package epstopdf Info: Source file: <chapters/chapter5/images/clump_1/best_fit/
d2875Ha.eps>
(epstopdf)                    date: 2015-04-29 14:30:40
(epstopdf)                    size: 168706 bytes
(epstopdf)             Output file: <chapters/chapter5/images/clump_1/best_fit/
d2875Ha-eps-converted-to.pdf>
(epstopdf)                    date: 2015-05-18 13:18:42
(epstopdf)                    size: 15121 bytes
(epstopdf)             Command: <repstopdf --outfile=chapters/chapter5/images/c
lump_1/best_fit/d2875Ha-eps-converted-to.pdf chapters/chapter5/images/clump_1/b
est_fit/d2875Ha.eps>
(epstopdf)             \includegraphics on input line 406.
Package epstopdf Info: Output file is already uptodate.

<chapters/chapter5/images/clump_1/best_fit/d2875Ha-eps-converted-to.pdf, id=108
6, 562.1pt x 421.575pt>
File: chapters/chapter5/images/clump_1/best_fit/d2875Ha-eps-converted-to.pdf Gr
aphic file (type pdf)

<use chapters/chapter5/images/clump_1/best_fit/d2875Ha-eps-converted-to.pdf>
Package pdftex.def Info: chapters/chapter5/images/clump_1/best_fit/d2875Ha-eps-
converted-to.pdf used on input line 406.
(pdftex.def)             Requested size: 161.6061pt x 138.7705pt.
Package epstopdf Info: Source file: <chapters/chapter5/images/clump_1/best_fit/
d3604Ha.eps>
(epstopdf)                    date: 2015-04-29 14:38:07
(epstopdf)                    size: 168905 bytes
(epstopdf)             Output file: <chapters/chapter5/images/clump_1/best_fit/
d3604Ha-eps-converted-to.pdf>
(epstopdf)                    date: 2015-05-18 13:18:43
(epstopdf)                    size: 15132 bytes
(epstopdf)             Command: <repstopdf --outfile=chapters/chapter5/images/c
lump_1/best_fit/d3604Ha-eps-converted-to.pdf chapters/chapter5/images/clump_1/b
est_fit/d3604Ha.eps>
(epstopdf)             \includegraphics on input line 407.
Package epstopdf Info: Output file is already uptodate.

<chapters/chapter5/images/clump_1/best_fit/d3604Ha-eps-converted-to.pdf, id=108
8, 562.1pt x 421.575pt>
File: chapters/chapter5/images/clump_1/best_fit/d3604Ha-eps-converted-to.pdf Gr
aphic file (type pdf)

<use chapters/chapter5/images/clump_1/best_fit/d3604Ha-eps-converted-to.pdf>
Package pdftex.def Info: chapters/chapter5/images/clump_1/best_fit/d3604Ha-eps-
converted-to.pdf used on input line 407.
(pdftex.def)             Requested size: 161.6061pt x 138.7705pt.
Package epstopdf Info: Source file: <chapters/chapter5/images/clump_1/maximum/d
1862Ha.eps>
(epstopdf)                    date: 2015-05-06 14:18:00
(epstopdf)                    size: 168561 bytes
(epstopdf)             Output file: <chapters/chapter5/images/clump_1/maximum/d
1862Ha-eps-converted-to.pdf>
(epstopdf)                    date: 2015-05-18 13:18:45
(epstopdf)                    size: 14698 bytes
(epstopdf)             Command: <repstopdf --outfile=chapters/chapter5/images/c
lump_1/maximum/d1862Ha-eps-converted-to.pdf chapters/chapter5/images/clump_1/ma
ximum/d1862Ha.eps>
(epstopdf)             \includegraphics on input line 411.
Package epstopdf Info: Output file is already uptodate.

<chapters/chapter5/images/clump_1/maximum/d1862Ha-eps-converted-to.pdf, id=1090
, 562.1pt x 421.575pt>
File: chapters/chapter5/images/clump_1/maximum/d1862Ha-eps-converted-to.pdf Gra
phic file (type pdf)

<use chapters/chapter5/images/clump_1/maximum/d1862Ha-eps-converted-to.pdf>
Package pdftex.def Info: chapters/chapter5/images/clump_1/maximum/d1862Ha-eps-c
onverted-to.pdf used on input line 411.
(pdftex.def)             Requested size: 167.92982pt x 138.7705pt.
Package epstopdf Info: Source file: <chapters/chapter5/images/clump_1/maximum/d
2875Ha.eps>
(epstopdf)                    date: 2015-05-06 13:28:38
(epstopdf)                    size: 168088 bytes
(epstopdf)             Output file: <chapters/chapter5/images/clump_1/maximum/d
2875Ha-eps-converted-to.pdf>
(epstopdf)                    date: 2015-05-18 13:18:46
(epstopdf)                    size: 15086 bytes
(epstopdf)             Command: <repstopdf --outfile=chapters/chapter5/images/c
lump_1/maximum/d2875Ha-eps-converted-to.pdf chapters/chapter5/images/clump_1/ma
ximum/d2875Ha.eps>
(epstopdf)             \includegraphics on input line 412.
Package epstopdf Info: Output file is already uptodate.

<chapters/chapter5/images/clump_1/maximum/d2875Ha-eps-converted-to.pdf, id=1092
, 562.1pt x 421.575pt>
File: chapters/chapter5/images/clump_1/maximum/d2875Ha-eps-converted-to.pdf Gra
phic file (type pdf)

<use chapters/chapter5/images/clump_1/maximum/d2875Ha-eps-converted-to.pdf>
Package pdftex.def Info: chapters/chapter5/images/clump_1/maximum/d2875Ha-eps-c
onverted-to.pdf used on input line 412.
(pdftex.def)             Requested size: 161.6061pt x 138.7705pt.
Package epstopdf Info: Source file: <chapters/chapter5/images/clump_1/maximum/d
3604Ha.eps>
(epstopdf)                    date: 2015-05-06 13:08:37
(epstopdf)                    size: 167801 bytes
(epstopdf)             Output file: <chapters/chapter5/images/clump_1/maximum/d
3604Ha-eps-converted-to.pdf>
(epstopdf)                    date: 2015-05-18 13:18:47
(epstopdf)                    size: 15090 bytes
(epstopdf)             Command: <repstopdf --outfile=chapters/chapter5/images/c
lump_1/maximum/d3604Ha-eps-converted-to.pdf chapters/chapter5/images/clump_1/ma
ximum/d3604Ha.eps>
(epstopdf)             \includegraphics on input line 413.
Package epstopdf Info: Output file is already uptodate.

<chapters/chapter5/images/clump_1/maximum/d3604Ha-eps-converted-to.pdf, id=1094
, 562.1pt x 421.575pt>
File: chapters/chapter5/images/clump_1/maximum/d3604Ha-eps-converted-to.pdf Gra
phic file (type pdf)

<use chapters/chapter5/images/clump_1/maximum/d3604Ha-eps-converted-to.pdf>
Package pdftex.def Info: chapters/chapter5/images/clump_1/maximum/d3604Ha-eps-c
onverted-to.pdf used on input line 413.
(pdftex.def)             Requested size: 161.6061pt x 138.7705pt.


Package natbib Warning: Citation `Kozma1997' on page 93 undefined on input line
 424.

[93 <./chapters/chapter5/images/clump_1/best_fit/d806Ha-eps-converted-to.pdf> <
./chapters/chapter5/images/clump_1/best_fit/d806OI-eps-converted-to.pdf>]
[94 <./chapters/chapter5/images/clump_1/best_fit/d1862Ha-eps-converted-to.pdf> 
<./chapters/chapter5/images/clump_1/best_fit/d2875Ha-eps-converted-to.pdf> <./c
hapters/chapter5/images/clump_1/best_fit/d3604Ha-eps-converted-to.pdf> <./chapt
ers/chapter5/images/clump_1/maximum/d1862Ha-eps-converted-to.pdf> <./chapters/c
hapter5/images/clump_1/maximum/d2875Ha-eps-converted-to.pdf> <./chapters/chapte
r5/images/clump_1/maximum/d3604Ha-eps-converted-to.pdf>]

LaTeX Warning: Reference `params' on page 95 undefined on input line 441.


Package natbib Warning: Citation `Matsuura2011' on page 95 undefined on input l
ine 478.

[95] [96]

Package natbib Warning: Citation `Hanner1988' on page 97 undefined on input lin
e 504.

Package epstopdf Info: Source file: <chapters/chapter5/images/Mdust_evol2.eps>
(epstopdf)                    date: 2015-05-21 14:32:23
(epstopdf)                    size: 267348 bytes
(epstopdf)             Output file: <chapters/chapter5/images/Mdust_evol2-eps-c
onverted-to.pdf>
(epstopdf)                    date: 2015-06-25 20:17:33
(epstopdf)                    size: 19313 bytes
(epstopdf)             Command: <repstopdf --outfile=chapters/chapter5/images/M
dust_evol2-eps-converted-to.pdf chapters/chapter5/images/Mdust_evol2.eps>
(epstopdf)             \includegraphics on input line 513.
Package epstopdf Info: Output file is already uptodate.

<chapters/chapter5/images/Mdust_evol2-eps-converted-to.pdf, id=1245, 1445.4pt x
 751.80875pt>
File: chapters/chapter5/images/Mdust_evol2-eps-converted-to.pdf Graphic file (t
ype pdf)
 <use chapters/chapter5/images/Mdust_evol2-eps-converted-to.pdf>
Package pdftex.def Info: chapters/chapter5/images/Mdust_evol2-eps-converted-to.
pdf used on input line 513.
(pdftex.def)             Requested size: 500.02107pt x 289.72423pt.

Overfull \hbox (73.22972pt too wide) in paragraph at lines 513--523
 [] 
 []

[97] [98 <./chapters/chapter5/images/Mdust_evol2-eps-converted-to.pdf>]

Package natbib Warning: Citation `Sarangi2015' on page 99 undefined on input li
ne 598.

[99]) [100]
:<-
:<+ chapters/chapter6/chapter6.tex
\openout2 = `chapters/chapter6/chapter6.aux'.

(./chapters/chapter6/chapter6.tex
Chapter 6.
) [101





]
:<-
[102


]
:<+ chapters/chapter7/chapter7.tex
\openout2 = `chapters/chapter7/chapter7.aux'.

(./chapters/chapter7/chapter7.tex
Chapter 7.
) [103



]
:<-
[104


]
:<+ thesis.bbl
(./thesis.bbl)
:<-
[105

] [106

]
:<+ back/backquote.tex
\openout2 = `back/backquote.aux'.

(./back/backquote.tex) [107


]
:<-
[108


]

Package natbib Warning: There were undefined citations.

(./thesis.aux (./front/declaration.aux) (./front/abstract.aux)
(./front/acknowledgements.aux) (./front/frontquote.aux) (./front/acronyms.aux)
(./chapters/chapter1/chapter1.aux) (./chapters/chapter2/chapter2.aux)
(./chapters/chapter3/chapter3.aux) (./chapters/chapter4/chapter4.aux)
(./chapters/chapter5/chapter5.aux) (./chapters/chapter6/chapter6.aux)
(./chapters/chapter7/chapter7.aux) (./back/backquote.aux))

LaTeX Warning: There were undefined references.

 ) 
Here is how much of TeX's memory you used:
 6568 strings out of 493117
 102265 string characters out of 6135433
 179879 words of memory out of 5000000
 9700 multiletter control sequences out of 15000+600000
 19286 words of font info for 71 fonts, out of 8000000 for 9000
 1141 hyphenation exceptions out of 8191
 42i,14n,45p,1565b,428s stack positions out of 5000i,500n,10000p,200000b,80000s
</usr/local/texlive/2014/texmf-dist/fonts/type1/public/amsfonts/cmextra/cmbsy
8.pfb></usr/local/texlive/2014/texmf-dist/fonts/type1/public/amsfonts/cm/cmbx10
.pfb></usr/local/texlive/2014/texmf-dist/fonts/type1/public/amsfonts/cm/cmbx12.
pfb></usr/local/texlive/2014/texmf-dist/fonts/type1/public/amsfonts/cm/cmbx8.pf
b></usr/local/texlive/2014/texmf-dist/fonts/type1/public/amsfonts/cm/cmcsc10.pf
b></usr/local/texlive/2014/texmf-dist/fonts/type1/public/amsfonts/cm/cmex10.pfb
></usr/local/texlive/2014/texmf-dist/fonts/type1/public/amsfonts/cm/cmmi10.pfb>
</usr/local/texlive/2014/texmf-dist/fonts/type1/public/amsfonts/cm/cmmi12.pfb><
/usr/local/texlive/2014/texmf-dist/fonts/type1/public/amsfonts/cm/cmmi6.pfb></u
sr/local/texlive/2014/texmf-dist/fonts/type1/public/amsfonts/cm/cmmi8.pfb></usr
/local/texlive/2014/texmf-dist/fonts/type1/public/amsfonts/cm/cmmib10.pfb></usr
/local/texlive/2014/texmf-dist/fonts/type1/public/amsfonts/cm/cmr10.pfb></usr/l
ocal/texlive/2014/texmf-dist/fonts/type1/public/amsfonts/cm/cmr12.pfb></usr/loc
al/texlive/2014/texmf-dist/fonts/type1/public/amsfonts/cm/cmr17.pfb></usr/local
/texlive/2014/texmf-dist/fonts/type1/public/amsfonts/cm/cmr6.pfb></usr/local/te
xlive/2014/texmf-dist/fonts/type1/public/amsfonts/cm/cmr8.pfb></usr/local/texli
ve/2014/texmf-dist/fonts/type1/public/amsfonts/cm/cmsy10.pfb></usr/local/texliv
e/2014/texmf-dist/fonts/type1/public/amsfonts/cm/cmsy6.pfb></usr/local/texlive/
2014/texmf-dist/fonts/type1/public/amsfonts/cm/cmsy8.pfb></usr/local/texlive/20
14/texmf-dist/fonts/type1/public/amsfonts/cm/cmti10.pfb></usr/local/texlive/201
4/texmf-dist/fonts/type1/public/amsfonts/cm/cmti12.pfb>
Output written on thesis.pdf (108 pages, 8099259 bytes).
PDF statistics:
 1372 PDF objects out of 1440 (max. 8388607)
 936 compressed objects within 10 object streams
 0 named destinations out of 1000 (max. 500000)
 510 words of extra memory for PDF output out of 10000 (max. 10000000)

